{"/Users/jsedwick/Projects/obsidian-mcp-server/src/templates.ts": {"path":"/Users/jsedwick/Projects/obsidian-mcp-server/src/templates.ts","statementMap":{"0":{"start":{"line":129,"column":20},"end":{"line":129,"column":null}},"1":{"start":{"line":130,"column":2},"end":{"line":130,"column":null}},"2":{"start":{"line":142,"column":40},"end":{"line":157,"column":null}},"3":{"start":{"line":160,"column":25},"end":{"line":160,"column":null}},"4":{"start":{"line":162,"column":2},"end":{"line":177,"column":null}},"5":{"start":{"line":198,"column":43},"end":{"line":204,"column":null}},"6":{"start":{"line":207,"column":25},"end":{"line":207,"column":null}},"7":{"start":{"line":211,"column":25},"end":{"line":211,"column":null}},"8":{"start":{"line":213,"column":2},"end":{"line":267,"column":null}},"9":{"start":{"line":215,"column":4},"end":{"line":234,"column":null}},"10":{"start":{"line":239,"column":4},"end":{"line":264,"column":null}},"11":{"start":{"line":280,"column":42},"end":{"line":290,"column":null}},"12":{"start":{"line":292,"column":2},"end":{"line":317,"column":null}},"13":{"start":{"line":341,"column":41},"end":{"line":350,"column":null}},"14":{"start":{"line":352,"column":2},"end":{"line":390,"column":null}},"15":{"start":{"line":414,"column":42},"end":{"line":422,"column":null}},"16":{"start":{"line":425,"column":25},"end":{"line":425,"column":null}},"17":{"start":{"line":428,"column":21},"end":{"line":428,"column":null}},"18":{"start":{"line":430,"column":2},"end":{"line":472,"column":null}},"19":{"start":{"line":452,"column":62},"end":{"line":452,"column":93}},"20":{"start":{"line":456,"column":62},"end":{"line":456,"column":97}},"21":{"start":{"line":460,"column":68},"end":{"line":460,"column":106}},"22":{"start":{"line":464,"column":62},"end":{"line":464,"column":90}},"23":{"start":{"line":468,"column":68},"end":{"line":468,"column":96}},"24":{"start":{"line":472,"column":66},"end":{"line":472,"column":93}},"25":{"start":{"line":485,"column":50},"end":{"line":492,"column":null}},"26":{"start":{"line":494,"column":2},"end":{"line":505,"column":null}},"27":{"start":{"line":520,"column":2},"end":{"line":526,"column":null}},"28":{"start":{"line":531,"column":2},"end":{"line":537,"column":null}},"29":{"start":{"line":543,"column":2},"end":{"line":548,"column":null}},"30":{"start":{"line":553,"column":2},"end":{"line":562,"column":null}},"31":{"start":{"line":567,"column":2},"end":{"line":575,"column":null}},"32":{"start":{"line":580,"column":2},"end":{"line":586,"column":null}}},"fnMap":{"0":{"name":"stripLeadingH1Header","decl":{"start":{"line":126,"column":9},"end":{"line":126,"column":30}},"loc":{"start":{"line":126,"column":55},"end":{"line":131,"column":null}},"line":126},"1":{"name":"generateTopicTemplate","decl":{"start":{"line":141,"column":16},"end":{"line":141,"column":38}},"loc":{"start":{"line":141,"column":71},"end":{"line":186,"column":null}},"line":141},"2":{"name":"generateDecisionTemplate","decl":{"start":{"line":197,"column":16},"end":{"line":197,"column":41}},"loc":{"start":{"line":197,"column":77},"end":{"line":268,"column":null}},"line":197},"3":{"name":"generateProjectTemplate","decl":{"start":{"line":279,"column":16},"end":{"line":279,"column":40}},"loc":{"start":{"line":279,"column":75},"end":{"line":322,"column":null}},"line":279},"4":{"name":"generateCommitTemplate","decl":{"start":{"line":340,"column":16},"end":{"line":340,"column":39}},"loc":{"start":{"line":340,"column":73},"end":{"line":392,"column":null}},"line":340},"5":{"name":"generateSessionTemplate","decl":{"start":{"line":413,"column":16},"end":{"line":413,"column":40}},"loc":{"start":{"line":413,"column":75},"end":{"line":474,"column":null}},"line":413},"6":{"name":"(anonymous_6)","decl":{"start":{"line":452,"column":57},"end":{"line":452,"column":62}},"loc":{"start":{"line":452,"column":62},"end":{"line":452,"column":93}},"line":452},"7":{"name":"(anonymous_7)","decl":{"start":{"line":456,"column":57},"end":{"line":456,"column":62}},"loc":{"start":{"line":456,"column":62},"end":{"line":456,"column":97}},"line":456},"8":{"name":"(anonymous_8)","decl":{"start":{"line":460,"column":63},"end":{"line":460,"column":68}},"loc":{"start":{"line":460,"column":68},"end":{"line":460,"column":106}},"line":460},"9":{"name":"(anonymous_9)","decl":{"start":{"line":464,"column":57},"end":{"line":464,"column":62}},"loc":{"start":{"line":464,"column":62},"end":{"line":464,"column":90}},"line":464},"10":{"name":"(anonymous_10)","decl":{"start":{"line":468,"column":63},"end":{"line":468,"column":68}},"loc":{"start":{"line":468,"column":68},"end":{"line":468,"column":96}},"line":468},"11":{"name":"(anonymous_11)","decl":{"start":{"line":472,"column":61},"end":{"line":472,"column":66}},"loc":{"start":{"line":472,"column":66},"end":{"line":472,"column":93}},"line":472},"12":{"name":"generatePersistentIssueTemplate","decl":{"start":{"line":484,"column":16},"end":{"line":484,"column":48}},"loc":{"start":{"line":484,"column":91},"end":{"line":510,"column":null}},"line":484},"13":{"name":"validateSessionFrontmatter","decl":{"start":{"line":519,"column":16},"end":{"line":519,"column":43}},"loc":{"start":{"line":519,"column":78},"end":{"line":528,"column":null}},"line":519},"14":{"name":"validateTopicFrontmatter","decl":{"start":{"line":530,"column":16},"end":{"line":530,"column":41}},"loc":{"start":{"line":530,"column":74},"end":{"line":540,"column":null}},"line":530},"15":{"name":"validateDecisionFrontmatter","decl":{"start":{"line":542,"column":16},"end":{"line":542,"column":44}},"loc":{"start":{"line":542,"column":80},"end":{"line":550,"column":null}},"line":542},"16":{"name":"validateProjectFrontmatter","decl":{"start":{"line":552,"column":16},"end":{"line":552,"column":43}},"loc":{"start":{"line":552,"column":78},"end":{"line":564,"column":null}},"line":552},"17":{"name":"validateCommitFrontmatter","decl":{"start":{"line":566,"column":16},"end":{"line":566,"column":42}},"loc":{"start":{"line":566,"column":76},"end":{"line":577,"column":null}},"line":566},"18":{"name":"validatePersistentIssueFrontmatter","decl":{"start":{"line":579,"column":16},"end":{"line":579,"column":51}},"loc":{"start":{"line":579,"column":94},"end":{"line":588,"column":null}},"line":579}},"branchMap":{"0":{"loc":{"start":{"line":148,"column":10},"end":{"line":148,"column":null}},"type":"binary-expr","locations":[{"start":{"line":148,"column":10},"end":{"line":148,"column":23}},{"start":{"line":148,"column":23},"end":{"line":148,"column":null}}],"line":148},"1":{"loc":{"start":{"line":213,"column":2},"end":{"line":267,"column":null}},"type":"if","locations":[{"start":{"line":213,"column":2},"end":{"line":267,"column":null}},{"start":{"line":237,"column":9},"end":{"line":267,"column":null}}],"line":213},"2":{"loc":{"start":{"line":234,"column":2},"end":{"line":234,"column":63}},"type":"cond-expr","locations":[{"start":{"line":234,"column":26},"end":{"line":234,"column":61}},{"start":{"line":234,"column":61},"end":{"line":234,"column":63}}],"line":234},"3":{"loc":{"start":{"line":250,"column":2},"end":{"line":250,"column":53}},"type":"binary-expr","locations":[{"start":{"line":250,"column":2},"end":{"line":250,"column":18}},{"start":{"line":250,"column":18},"end":{"line":250,"column":53}}],"line":250},"4":{"loc":{"start":{"line":264,"column":2},"end":{"line":264,"column":63}},"type":"cond-expr","locations":[{"start":{"line":264,"column":26},"end":{"line":264,"column":61}},{"start":{"line":264,"column":61},"end":{"line":264,"column":63}}],"line":264},"5":{"loc":{"start":{"line":284,"column":14},"end":{"line":284,"column":null}},"type":"binary-expr","locations":[{"start":{"line":284,"column":14},"end":{"line":284,"column":30}},{"start":{"line":284,"column":30},"end":{"line":284,"column":null}}],"line":284},"6":{"loc":{"start":{"line":311,"column":24},"end":{"line":311,"column":48}},"type":"binary-expr","locations":[{"start":{"line":311,"column":24},"end":{"line":311,"column":39}},{"start":{"line":311,"column":39},"end":{"line":311,"column":48}}],"line":311},"7":{"loc":{"start":{"line":312,"column":16},"end":{"line":312,"column":37}},"type":"binary-expr","locations":[{"start":{"line":312,"column":16},"end":{"line":312,"column":32}},{"start":{"line":312,"column":32},"end":{"line":312,"column":37}}],"line":312},"8":{"loc":{"start":{"line":317,"column":2},"end":{"line":317,"column":63}},"type":"cond-expr","locations":[{"start":{"line":317,"column":26},"end":{"line":317,"column":61}},{"start":{"line":317,"column":61},"end":{"line":317,"column":63}}],"line":317},"9":{"loc":{"start":{"line":418,"column":12},"end":{"line":418,"column":null}},"type":"cond-expr","locations":[{"start":{"line":418,"column":25},"end":{"line":418,"column":60}},{"start":{"line":418,"column":60},"end":{"line":418,"column":null}}],"line":418},"10":{"loc":{"start":{"line":421,"column":10},"end":{"line":421,"column":null}},"type":"binary-expr","locations":[{"start":{"line":421,"column":10},"end":{"line":421,"column":23}},{"start":{"line":421,"column":23},"end":{"line":421,"column":null}}],"line":421},"11":{"loc":{"start":{"line":428,"column":21},"end":{"line":428,"column":null}},"type":"cond-expr","locations":[{"start":{"line":428,"column":40},"end":{"line":428,"column":75}},{"start":{"line":428,"column":75},"end":{"line":428,"column":null}}],"line":428},"12":{"loc":{"start":{"line":440,"column":13},"end":{"line":440,"column":41}},"type":"binary-expr","locations":[{"start":{"line":440,"column":13},"end":{"line":440,"column":27}},{"start":{"line":440,"column":27},"end":{"line":440,"column":41}}],"line":440},"13":{"loc":{"start":{"line":448,"column":2},"end":{"line":448,"column":38}},"type":"binary-expr","locations":[{"start":{"line":448,"column":2},"end":{"line":448,"column":18}},{"start":{"line":448,"column":18},"end":{"line":448,"column":38}}],"line":448},"14":{"loc":{"start":{"line":452,"column":2},"end":{"line":452,"column":128}},"type":"cond-expr","locations":[{"start":{"line":452,"column":34},"end":{"line":452,"column":108}},{"start":{"line":452,"column":108},"end":{"line":452,"column":128}}],"line":452},"15":{"loc":{"start":{"line":456,"column":2},"end":{"line":456,"column":133}},"type":"cond-expr","locations":[{"start":{"line":456,"column":34},"end":{"line":456,"column":112}},{"start":{"line":456,"column":112},"end":{"line":456,"column":133}}],"line":456},"16":{"loc":{"start":{"line":460,"column":2},"end":{"line":460,"column":142}},"type":"cond-expr","locations":[{"start":{"line":460,"column":37},"end":{"line":460,"column":121}},{"start":{"line":460,"column":121},"end":{"line":460,"column":142}}],"line":460},"17":{"loc":{"start":{"line":464,"column":2},"end":{"line":464,"column":119}},"type":"cond-expr","locations":[{"start":{"line":464,"column":34},"end":{"line":464,"column":105}},{"start":{"line":464,"column":105},"end":{"line":464,"column":119}}],"line":464},"18":{"loc":{"start":{"line":468,"column":2},"end":{"line":468,"column":125}},"type":"cond-expr","locations":[{"start":{"line":468,"column":37},"end":{"line":468,"column":111}},{"start":{"line":468,"column":111},"end":{"line":468,"column":125}}],"line":468},"19":{"loc":{"start":{"line":472,"column":2},"end":{"line":472,"column":122}},"type":"cond-expr","locations":[{"start":{"line":472,"column":36},"end":{"line":472,"column":108}},{"start":{"line":472,"column":108},"end":{"line":472,"column":122}}],"line":472},"20":{"loc":{"start":{"line":505,"column":2},"end":{"line":505,"column":49}},"type":"binary-expr","locations":[{"start":{"line":505,"column":2},"end":{"line":505,"column":22}},{"start":{"line":505,"column":22},"end":{"line":505,"column":49}}],"line":505},"21":{"loc":{"start":{"line":521,"column":4},"end":{"line":526,"column":null}},"type":"binary-expr","locations":[{"start":{"line":521,"column":4},"end":{"line":521,"column":null}},{"start":{"line":522,"column":4},"end":{"line":522,"column":null}},{"start":{"line":523,"column":4},"end":{"line":523,"column":null}},{"start":{"line":524,"column":4},"end":{"line":524,"column":null}},{"start":{"line":525,"column":4},"end":{"line":525,"column":null}},{"start":{"line":526,"column":5},"end":{"line":526,"column":32}},{"start":{"line":526,"column":32},"end":{"line":526,"column":null}}],"line":521},"22":{"loc":{"start":{"line":532,"column":4},"end":{"line":537,"column":null}},"type":"binary-expr","locations":[{"start":{"line":532,"column":4},"end":{"line":532,"column":null}},{"start":{"line":533,"column":4},"end":{"line":533,"column":null}},{"start":{"line":534,"column":4},"end":{"line":534,"column":null}},{"start":{"line":535,"column":4},"end":{"line":535,"column":null}},{"start":{"line":536,"column":4},"end":{"line":536,"column":null}},{"start":{"line":537,"column":4},"end":{"line":537,"column":null}}],"line":532},"23":{"loc":{"start":{"line":544,"column":4},"end":{"line":548,"column":null}},"type":"binary-expr","locations":[{"start":{"line":544,"column":4},"end":{"line":544,"column":null}},{"start":{"line":545,"column":4},"end":{"line":545,"column":null}},{"start":{"line":546,"column":4},"end":{"line":546,"column":null}},{"start":{"line":547,"column":4},"end":{"line":547,"column":null}},{"start":{"line":548,"column":4},"end":{"line":548,"column":null}}],"line":544},"24":{"loc":{"start":{"line":554,"column":4},"end":{"line":562,"column":null}},"type":"binary-expr","locations":[{"start":{"line":554,"column":4},"end":{"line":554,"column":null}},{"start":{"line":555,"column":4},"end":{"line":555,"column":null}},{"start":{"line":556,"column":4},"end":{"line":556,"column":null}},{"start":{"line":557,"column":4},"end":{"line":557,"column":null}},{"start":{"line":558,"column":4},"end":{"line":558,"column":null}},{"start":{"line":559,"column":4},"end":{"line":559,"column":null}},{"start":{"line":560,"column":4},"end":{"line":560,"column":null}},{"start":{"line":561,"column":4},"end":{"line":561,"column":null}},{"start":{"line":562,"column":4},"end":{"line":562,"column":null}}],"line":554},"25":{"loc":{"start":{"line":568,"column":4},"end":{"line":575,"column":null}},"type":"binary-expr","locations":[{"start":{"line":568,"column":4},"end":{"line":568,"column":null}},{"start":{"line":569,"column":4},"end":{"line":569,"column":null}},{"start":{"line":570,"column":4},"end":{"line":570,"column":null}},{"start":{"line":571,"column":4},"end":{"line":571,"column":null}},{"start":{"line":572,"column":4},"end":{"line":572,"column":null}},{"start":{"line":573,"column":4},"end":{"line":573,"column":null}},{"start":{"line":574,"column":4},"end":{"line":574,"column":null}},{"start":{"line":575,"column":4},"end":{"line":575,"column":null}}],"line":568},"26":{"loc":{"start":{"line":581,"column":4},"end":{"line":586,"column":null}},"type":"binary-expr","locations":[{"start":{"line":581,"column":4},"end":{"line":581,"column":null}},{"start":{"line":582,"column":4},"end":{"line":582,"column":null}},{"start":{"line":583,"column":5},"end":{"line":583,"column":31}},{"start":{"line":583,"column":31},"end":{"line":583,"column":null}},{"start":{"line":584,"column":4},"end":{"line":584,"column":null}},{"start":{"line":585,"column":5},"end":{"line":585,"column":31}},{"start":{"line":585,"column":31},"end":{"line":585,"column":59}},{"start":{"line":585,"column":59},"end":{"line":585,"column":null}},{"start":{"line":586,"column":4},"end":{"line":586,"column":null}}],"line":581}},"s":{"0":19,"1":19,"2":14,"3":14,"4":14,"5":0,"6":0,"7":0,"8":0,"9":0,"10":0,"11":0,"12":0,"13":0,"14":0,"15":5,"16":5,"17":5,"18":5,"19":0,"20":0,"21":0,"22":0,"23":0,"24":0,"25":0,"26":0,"27":0,"28":0,"29":0,"30":0,"31":0,"32":0},"f":{"0":19,"1":14,"2":0,"3":0,"4":0,"5":5,"6":0,"7":0,"8":0,"9":0,"10":0,"11":0,"12":0,"13":0,"14":0,"15":0,"16":0,"17":0,"18":0},"b":{"0":[14,14],"1":[0,0],"2":[0,0],"3":[0,0],"4":[0,0],"5":[0,0],"6":[0,0],"7":[0,0],"8":[0,0],"9":[2,3],"10":[5,0],"11":[0,5],"12":[5,3],"13":[5,5],"14":[0,5],"15":[0,5],"16":[0,5],"17":[0,5],"18":[0,5],"19":[0,5],"20":[0,0],"21":[0,0,0,0,0,0,0],"22":[0,0,0,0,0,0],"23":[0,0,0,0,0],"24":[0,0,0,0,0,0,0,0,0],"25":[0,0,0,0,0,0,0,0],"26":[0,0,0,0,0,0,0,0,0]},"meta":{"lastBranch":27,"lastFunction":19,"lastStatement":33,"seen":{"f:126:9:126:30":0,"s:129:20:129:Infinity":0,"s:130:2:130:Infinity":1,"f:141:16:141:38":1,"s:142:40:157:Infinity":2,"b:148:10:148:23:148:23:148:Infinity":0,"s:160:25:160:Infinity":3,"s:162:2:177:Infinity":4,"f:197:16:197:41":2,"s:198:43:204:Infinity":5,"s:207:25:207:Infinity":6,"s:211:25:211:Infinity":7,"b:213:2:267:Infinity:237:9:267:Infinity":1,"s:213:2:267:Infinity":8,"s:215:4:234:Infinity":9,"b:234:26:234:61:234:61:234:63":2,"s:239:4:264:Infinity":10,"b:250:2:250:18:250:18:250:53":3,"b:264:26:264:61:264:61:264:63":4,"f:279:16:279:40":3,"s:280:42:290:Infinity":11,"b:284:14:284:30:284:30:284:Infinity":5,"s:292:2:317:Infinity":12,"b:311:24:311:39:311:39:311:48":6,"b:312:16:312:32:312:32:312:37":7,"b:317:26:317:61:317:61:317:63":8,"f:340:16:340:39":4,"s:341:41:350:Infinity":13,"s:352:2:390:Infinity":14,"f:413:16:413:40":5,"s:414:42:422:Infinity":15,"b:418:25:418:60:418:60:418:Infinity":9,"b:421:10:421:23:421:23:421:Infinity":10,"s:425:25:425:Infinity":16,"s:428:21:428:Infinity":17,"b:428:40:428:75:428:75:428:Infinity":11,"s:430:2:472:Infinity":18,"b:440:13:440:27:440:27:440:41":12,"b:448:2:448:18:448:18:448:38":13,"b:452:34:452:108:452:108:452:128":14,"f:452:57:452:62":6,"s:452:62:452:93":19,"b:456:34:456:112:456:112:456:133":15,"f:456:57:456:62":7,"s:456:62:456:97":20,"b:460:37:460:121:460:121:460:142":16,"f:460:63:460:68":8,"s:460:68:460:106":21,"b:464:34:464:105:464:105:464:119":17,"f:464:57:464:62":9,"s:464:62:464:90":22,"b:468:37:468:111:468:111:468:125":18,"f:468:63:468:68":10,"s:468:68:468:96":23,"b:472:36:472:108:472:108:472:122":19,"f:472:61:472:66":11,"s:472:66:472:93":24,"f:484:16:484:48":12,"s:485:50:492:Infinity":25,"s:494:2:505:Infinity":26,"b:505:2:505:22:505:22:505:49":20,"f:519:16:519:43":13,"s:520:2:526:Infinity":27,"b:521:4:521:Infinity:522:4:522:Infinity:523:4:523:Infinity:524:4:524:Infinity:525:4:525:Infinity:526:5:526:32:526:32:526:Infinity":21,"f:530:16:530:41":14,"s:531:2:537:Infinity":28,"b:532:4:532:Infinity:533:4:533:Infinity:534:4:534:Infinity:535:4:535:Infinity:536:4:536:Infinity:537:4:537:Infinity":22,"f:542:16:542:44":15,"s:543:2:548:Infinity":29,"b:544:4:544:Infinity:545:4:545:Infinity:546:4:546:Infinity:547:4:547:Infinity:548:4:548:Infinity":23,"f:552:16:552:43":16,"s:553:2:562:Infinity":30,"b:554:4:554:Infinity:555:4:555:Infinity:556:4:556:Infinity:557:4:557:Infinity:558:4:558:Infinity:559:4:559:Infinity:560:4:560:Infinity:561:4:561:Infinity:562:4:562:Infinity":24,"f:566:16:566:42":17,"s:567:2:575:Infinity":31,"b:568:4:568:Infinity:569:4:569:Infinity:570:4:570:Infinity:571:4:571:Infinity:572:4:572:Infinity:573:4:573:Infinity:574:4:574:Infinity:575:4:575:Infinity":25,"f:579:16:579:51":18,"s:580:2:586:Infinity":32,"b:581:4:581:Infinity:582:4:582:Infinity:583:5:583:31:583:31:583:Infinity:584:4:584:Infinity:585:5:585:31:585:31:585:59:585:59:585:Infinity:586:4:586:Infinity":26}}}
,"/Users/jsedwick/Projects/obsidian-mcp-server/src/models/IndexModels.ts": {"path":"/Users/jsedwick/Projects/obsidian-mcp-server/src/models/IndexModels.ts","statementMap":{"0":{"start":{"line":46,"column":7},"end":{"line":46,"column":null}},"1":{"start":{"line":47,"column":2},"end":{"line":47,"column":null}},"2":{"start":{"line":48,"column":2},"end":{"line":48,"column":null}},"3":{"start":{"line":49,"column":2},"end":{"line":49,"column":null}},"4":{"start":{"line":50,"column":2},"end":{"line":50,"column":null}},"5":{"start":{"line":46,"column":12},"end":{"line":46,"column":null}},"6":{"start":{"line":67,"column":49},"end":{"line":72,"column":null}},"7":{"start":{"line":152,"column":51},"end":{"line":155,"column":null}},"8":{"start":{"line":177,"column":65},"end":{"line":196,"column":null}},"9":{"start":{"line":321,"column":56},"end":{"line":330,"column":null}}},"fnMap":{"0":{"name":"(anonymous_0)","decl":{"start":{"line":46,"column":7},"end":{"line":46,"column":12}},"loc":{"start":{"line":46,"column":7},"end":{"line":46,"column":null}},"line":46}},"branchMap":{"0":{"loc":{"start":{"line":46,"column":12},"end":{"line":46,"column":null}},"type":"binary-expr","locations":[{"start":{"line":46,"column":12},"end":{"line":46,"column":null}},{"start":{"line":46,"column":12},"end":{"line":46,"column":null}}],"line":46}},"s":{"0":8,"1":8,"2":8,"3":8,"4":8,"5":8,"6":8,"7":8,"8":8,"9":8},"f":{"0":8},"b":{"0":[8,8]},"meta":{"lastBranch":1,"lastFunction":1,"lastStatement":10,"seen":{"s:46:7:46:Infinity":0,"f:46:7:46:12":0,"s:47:2:47:Infinity":1,"s:48:2:48:Infinity":2,"s:49:2:49:Infinity":3,"s:50:2:50:Infinity":4,"s:46:12:46:Infinity":5,"b:46:12:46:Infinity:46:12:46:Infinity":0,"s:67:49:72:Infinity":6,"s:152:51:155:Infinity":7,"s:177:65:196:Infinity":8,"s:321:56:330:Infinity":9}}}
,"/Users/jsedwick/Projects/obsidian-mcp-server/src/models/Search.ts": {"path":"/Users/jsedwick/Projects/obsidian-mcp-server/src/models/Search.ts","statementMap":{"0":{"start":{"line":13,"column":7},"end":{"line":13,"column":null}},"1":{"start":{"line":14,"column":2},"end":{"line":14,"column":null}},"2":{"start":{"line":15,"column":2},"end":{"line":15,"column":null}},"3":{"start":{"line":16,"column":2},"end":{"line":16,"column":null}},"4":{"start":{"line":17,"column":2},"end":{"line":17,"column":null}},"5":{"start":{"line":13,"column":12},"end":{"line":13,"column":null}},"6":{"start":{"line":24,"column":21},"end":{"line":24,"column":null}},"7":{"start":{"line":25,"column":2},"end":{"line":36,"column":null}},"8":{"start":{"line":27,"column":6},"end":{"line":27,"column":null}},"9":{"start":{"line":29,"column":6},"end":{"line":29,"column":null}},"10":{"start":{"line":31,"column":6},"end":{"line":31,"column":null}},"11":{"start":{"line":33,"column":6},"end":{"line":33,"column":null}},"12":{"start":{"line":35,"column":6},"end":{"line":35,"column":null}}},"fnMap":{"0":{"name":"(anonymous_0)","decl":{"start":{"line":13,"column":7},"end":{"line":13,"column":12}},"loc":{"start":{"line":13,"column":7},"end":{"line":13,"column":null}},"line":13},"1":{"name":"parseDetailLevel","decl":{"start":{"line":23,"column":16},"end":{"line":23,"column":33}},"loc":{"start":{"line":23,"column":65},"end":{"line":37,"column":null}},"line":23}},"branchMap":{"0":{"loc":{"start":{"line":13,"column":12},"end":{"line":13,"column":null}},"type":"binary-expr","locations":[{"start":{"line":13,"column":12},"end":{"line":13,"column":null}},{"start":{"line":13,"column":12},"end":{"line":13,"column":null}}],"line":13},"1":{"loc":{"start":{"line":25,"column":2},"end":{"line":36,"column":null}},"type":"switch","locations":[{"start":{"line":26,"column":4},"end":{"line":27,"column":null}},{"start":{"line":28,"column":4},"end":{"line":29,"column":null}},{"start":{"line":30,"column":4},"end":{"line":31,"column":null}},{"start":{"line":32,"column":4},"end":{"line":33,"column":null}},{"start":{"line":34,"column":4},"end":{"line":35,"column":null}}],"line":25}},"s":{"0":1,"1":1,"2":1,"3":1,"4":1,"5":1,"6":2,"7":2,"8":1,"9":0,"10":0,"11":1,"12":0},"f":{"0":1,"1":2},"b":{"0":[1,1],"1":[1,0,0,1,0]},"meta":{"lastBranch":2,"lastFunction":2,"lastStatement":13,"seen":{"s:13:7:13:Infinity":0,"f:13:7:13:12":0,"s:14:2:14:Infinity":1,"s:15:2:15:Infinity":2,"s:16:2:16:Infinity":3,"s:17:2:17:Infinity":4,"s:13:12:13:Infinity":5,"b:13:12:13:Infinity:13:12:13:Infinity":0,"f:23:16:23:33":1,"s:24:21:24:Infinity":6,"b:26:4:27:Infinity:28:4:29:Infinity:30:4:31:Infinity:32:4:33:Infinity:34:4:35:Infinity":1,"s:25:2:36:Infinity":7,"s:27:6:27:Infinity":8,"s:29:6:29:Infinity":9,"s:31:6:31:Infinity":10,"s:33:6:33:Infinity":11,"s:35:6:35:Infinity":12}}}
,"/Users/jsedwick/Projects/obsidian-mcp-server/src/services/git/GitService.ts": {"path":"/Users/jsedwick/Projects/obsidian-mcp-server/src/services/git/GitService.ts","statementMap":{"0":{"start":{"line":19,"column":6},"end":{"line":19,"column":null}},"1":{"start":{"line":20,"column":6},"end":{"line":20,"column":null}},"2":{"start":{"line":33,"column":4},"end":{"line":41,"column":null}},"3":{"start":{"line":34,"column":21},"end":{"line":34,"column":null}},"4":{"start":{"line":35,"column":6},"end":{"line":35,"column":null}},"5":{"start":{"line":36,"column":6},"end":{"line":36,"column":null}},"6":{"start":{"line":37,"column":6},"end":{"line":37,"column":null}},"7":{"start":{"line":39,"column":6},"end":{"line":39,"column":null}},"8":{"start":{"line":40,"column":6},"end":{"line":40,"column":null}},"9":{"start":{"line":51,"column":21},"end":{"line":51,"column":null}},"10":{"start":{"line":52,"column":20},"end":{"line":52,"column":null}},"11":{"start":{"line":54,"column":4},"end":{"line":60,"column":null}},"12":{"start":{"line":55,"column":6},"end":{"line":58,"column":null}},"13":{"start":{"line":56,"column":8},"end":{"line":56,"column":null}},"14":{"start":{"line":57,"column":8},"end":{"line":57,"column":null}},"15":{"start":{"line":59,"column":6},"end":{"line":59,"column":null}},"16":{"start":{"line":62,"column":4},"end":{"line":62,"column":null}},"17":{"start":{"line":63,"column":4},"end":{"line":63,"column":null}},"18":{"start":{"line":73,"column":4},"end":{"line":73,"column":null}},"19":{"start":{"line":75,"column":4},"end":{"line":86,"column":null}},"20":{"start":{"line":76,"column":25},"end":{"line":76,"column":null}},"21":{"start":{"line":77,"column":21},"end":{"line":77,"column":null}},"22":{"start":{"line":78,"column":6},"end":{"line":78,"column":null}},"23":{"start":{"line":79,"column":6},"end":{"line":79,"column":null}},"24":{"start":{"line":81,"column":6},"end":{"line":81,"column":null}},"25":{"start":{"line":82,"column":6},"end":{"line":85,"column":null}},"26":{"start":{"line":97,"column":4},"end":{"line":97,"column":null}},"27":{"start":{"line":99,"column":4},"end":{"line":109,"column":null}},"28":{"start":{"line":100,"column":25},"end":{"line":102,"column":null}},"29":{"start":{"line":103,"column":18},"end":{"line":103,"column":null}},"30":{"start":{"line":104,"column":6},"end":{"line":104,"column":null}},"31":{"start":{"line":105,"column":6},"end":{"line":105,"column":null}},"32":{"start":{"line":107,"column":6},"end":{"line":107,"column":null}},"33":{"start":{"line":108,"column":6},"end":{"line":108,"column":null}},"34":{"start":{"line":120,"column":4},"end":{"line":120,"column":null}},"35":{"start":{"line":122,"column":4},"end":{"line":150,"column":null}},"36":{"start":{"line":123,"column":25},"end":{"line":126,"column":null}},"37":{"start":{"line":128,"column":23},"end":{"line":131,"column":null}},"38":{"start":{"line":131,"column":21},"end":{"line":131,"column":33}},"39":{"start":{"line":133,"column":6},"end":{"line":137,"column":null}},"40":{"start":{"line":139,"column":6},"end":{"line":139,"column":null}},"41":{"start":{"line":141,"column":6},"end":{"line":144,"column":null}},"42":{"start":{"line":145,"column":6},"end":{"line":149,"column":null}},"43":{"start":{"line":161,"column":4},"end":{"line":161,"column":null}},"44":{"start":{"line":163,"column":4},"end":{"line":191,"column":null}},"45":{"start":{"line":164,"column":25},"end":{"line":167,"column":null}},"46":{"start":{"line":169,"column":20},"end":{"line":169,"column":null}},"47":{"start":{"line":170,"column":65},"end":{"line":170,"column":null}},"48":{"start":{"line":172,"column":40},"end":{"line":179,"column":null}},"49":{"start":{"line":181,"column":6},"end":{"line":181,"column":null}},"50":{"start":{"line":183,"column":6},"end":{"line":183,"column":null}},"51":{"start":{"line":185,"column":6},"end":{"line":185,"column":null}},"52":{"start":{"line":186,"column":6},"end":{"line":190,"column":null}},"53":{"start":{"line":202,"column":4},"end":{"line":202,"column":null}},"54":{"start":{"line":204,"column":4},"end":{"line":258,"column":null}},"55":{"start":{"line":205,"column":25},"end":{"line":207,"column":null}},"56":{"start":{"line":210,"column":20},"end":{"line":210,"column":null}},"57":{"start":{"line":211,"column":25},"end":{"line":211,"column":null}},"58":{"start":{"line":212,"column":23},"end":{"line":212,"column":null}},"59":{"start":{"line":213,"column":22},"end":{"line":213,"column":null}},"60":{"start":{"line":214,"column":84},"end":{"line":214,"column":null}},"61":{"start":{"line":216,"column":6},"end":{"line":235,"column":null}},"62":{"start":{"line":217,"column":8},"end":{"line":217,"column":null}},"63":{"start":{"line":217,"column":26},"end":{"line":217,"column":null}},"64":{"start":{"line":219,"column":22},"end":{"line":219,"column":null}},"65":{"start":{"line":220,"column":8},"end":{"line":234,"column":null}},"66":{"start":{"line":221,"column":22},"end":{"line":221,"column":null}},"67":{"start":{"line":222,"column":22},"end":{"line":222,"column":null}},"68":{"start":{"line":223,"column":27},"end":{"line":223,"column":null}},"69":{"start":{"line":225,"column":10},"end":{"line":225,"column":null}},"70":{"start":{"line":226,"column":10},"end":{"line":226,"column":null}},"71":{"start":{"line":227,"column":10},"end":{"line":227,"column":null}},"72":{"start":{"line":229,"column":10},"end":{"line":233,"column":null}},"73":{"start":{"line":237,"column":6},"end":{"line":243,"column":null}},"74":{"start":{"line":245,"column":6},"end":{"line":250,"column":null}},"75":{"start":{"line":252,"column":6},"end":{"line":252,"column":null}},"76":{"start":{"line":253,"column":6},"end":{"line":257,"column":null}},"77":{"start":{"line":270,"column":4},"end":{"line":270,"column":null}},"78":{"start":{"line":272,"column":4},"end":{"line":293,"column":null}},"79":{"start":{"line":273,"column":23},"end":{"line":273,"column":null}},"80":{"start":{"line":274,"column":25},"end":{"line":277,"column":null}},"81":{"start":{"line":279,"column":6},"end":{"line":283,"column":null}},"82":{"start":{"line":285,"column":6},"end":{"line":285,"column":null}},"83":{"start":{"line":287,"column":6},"end":{"line":287,"column":null}},"84":{"start":{"line":288,"column":6},"end":{"line":292,"column":null}},"85":{"start":{"line":304,"column":4},"end":{"line":304,"column":null}},"86":{"start":{"line":306,"column":4},"end":{"line":330,"column":null}},"87":{"start":{"line":307,"column":33},"end":{"line":307,"column":null}},"88":{"start":{"line":309,"column":6},"end":{"line":313,"column":null}},"89":{"start":{"line":315,"column":6},"end":{"line":319,"column":null}},"90":{"start":{"line":321,"column":24},"end":{"line":321,"column":null}},"91":{"start":{"line":323,"column":6},"end":{"line":323,"column":null}},"92":{"start":{"line":325,"column":6},"end":{"line":329,"column":null}},"93":{"start":{"line":340,"column":4},"end":{"line":340,"column":null}},"94":{"start":{"line":343,"column":22},"end":{"line":343,"column":null}},"95":{"start":{"line":344,"column":4},"end":{"line":352,"column":null}},"96":{"start":{"line":346,"column":20},"end":{"line":346,"column":null}},"97":{"start":{"line":347,"column":6},"end":{"line":351,"column":null}},"98":{"start":{"line":348,"column":21},"end":{"line":348,"column":null}},"99":{"start":{"line":349,"column":8},"end":{"line":349,"column":null}},"100":{"start":{"line":350,"column":8},"end":{"line":350,"column":null}},"101":{"start":{"line":355,"column":17},"end":{"line":355,"column":null}},"102":{"start":{"line":356,"column":4},"end":{"line":356,"column":null}},"103":{"start":{"line":357,"column":4},"end":{"line":357,"column":null}}},"fnMap":{"0":{"name":"(anonymous_0)","decl":{"start":{"line":32,"column":8},"end":{"line":32,"column":24}},"loc":{"start":{"line":32,"column":60},"end":{"line":42,"column":null}},"line":32},"1":{"name":"(anonymous_1)","decl":{"start":{"line":50,"column":8},"end":{"line":50,"column":20}},"loc":{"start":{"line":50,"column":62},"end":{"line":64,"column":null}},"line":50},"2":{"name":"(anonymous_2)","decl":{"start":{"line":72,"column":8},"end":{"line":72,"column":25}},"loc":{"start":{"line":72,"column":60},"end":{"line":87,"column":null}},"line":72},"3":{"name":"(anonymous_3)","decl":{"start":{"line":96,"column":8},"end":{"line":96,"column":21}},"loc":{"start":{"line":96,"column":94},"end":{"line":110,"column":null}},"line":96},"4":{"name":"(anonymous_4)","decl":{"start":{"line":119,"column":8},"end":{"line":119,"column":36}},"loc":{"start":{"line":119,"column":93},"end":{"line":151,"column":null}},"line":119},"5":{"name":"(anonymous_5)","decl":{"start":{"line":131,"column":16},"end":{"line":131,"column":21}},"loc":{"start":{"line":131,"column":21},"end":{"line":131,"column":33}},"line":131},"6":{"name":"(anonymous_6)","decl":{"start":{"line":160,"column":8},"end":{"line":160,"column":22}},"loc":{"start":{"line":160,"column":84},"end":{"line":192,"column":null}},"line":160},"7":{"name":"(anonymous_7)","decl":{"start":{"line":201,"column":8},"end":{"line":201,"column":21}},"loc":{"start":{"line":201,"column":82},"end":{"line":259,"column":null}},"line":201},"8":{"name":"(anonymous_8)","decl":{"start":{"line":269,"column":8},"end":{"line":269,"column":16}},"loc":{"start":{"line":269,"column":98},"end":{"line":294,"column":null}},"line":269},"9":{"name":"(anonymous_9)","decl":{"start":{"line":303,"column":8},"end":{"line":303,"column":23}},"loc":{"start":{"line":303,"column":80},"end":{"line":331,"column":null}},"line":303},"10":{"name":"(anonymous_10)","decl":{"start":{"line":339,"column":8},"end":{"line":339,"column":26}},"loc":{"start":{"line":339,"column":61},"end":{"line":358,"column":null}},"line":339}},"branchMap":{"0":{"loc":{"start":{"line":55,"column":6},"end":{"line":58,"column":null}},"type":"if","locations":[{"start":{"line":55,"column":6},"end":{"line":58,"column":null}},{"start":{},"end":{}}],"line":55},"1":{"loc":{"start":{"line":96,"column":39},"end":{"line":96,"column":94}},"type":"default-arg","locations":[{"start":{"line":96,"column":60},"end":{"line":96,"column":94}}],"line":96},"2":{"loc":{"start":{"line":217,"column":8},"end":{"line":217,"column":null}},"type":"if","locations":[{"start":{"line":217,"column":8},"end":{"line":217,"column":null}},{"start":{},"end":{}}],"line":217},"3":{"loc":{"start":{"line":220,"column":8},"end":{"line":234,"column":null}},"type":"if","locations":[{"start":{"line":220,"column":8},"end":{"line":234,"column":null}},{"start":{},"end":{}}],"line":220},"4":{"loc":{"start":{"line":221,"column":22},"end":{"line":221,"column":null}},"type":"binary-expr","locations":[{"start":{"line":221,"column":22},"end":{"line":221,"column":48}},{"start":{"line":221,"column":48},"end":{"line":221,"column":null}}],"line":221},"5":{"loc":{"start":{"line":222,"column":22},"end":{"line":222,"column":null}},"type":"binary-expr","locations":[{"start":{"line":222,"column":22},"end":{"line":222,"column":48}},{"start":{"line":222,"column":48},"end":{"line":222,"column":null}}],"line":222},"6":{"loc":{"start":{"line":269,"column":54},"end":{"line":269,"column":98}},"type":"default-arg","locations":[{"start":{"line":269,"column":74},"end":{"line":269,"column":98}}],"line":269},"7":{"loc":{"start":{"line":273,"column":23},"end":{"line":273,"column":null}},"type":"cond-expr","locations":[{"start":{"line":273,"column":34},"end":{"line":273,"column":45}},{"start":{"line":273,"column":45},"end":{"line":273,"column":null}}],"line":273},"8":{"loc":{"start":{"line":326,"column":16},"end":{"line":326,"column":null}},"type":"binary-expr","locations":[{"start":{"line":326,"column":16},"end":{"line":326,"column":36}},{"start":{"line":326,"column":36},"end":{"line":326,"column":null}}],"line":326},"9":{"loc":{"start":{"line":327,"column":16},"end":{"line":327,"column":null}},"type":"binary-expr","locations":[{"start":{"line":327,"column":16},"end":{"line":327,"column":36}},{"start":{"line":327,"column":36},"end":{"line":327,"column":null}}],"line":327},"10":{"loc":{"start":{"line":328,"column":18},"end":{"line":328,"column":null}},"type":"binary-expr","locations":[{"start":{"line":328,"column":18},"end":{"line":328,"column":36}},{"start":{"line":328,"column":36},"end":{"line":328,"column":null}}],"line":328},"11":{"loc":{"start":{"line":344,"column":4},"end":{"line":352,"column":null}},"type":"if","locations":[{"start":{"line":344,"column":4},"end":{"line":352,"column":null}},{"start":{},"end":{}}],"line":344},"12":{"loc":{"start":{"line":347,"column":6},"end":{"line":351,"column":null}},"type":"if","locations":[{"start":{"line":347,"column":6},"end":{"line":351,"column":null}},{"start":{},"end":{}}],"line":347}},"s":{"0":3,"1":3,"2":8,"3":8,"4":8,"5":3,"6":3,"7":5,"8":5,"9":3,"10":3,"11":3,"12":6,"13":2,"14":2,"15":4,"16":1,"17":1,"18":2,"19":2,"20":2,"21":1,"22":1,"23":1,"24":1,"25":1,"26":6,"27":6,"28":6,"29":4,"30":4,"31":4,"32":2,"33":2,"34":3,"35":3,"36":3,"37":2,"38":5,"39":2,"40":2,"41":1,"42":1,"43":2,"44":2,"45":2,"46":1,"47":1,"48":1,"49":1,"50":1,"51":1,"52":1,"53":3,"54":3,"55":3,"56":2,"57":2,"58":2,"59":2,"60":2,"61":2,"62":4,"63":0,"64":4,"65":4,"66":4,"67":4,"68":4,"69":4,"70":4,"71":4,"72":4,"73":2,"74":2,"75":1,"76":1,"77":3,"78":3,"79":3,"80":3,"81":2,"82":2,"83":1,"84":1,"85":2,"86":2,"87":2,"88":1,"89":1,"90":1,"91":1,"92":1,"93":3,"94":3,"95":3,"96":2,"97":2,"98":2,"99":2,"100":2,"101":1,"102":1,"103":1},"f":{"0":8,"1":3,"2":2,"3":6,"4":3,"5":5,"6":2,"7":3,"8":3,"9":2,"10":3},"b":{"0":[2,4],"1":[6],"2":[0,4],"3":[4,0],"4":[4,1],"5":[4,1],"6":[3],"7":[1,2],"8":[1,1],"9":[1,0],"10":[1,0],"11":[2,1],"12":[2,0]},"meta":{"lastBranch":13,"lastFunction":11,"lastStatement":104,"seen":{"s:19:6:19:Infinity":0,"s:20:6:20:Infinity":1,"f:32:8:32:24":0,"s:33:4:41:Infinity":2,"s:34:21:34:Infinity":3,"s:35:6:35:Infinity":4,"s:36:6:36:Infinity":5,"s:37:6:37:Infinity":6,"s:39:6:39:Infinity":7,"s:40:6:40:Infinity":8,"f:50:8:50:20":1,"s:51:21:51:Infinity":9,"s:52:20:52:Infinity":10,"s:54:4:60:Infinity":11,"b:55:6:58:Infinity:undefined:undefined:undefined:undefined":0,"s:55:6:58:Infinity":12,"s:56:8:56:Infinity":13,"s:57:8:57:Infinity":14,"s:59:6:59:Infinity":15,"s:62:4:62:Infinity":16,"s:63:4:63:Infinity":17,"f:72:8:72:25":2,"s:73:4:73:Infinity":18,"s:75:4:86:Infinity":19,"s:76:25:76:Infinity":20,"s:77:21:77:Infinity":21,"s:78:6:78:Infinity":22,"s:79:6:79:Infinity":23,"s:81:6:81:Infinity":24,"s:82:6:85:Infinity":25,"f:96:8:96:21":3,"b:96:60:96:94":1,"s:97:4:97:Infinity":26,"s:99:4:109:Infinity":27,"s:100:25:102:Infinity":28,"s:103:18:103:Infinity":29,"s:104:6:104:Infinity":30,"s:105:6:105:Infinity":31,"s:107:6:107:Infinity":32,"s:108:6:108:Infinity":33,"f:119:8:119:36":4,"s:120:4:120:Infinity":34,"s:122:4:150:Infinity":35,"s:123:25:126:Infinity":36,"s:128:23:131:Infinity":37,"f:131:16:131:21":5,"s:131:21:131:33":38,"s:133:6:137:Infinity":39,"s:139:6:139:Infinity":40,"s:141:6:144:Infinity":41,"s:145:6:149:Infinity":42,"f:160:8:160:22":6,"s:161:4:161:Infinity":43,"s:163:4:191:Infinity":44,"s:164:25:167:Infinity":45,"s:169:20:169:Infinity":46,"s:170:65:170:Infinity":47,"s:172:40:179:Infinity":48,"s:181:6:181:Infinity":49,"s:183:6:183:Infinity":50,"s:185:6:185:Infinity":51,"s:186:6:190:Infinity":52,"f:201:8:201:21":7,"s:202:4:202:Infinity":53,"s:204:4:258:Infinity":54,"s:205:25:207:Infinity":55,"s:210:20:210:Infinity":56,"s:211:25:211:Infinity":57,"s:212:23:212:Infinity":58,"s:213:22:213:Infinity":59,"s:214:84:214:Infinity":60,"s:216:6:235:Infinity":61,"b:217:8:217:Infinity:undefined:undefined:undefined:undefined":2,"s:217:8:217:Infinity":62,"s:217:26:217:Infinity":63,"s:219:22:219:Infinity":64,"b:220:8:234:Infinity:undefined:undefined:undefined:undefined":3,"s:220:8:234:Infinity":65,"s:221:22:221:Infinity":66,"b:221:22:221:48:221:48:221:Infinity":4,"s:222:22:222:Infinity":67,"b:222:22:222:48:222:48:222:Infinity":5,"s:223:27:223:Infinity":68,"s:225:10:225:Infinity":69,"s:226:10:226:Infinity":70,"s:227:10:227:Infinity":71,"s:229:10:233:Infinity":72,"s:237:6:243:Infinity":73,"s:245:6:250:Infinity":74,"s:252:6:252:Infinity":75,"s:253:6:257:Infinity":76,"f:269:8:269:16":8,"b:269:74:269:98":6,"s:270:4:270:Infinity":77,"s:272:4:293:Infinity":78,"s:273:23:273:Infinity":79,"b:273:34:273:45:273:45:273:Infinity":7,"s:274:25:277:Infinity":80,"s:279:6:283:Infinity":81,"s:285:6:285:Infinity":82,"s:287:6:287:Infinity":83,"s:288:6:292:Infinity":84,"f:303:8:303:23":9,"s:304:4:304:Infinity":85,"s:306:4:330:Infinity":86,"s:307:33:307:Infinity":87,"s:309:6:313:Infinity":88,"s:315:6:319:Infinity":89,"s:321:24:321:Infinity":90,"s:323:6:323:Infinity":91,"s:325:6:329:Infinity":92,"b:326:16:326:36:326:36:326:Infinity":8,"b:327:16:327:36:327:36:327:Infinity":9,"b:328:18:328:36:328:36:328:Infinity":10,"f:339:8:339:26":10,"s:340:4:340:Infinity":93,"s:343:22:343:Infinity":94,"b:344:4:352:Infinity:undefined:undefined:undefined:undefined":11,"s:344:4:352:Infinity":95,"s:346:20:346:Infinity":96,"b:347:6:351:Infinity:undefined:undefined:undefined:undefined":12,"s:347:6:351:Infinity":97,"s:348:21:348:Infinity":98,"s:349:8:349:Infinity":99,"s:350:8:350:Infinity":100,"s:355:17:355:Infinity":101,"s:356:4:356:Infinity":102,"s:357:4:357:Infinity":103}}}
,"/Users/jsedwick/Projects/obsidian-mcp-server/src/services/git/RepositoryDetector.ts": {"path":"/Users/jsedwick/Projects/obsidian-mcp-server/src/services/git/RepositoryDetector.ts","statementMap":{"0":{"start":{"line":18,"column":6},"end":{"line":18,"column":null}},"1":{"start":{"line":23,"column":16},"end":{"line":30,"column":null}},"2":{"start":{"line":39,"column":4},"end":{"line":39,"column":null}},"3":{"start":{"line":40,"column":4},"end":{"line":40,"column":null}},"4":{"start":{"line":53,"column":4},"end":{"line":53,"column":null}},"5":{"start":{"line":55,"column":28},"end":{"line":55,"column":null}},"6":{"start":{"line":58,"column":22},"end":{"line":82,"column":null}},"7":{"start":{"line":59,"column":6},"end":{"line":59,"column":null}},"8":{"start":{"line":59,"column":28},"end":{"line":59,"column":null}},"9":{"start":{"line":61,"column":6},"end":{"line":81,"column":null}},"10":{"start":{"line":63,"column":8},"end":{"line":66,"column":null}},"11":{"start":{"line":64,"column":10},"end":{"line":64,"column":null}},"12":{"start":{"line":65,"column":10},"end":{"line":65,"column":null}},"13":{"start":{"line":69,"column":24},"end":{"line":69,"column":null}},"14":{"start":{"line":70,"column":8},"end":{"line":74,"column":null}},"15":{"start":{"line":71,"column":10},"end":{"line":73,"column":null}},"16":{"start":{"line":72,"column":12},"end":{"line":72,"column":null}},"17":{"start":{"line":77,"column":8},"end":{"line":80,"column":null}},"18":{"start":{"line":84,"column":4},"end":{"line":84,"column":null}},"19":{"start":{"line":87,"column":22},"end":{"line":87,"column":null}},"20":{"start":{"line":88,"column":4},"end":{"line":100,"column":null}},"21":{"start":{"line":88,"column":17},"end":{"line":88,"column":20}},"22":{"start":{"line":89,"column":25},"end":{"line":89,"column":null}},"23":{"start":{"line":90,"column":6},"end":{"line":90,"column":null}},"24":{"start":{"line":90,"column":38},"end":{"line":90,"column":null}},"25":{"start":{"line":92,"column":6},"end":{"line":97,"column":null}},"26":{"start":{"line":93,"column":8},"end":{"line":96,"column":null}},"27":{"start":{"line":94,"column":10},"end":{"line":94,"column":null}},"28":{"start":{"line":95,"column":10},"end":{"line":95,"column":null}},"29":{"start":{"line":99,"column":6},"end":{"line":99,"column":null}},"30":{"start":{"line":102,"column":4},"end":{"line":105,"column":null}},"31":{"start":{"line":107,"column":4},"end":{"line":107,"column":null}},"32":{"start":{"line":130,"column":8},"end":{"line":130,"column":null}},"33":{"start":{"line":132,"column":4},"end":{"line":136,"column":null}},"34":{"start":{"line":139,"column":22},"end":{"line":139,"column":null}},"35":{"start":{"line":141,"column":4},"end":{"line":144,"column":null}},"36":{"start":{"line":142,"column":6},"end":{"line":142,"column":null}},"37":{"start":{"line":143,"column":6},"end":{"line":143,"column":null}},"38":{"start":{"line":147,"column":40},"end":{"line":147,"column":null}},"39":{"start":{"line":149,"column":4},"end":{"line":162,"column":null}},"40":{"start":{"line":150,"column":24},"end":{"line":156,"column":null}},"41":{"start":{"line":159,"column":6},"end":{"line":161,"column":null}},"42":{"start":{"line":160,"column":8},"end":{"line":160,"column":null}},"43":{"start":{"line":165,"column":4},"end":{"line":165,"column":null}},"44":{"start":{"line":165,"column":30},"end":{"line":165,"column":47}},"45":{"start":{"line":168,"column":30},"end":{"line":168,"column":null}},"46":{"start":{"line":170,"column":4},"end":{"line":173,"column":null}},"47":{"start":{"line":175,"column":4},"end":{"line":175,"column":null}},"48":{"start":{"line":195,"column":16},"end":{"line":195,"column":null}},"49":{"start":{"line":196,"column":30},"end":{"line":196,"column":null}},"50":{"start":{"line":198,"column":4},"end":{"line":198,"column":null}},"51":{"start":{"line":201,"column":24},"end":{"line":201,"column":null}},"52":{"start":{"line":201,"column":50},"end":{"line":201,"column":77}},"53":{"start":{"line":202,"column":24},"end":{"line":202,"column":null}},"54":{"start":{"line":202,"column":48},"end":{"line":202,"column":92}},"55":{"start":{"line":203,"column":22},"end":{"line":203,"column":null}},"56":{"start":{"line":203,"column":46},"end":{"line":203,"column":65}},"57":{"start":{"line":205,"column":4},"end":{"line":210,"column":null}},"58":{"start":{"line":206,"column":21},"end":{"line":206,"column":null}},"59":{"start":{"line":207,"column":6},"end":{"line":207,"column":null}},"60":{"start":{"line":208,"column":6},"end":{"line":208,"column":null}},"61":{"start":{"line":209,"column":6},"end":{"line":209,"column":null}},"62":{"start":{"line":212,"column":4},"end":{"line":217,"column":null}},"63":{"start":{"line":213,"column":21},"end":{"line":213,"column":null}},"64":{"start":{"line":214,"column":6},"end":{"line":214,"column":null}},"65":{"start":{"line":215,"column":6},"end":{"line":215,"column":null}},"66":{"start":{"line":216,"column":6},"end":{"line":216,"column":null}},"67":{"start":{"line":220,"column":4},"end":{"line":227,"column":null}},"68":{"start":{"line":221,"column":23},"end":{"line":221,"column":null}},"69":{"start":{"line":222,"column":6},"end":{"line":226,"column":null}},"70":{"start":{"line":223,"column":8},"end":{"line":223,"column":null}},"71":{"start":{"line":224,"column":8},"end":{"line":224,"column":null}},"72":{"start":{"line":225,"column":8},"end":{"line":225,"column":null}},"73":{"start":{"line":230,"column":4},"end":{"line":242,"column":null}},"74":{"start":{"line":231,"column":6},"end":{"line":231,"column":null}},"75":{"start":{"line":232,"column":6},"end":{"line":232,"column":null}},"76":{"start":{"line":233,"column":6},"end":{"line":233,"column":null}},"77":{"start":{"line":234,"column":4},"end":{"line":242,"column":null}},"78":{"start":{"line":235,"column":6},"end":{"line":235,"column":null}},"79":{"start":{"line":236,"column":6},"end":{"line":236,"column":null}},"80":{"start":{"line":237,"column":6},"end":{"line":237,"column":null}},"81":{"start":{"line":238,"column":4},"end":{"line":242,"column":null}},"82":{"start":{"line":239,"column":6},"end":{"line":239,"column":null}},"83":{"start":{"line":240,"column":6},"end":{"line":240,"column":null}},"84":{"start":{"line":241,"column":6},"end":{"line":241,"column":null}},"85":{"start":{"line":249,"column":4},"end":{"line":255,"column":null}},"86":{"start":{"line":250,"column":6},"end":{"line":250,"column":null}},"87":{"start":{"line":251,"column":6},"end":{"line":251,"column":null}},"88":{"start":{"line":251,"column":76},"end":{"line":251,"column":85}},"89":{"start":{"line":252,"column":6},"end":{"line":252,"column":null}},"90":{"start":{"line":252,"column":72},"end":{"line":252,"column":81}},"91":{"start":{"line":254,"column":6},"end":{"line":254,"column":null}},"92":{"start":{"line":257,"column":4},"end":{"line":257,"column":null}},"93":{"start":{"line":259,"column":4},"end":{"line":266,"column":null}},"94":{"start":{"line":285,"column":23},"end":{"line":288,"column":null}},"95":{"start":{"line":290,"column":4},"end":{"line":290,"column":null}},"96":{"start":{"line":304,"column":4},"end":{"line":304,"column":null}},"97":{"start":{"line":304,"column":33},"end":{"line":304,"column":null}},"98":{"start":{"line":305,"column":4},"end":{"line":305,"column":null}},"99":{"start":{"line":305,"column":33},"end":{"line":305,"column":null}},"100":{"start":{"line":307,"column":21},"end":{"line":307,"column":null}},"101":{"start":{"line":308,"column":24},"end":{"line":308,"column":null}},"102":{"start":{"line":310,"column":4},"end":{"line":310,"column":null}}},"fnMap":{"0":{"name":"(anonymous_0)","decl":{"start":{"line":38,"column":2},"end":{"line":38,"column":14}},"loc":{"start":{"line":38,"column":38},"end":{"line":41,"column":null}},"line":38},"1":{"name":"(anonymous_1)","decl":{"start":{"line":52,"column":8},"end":{"line":52,"column":25}},"loc":{"start":{"line":52,"column":85},"end":{"line":108,"column":null}},"line":52},"2":{"name":"(anonymous_2)","decl":{"start":{"line":58,"column":22},"end":{"line":58,"column":29}},"loc":{"start":{"line":58,"column":79},"end":{"line":82,"column":null}},"line":58},"3":{"name":"(anonymous_3)","decl":{"start":{"line":117,"column":8},"end":{"line":117,"column":null}},"loc":{"start":{"line":123,"column":30},"end":{"line":176,"column":null}},"line":123},"4":{"name":"(anonymous_4)","decl":{"start":{"line":165,"column":20},"end":{"line":165,"column":21}},"loc":{"start":{"line":165,"column":30},"end":{"line":165,"column":47}},"line":165},"5":{"name":"(anonymous_5)","decl":{"start":{"line":188,"column":16},"end":{"line":188,"column":null}},"loc":{"start":{"line":194,"column":28},"end":{"line":267,"column":null}},"line":194},"6":{"name":"(anonymous_6)","decl":{"start":{"line":201,"column":45},"end":{"line":201,"column":50}},"loc":{"start":{"line":201,"column":50},"end":{"line":201,"column":77}},"line":201},"7":{"name":"(anonymous_7)","decl":{"start":{"line":202,"column":43},"end":{"line":202,"column":48}},"loc":{"start":{"line":202,"column":48},"end":{"line":202,"column":92}},"line":202},"8":{"name":"(anonymous_8)","decl":{"start":{"line":203,"column":41},"end":{"line":203,"column":46}},"loc":{"start":{"line":203,"column":46},"end":{"line":203,"column":65}},"line":203},"9":{"name":"(anonymous_9)","decl":{"start":{"line":251,"column":70},"end":{"line":251,"column":76}},"loc":{"start":{"line":251,"column":76},"end":{"line":251,"column":85}},"line":251},"10":{"name":"(anonymous_10)","decl":{"start":{"line":252,"column":66},"end":{"line":252,"column":72}},"loc":{"start":{"line":252,"column":72},"end":{"line":252,"column":81}},"line":252},"11":{"name":"(anonymous_11)","decl":{"start":{"line":278,"column":8},"end":{"line":278,"column":null}},"loc":{"start":{"line":284,"column":35},"end":{"line":291,"column":null}},"line":284},"12":{"name":"(anonymous_12)","decl":{"start":{"line":303,"column":2},"end":{"line":303,"column":16}},"loc":{"start":{"line":303,"column":54},"end":{"line":311,"column":null}},"line":303}},"branchMap":{"0":{"loc":{"start":{"line":52,"column":44},"end":{"line":52,"column":85}},"type":"default-arg","locations":[{"start":{"line":52,"column":63},"end":{"line":52,"column":85}}],"line":52},"1":{"loc":{"start":{"line":59,"column":6},"end":{"line":59,"column":null}},"type":"if","locations":[{"start":{"line":59,"column":6},"end":{"line":59,"column":null}},{"start":{},"end":{}}],"line":59},"2":{"loc":{"start":{"line":63,"column":8},"end":{"line":66,"column":null}},"type":"if","locations":[{"start":{"line":63,"column":8},"end":{"line":66,"column":null}},{"start":{},"end":{}}],"line":63},"3":{"loc":{"start":{"line":71,"column":10},"end":{"line":73,"column":null}},"type":"if","locations":[{"start":{"line":71,"column":10},"end":{"line":73,"column":null}},{"start":{},"end":{}}],"line":71},"4":{"loc":{"start":{"line":71,"column":14},"end":{"line":71,"column":93}},"type":"binary-expr","locations":[{"start":{"line":71,"column":14},"end":{"line":71,"column":37}},{"start":{"line":71,"column":37},"end":{"line":71,"column":70}},{"start":{"line":71,"column":70},"end":{"line":71,"column":93}}],"line":71},"5":{"loc":{"start":{"line":90,"column":6},"end":{"line":90,"column":null}},"type":"if","locations":[{"start":{"line":90,"column":6},"end":{"line":90,"column":null}},{"start":{},"end":{}}],"line":90},"6":{"loc":{"start":{"line":92,"column":6},"end":{"line":97,"column":null}},"type":"if","locations":[{"start":{"line":92,"column":6},"end":{"line":97,"column":null}},{"start":{},"end":{}}],"line":92},"7":{"loc":{"start":{"line":93,"column":8},"end":{"line":96,"column":null}},"type":"if","locations":[{"start":{"line":93,"column":8},"end":{"line":96,"column":null}},{"start":{},"end":{}}],"line":93},"8":{"loc":{"start":{"line":119,"column":4},"end":{"line":122,"column":null}},"type":"default-arg","locations":[{"start":{"line":122,"column":8},"end":{"line":122,"column":null}}],"line":119},"9":{"loc":{"start":{"line":125,"column":6},"end":{"line":125,"column":null}},"type":"default-arg","locations":[{"start":{"line":125,"column":17},"end":{"line":125,"column":null}}],"line":125},"10":{"loc":{"start":{"line":126,"column":6},"end":{"line":126,"column":null}},"type":"default-arg","locations":[{"start":{"line":126,"column":22},"end":{"line":126,"column":null}}],"line":126},"11":{"loc":{"start":{"line":127,"column":6},"end":{"line":127,"column":null}},"type":"default-arg","locations":[{"start":{"line":127,"column":24},"end":{"line":127,"column":null}}],"line":127},"12":{"loc":{"start":{"line":128,"column":6},"end":{"line":128,"column":null}},"type":"default-arg","locations":[{"start":{"line":128,"column":12},"end":{"line":128,"column":null}}],"line":128},"13":{"loc":{"start":{"line":128,"column":12},"end":{"line":128,"column":null}},"type":"binary-expr","locations":[{"start":{"line":128,"column":12},"end":{"line":128,"column":31}},{"start":{"line":128,"column":31},"end":{"line":128,"column":null}}],"line":128},"14":{"loc":{"start":{"line":141,"column":4},"end":{"line":144,"column":null}},"type":"if","locations":[{"start":{"line":141,"column":4},"end":{"line":144,"column":null}},{"start":{},"end":{}}],"line":141},"15":{"loc":{"start":{"line":159,"column":6},"end":{"line":161,"column":null}},"type":"if","locations":[{"start":{"line":159,"column":6},"end":{"line":161,"column":null}},{"start":{},"end":{}}],"line":159},"16":{"loc":{"start":{"line":159,"column":10},"end":{"line":159,"column":65}},"type":"binary-expr","locations":[{"start":{"line":159,"column":10},"end":{"line":159,"column":41}},{"start":{"line":159,"column":41},"end":{"line":159,"column":65}}],"line":159},"17":{"loc":{"start":{"line":193,"column":4},"end":{"line":193,"column":null}},"type":"default-arg","locations":[{"start":{"line":193,"column":31},"end":{"line":193,"column":null}}],"line":193},"18":{"loc":{"start":{"line":202,"column":48},"end":{"line":202,"column":92}},"type":"binary-expr","locations":[{"start":{"line":202,"column":48},"end":{"line":202,"column":71}},{"start":{"line":202,"column":71},"end":{"line":202,"column":92}}],"line":202},"19":{"loc":{"start":{"line":205,"column":4},"end":{"line":210,"column":null}},"type":"if","locations":[{"start":{"line":205,"column":4},"end":{"line":210,"column":null}},{"start":{},"end":{}}],"line":205},"20":{"loc":{"start":{"line":212,"column":4},"end":{"line":217,"column":null}},"type":"if","locations":[{"start":{"line":212,"column":4},"end":{"line":217,"column":null}},{"start":{},"end":{}}],"line":212},"21":{"loc":{"start":{"line":220,"column":4},"end":{"line":227,"column":null}},"type":"if","locations":[{"start":{"line":220,"column":4},"end":{"line":227,"column":null}},{"start":{},"end":{}}],"line":220},"22":{"loc":{"start":{"line":222,"column":6},"end":{"line":226,"column":null}},"type":"if","locations":[{"start":{"line":222,"column":6},"end":{"line":226,"column":null}},{"start":{},"end":{}}],"line":222},"23":{"loc":{"start":{"line":230,"column":4},"end":{"line":242,"column":null}},"type":"if","locations":[{"start":{"line":230,"column":4},"end":{"line":242,"column":null}},{"start":{"line":234,"column":4},"end":{"line":242,"column":null}}],"line":230},"24":{"loc":{"start":{"line":234,"column":4},"end":{"line":242,"column":null}},"type":"if","locations":[{"start":{"line":234,"column":4},"end":{"line":242,"column":null}},{"start":{"line":238,"column":4},"end":{"line":242,"column":null}}],"line":234},"25":{"loc":{"start":{"line":238,"column":4},"end":{"line":242,"column":null}},"type":"if","locations":[{"start":{"line":238,"column":4},"end":{"line":242,"column":null}},{"start":{},"end":{}}],"line":238},"26":{"loc":{"start":{"line":249,"column":4},"end":{"line":255,"column":null}},"type":"if","locations":[{"start":{"line":249,"column":4},"end":{"line":255,"column":null}},{"start":{"line":253,"column":11},"end":{"line":255,"column":null}}],"line":249},"27":{"loc":{"start":{"line":280,"column":4},"end":{"line":283,"column":null}},"type":"default-arg","locations":[{"start":{"line":283,"column":8},"end":{"line":283,"column":null}}],"line":280},"28":{"loc":{"start":{"line":290,"column":11},"end":{"line":290,"column":null}},"type":"binary-expr","locations":[{"start":{"line":290,"column":11},"end":{"line":290,"column":28}},{"start":{"line":290,"column":28},"end":{"line":290,"column":null}}],"line":290},"29":{"loc":{"start":{"line":304,"column":4},"end":{"line":304,"column":null}},"type":"if","locations":[{"start":{"line":304,"column":4},"end":{"line":304,"column":null}},{"start":{},"end":{}}],"line":304},"30":{"loc":{"start":{"line":305,"column":4},"end":{"line":305,"column":null}},"type":"if","locations":[{"start":{"line":305,"column":4},"end":{"line":305,"column":null}},{"start":{},"end":{}}],"line":305}},"s":{"0":2,"1":2,"2":44,"3":44,"4":5,"5":5,"6":5,"7":13,"8":2,"9":11,"10":11,"11":2,"12":2,"13":11,"14":10,"15":15,"16":8,"17":1,"18":5,"19":5,"20":5,"21":5,"22":11,"23":11,"24":4,"25":7,"26":1,"27":1,"28":1,"29":7,"30":5,"31":5,"32":11,"33":11,"34":11,"35":11,"36":1,"37":1,"38":10,"39":10,"40":15,"41":15,"42":13,"43":10,"44":4,"45":10,"46":10,"47":11,"48":15,"49":15,"50":15,"51":15,"52":26,"53":15,"54":13,"55":15,"56":13,"57":15,"58":7,"59":7,"60":7,"61":7,"62":15,"63":4,"64":4,"65":4,"66":4,"67":15,"68":1,"69":1,"70":1,"71":1,"72":1,"73":15,"74":1,"75":1,"76":1,"77":14,"78":1,"79":1,"80":1,"81":13,"82":0,"83":0,"84":0,"85":15,"86":14,"87":14,"88":0,"89":14,"90":0,"91":1,"92":15,"93":15,"94":2,"95":2,"96":4,"97":1,"98":3,"99":1,"100":2,"101":2,"102":2},"f":{"0":44,"1":5,"2":13,"3":11,"4":4,"5":15,"6":26,"7":13,"8":13,"9":0,"10":0,"11":2,"12":4},"b":{"0":[5],"1":[2,11],"2":[2,9],"3":[8,7],"4":[15,14,11],"5":[4,7],"6":[1,6],"7":[1,0],"8":[11],"9":[11],"10":[11],"11":[11],"12":[11],"13":[11,0],"14":[1,10],"15":[13,2],"16":[15,2],"17":[15],"18":[13,4],"19":[7,8],"20":[4,11],"21":[1,14],"22":[1,0],"23":[1,14],"24":[1,13],"25":[0,13],"26":[14,1],"27":[2],"28":[2,1],"29":[1,3],"30":[1,2]},"meta":{"lastBranch":31,"lastFunction":13,"lastStatement":103,"seen":{"s:18:6:18:Infinity":0,"s:23:16:30:Infinity":1,"f:38:2:38:14":0,"s:39:4:39:Infinity":2,"s:40:4:40:Infinity":3,"f:52:8:52:25":1,"b:52:63:52:85":0,"s:53:4:53:Infinity":4,"s:55:28:55:Infinity":5,"s:58:22:82:Infinity":6,"f:58:22:58:29":2,"b:59:6:59:Infinity:undefined:undefined:undefined:undefined":1,"s:59:6:59:Infinity":7,"s:59:28:59:Infinity":8,"s:61:6:81:Infinity":9,"b:63:8:66:Infinity:undefined:undefined:undefined:undefined":2,"s:63:8:66:Infinity":10,"s:64:10:64:Infinity":11,"s:65:10:65:Infinity":12,"s:69:24:69:Infinity":13,"s:70:8:74:Infinity":14,"b:71:10:73:Infinity:undefined:undefined:undefined:undefined":3,"s:71:10:73:Infinity":15,"b:71:14:71:37:71:37:71:70:71:70:71:93":4,"s:72:12:72:Infinity":16,"s:77:8:80:Infinity":17,"s:84:4:84:Infinity":18,"s:87:22:87:Infinity":19,"s:88:4:100:Infinity":20,"s:88:17:88:20":21,"s:89:25:89:Infinity":22,"b:90:6:90:Infinity:undefined:undefined:undefined:undefined":5,"s:90:6:90:Infinity":23,"s:90:38:90:Infinity":24,"b:92:6:97:Infinity:undefined:undefined:undefined:undefined":6,"s:92:6:97:Infinity":25,"b:93:8:96:Infinity:undefined:undefined:undefined:undefined":7,"s:93:8:96:Infinity":26,"s:94:10:94:Infinity":27,"s:95:10:95:Infinity":28,"s:99:6:99:Infinity":29,"s:102:4:105:Infinity":30,"s:107:4:107:Infinity":31,"f:117:8:117:Infinity":3,"b:122:8:122:Infinity":8,"s:130:8:130:Infinity":32,"b:125:17:125:Infinity":9,"b:126:22:126:Infinity":10,"b:127:24:127:Infinity":11,"b:128:12:128:Infinity":12,"b:128:12:128:31:128:31:128:Infinity":13,"s:132:4:136:Infinity":33,"s:139:22:139:Infinity":34,"b:141:4:144:Infinity:undefined:undefined:undefined:undefined":14,"s:141:4:144:Infinity":35,"s:142:6:142:Infinity":36,"s:143:6:143:Infinity":37,"s:147:40:147:Infinity":38,"s:149:4:162:Infinity":39,"s:150:24:156:Infinity":40,"b:159:6:161:Infinity:undefined:undefined:undefined:undefined":15,"s:159:6:161:Infinity":41,"b:159:10:159:41:159:41:159:65":16,"s:160:8:160:Infinity":42,"s:165:4:165:Infinity":43,"f:165:20:165:21":4,"s:165:30:165:47":44,"s:168:30:168:Infinity":45,"s:170:4:173:Infinity":46,"s:175:4:175:Infinity":47,"f:188:16:188:Infinity":5,"b:193:31:193:Infinity":17,"s:195:16:195:Infinity":48,"s:196:30:196:Infinity":49,"s:198:4:198:Infinity":50,"s:201:24:201:Infinity":51,"f:201:45:201:50":6,"s:201:50:201:77":52,"s:202:24:202:Infinity":53,"f:202:43:202:48":7,"s:202:48:202:92":54,"b:202:48:202:71:202:71:202:92":18,"s:203:22:203:Infinity":55,"f:203:41:203:46":8,"s:203:46:203:65":56,"b:205:4:210:Infinity:undefined:undefined:undefined:undefined":19,"s:205:4:210:Infinity":57,"s:206:21:206:Infinity":58,"s:207:6:207:Infinity":59,"s:208:6:208:Infinity":60,"s:209:6:209:Infinity":61,"b:212:4:217:Infinity:undefined:undefined:undefined:undefined":20,"s:212:4:217:Infinity":62,"s:213:21:213:Infinity":63,"s:214:6:214:Infinity":64,"s:215:6:215:Infinity":65,"s:216:6:216:Infinity":66,"b:220:4:227:Infinity:undefined:undefined:undefined:undefined":21,"s:220:4:227:Infinity":67,"s:221:23:221:Infinity":68,"b:222:6:226:Infinity:undefined:undefined:undefined:undefined":22,"s:222:6:226:Infinity":69,"s:223:8:223:Infinity":70,"s:224:8:224:Infinity":71,"s:225:8:225:Infinity":72,"b:230:4:242:Infinity:234:4:242:Infinity":23,"s:230:4:242:Infinity":73,"s:231:6:231:Infinity":74,"s:232:6:232:Infinity":75,"s:233:6:233:Infinity":76,"b:234:4:242:Infinity:238:4:242:Infinity":24,"s:234:4:242:Infinity":77,"s:235:6:235:Infinity":78,"s:236:6:236:Infinity":79,"s:237:6:237:Infinity":80,"b:238:4:242:Infinity:undefined:undefined:undefined:undefined":25,"s:238:4:242:Infinity":81,"s:239:6:239:Infinity":82,"s:240:6:240:Infinity":83,"s:241:6:241:Infinity":84,"b:249:4:255:Infinity:253:11:255:Infinity":26,"s:249:4:255:Infinity":85,"s:250:6:250:Infinity":86,"s:251:6:251:Infinity":87,"f:251:70:251:76":9,"s:251:76:251:85":88,"s:252:6:252:Infinity":89,"f:252:66:252:72":10,"s:252:72:252:81":90,"s:254:6:254:Infinity":91,"s:257:4:257:Infinity":92,"s:259:4:266:Infinity":93,"f:278:8:278:Infinity":11,"b:283:8:283:Infinity":27,"s:285:23:288:Infinity":94,"s:290:4:290:Infinity":95,"b:290:11:290:28:290:28:290:Infinity":28,"f:303:2:303:16":12,"b:304:4:304:Infinity:undefined:undefined:undefined:undefined":29,"s:304:4:304:Infinity":96,"s:304:33:304:Infinity":97,"b:305:4:305:Infinity:undefined:undefined:undefined:undefined":30,"s:305:4:305:Infinity":98,"s:305:33:305:Infinity":99,"s:307:21:307:Infinity":100,"s:308:24:308:Infinity":101,"s:310:4:310:Infinity":102}}}
,"/Users/jsedwick/Projects/obsidian-mcp-server/src/services/search/index/BM25Scorer.ts": {"path":"/Users/jsedwick/Projects/obsidian-mcp-server/src/services/search/index/BM25Scorer.ts","statementMap":{"0":{"start":{"line":34,"column":6},"end":{"line":34,"column":null}},"1":{"start":{"line":77,"column":55},"end":{"line":80,"column":null}},"2":{"start":{"line":94,"column":4},"end":{"line":94,"column":null}},"3":{"start":{"line":95,"column":4},"end":{"line":95,"column":null}},"4":{"start":{"line":111,"column":4},"end":{"line":114,"column":null}},"5":{"start":{"line":117,"column":24},"end":{"line":117,"column":null}},"6":{"start":{"line":119,"column":4},"end":{"line":133,"column":null}},"7":{"start":{"line":120,"column":23},"end":{"line":120,"column":null}},"8":{"start":{"line":121,"column":6},"end":{"line":121,"column":null}},"9":{"start":{"line":121,"column":21},"end":{"line":121,"column":null}},"10":{"start":{"line":123,"column":6},"end":{"line":132,"column":null}},"11":{"start":{"line":124,"column":8},"end":{"line":126,"column":null}},"12":{"start":{"line":125,"column":10},"end":{"line":125,"column":null}},"13":{"start":{"line":127,"column":25},"end":{"line":127,"column":null}},"14":{"start":{"line":128,"column":8},"end":{"line":130,"column":null}},"15":{"start":{"line":129,"column":10},"end":{"line":129,"column":null}},"16":{"start":{"line":131,"column":8},"end":{"line":131,"column":null}},"17":{"start":{"line":136,"column":36},"end":{"line":136,"column":null}},"18":{"start":{"line":138,"column":4},"end":{"line":141,"column":null}},"19":{"start":{"line":139,"column":20},"end":{"line":139,"column":null}},"20":{"start":{"line":140,"column":6},"end":{"line":140,"column":null}},"21":{"start":{"line":144,"column":4},"end":{"line":144,"column":null}},"22":{"start":{"line":144,"column":26},"end":{"line":144,"column":43}},"23":{"start":{"line":146,"column":4},"end":{"line":149,"column":null}},"24":{"start":{"line":151,"column":4},"end":{"line":151,"column":null}},"25":{"start":{"line":167,"column":21},"end":{"line":167,"column":null}},"26":{"start":{"line":168,"column":23},"end":{"line":168,"column":null}},"27":{"start":{"line":169,"column":24},"end":{"line":169,"column":null}},"28":{"start":{"line":172,"column":30},"end":{"line":172,"column":null}},"29":{"start":{"line":173,"column":25},"end":{"line":173,"column":null}},"30":{"start":{"line":174,"column":22},"end":{"line":174,"column":null}},"31":{"start":{"line":176,"column":4},"end":{"line":188,"column":null}},"32":{"start":{"line":177,"column":24},"end":{"line":177,"column":null}},"33":{"start":{"line":178,"column":6},"end":{"line":178,"column":null}},"34":{"start":{"line":179,"column":6},"end":{"line":179,"column":null}},"35":{"start":{"line":182,"column":6},"end":{"line":187,"column":null}},"36":{"start":{"line":183,"column":8},"end":{"line":186,"column":null}},"37":{"start":{"line":184,"column":36},"end":{"line":184,"column":null}},"38":{"start":{"line":185,"column":10},"end":{"line":185,"column":null}},"39":{"start":{"line":190,"column":4},"end":{"line":195,"column":null}},"40":{"start":{"line":214,"column":16},"end":{"line":214,"column":null}},"41":{"start":{"line":217,"column":21},"end":{"line":217,"column":null}},"42":{"start":{"line":217,"column":49},"end":{"line":217,"column":72}},"43":{"start":{"line":220,"column":22},"end":{"line":220,"column":null}},"44":{"start":{"line":223,"column":22},"end":{"line":223,"column":null}},"45":{"start":{"line":225,"column":6},"end":{"line":227,"column":null}},"46":{"start":{"line":229,"column":18},"end":{"line":229,"column":null}},"47":{"start":{"line":231,"column":4},"end":{"line":231,"column":null}},"48":{"start":{"line":248,"column":14},"end":{"line":248,"column":null}},"49":{"start":{"line":249,"column":15},"end":{"line":249,"column":null}},"50":{"start":{"line":252,"column":4},"end":{"line":252,"column":null}},"51":{"start":{"line":252,"column":18},"end":{"line":252,"column":null}},"52":{"start":{"line":255,"column":16},"end":{"line":255,"column":null}},"53":{"start":{"line":257,"column":4},"end":{"line":257,"column":null}},"54":{"start":{"line":273,"column":67},"end":{"line":273,"column":null}},"55":{"start":{"line":274,"column":21},"end":{"line":274,"column":null}},"56":{"start":{"line":277,"column":25},"end":{"line":277,"column":null}},"57":{"start":{"line":278,"column":22},"end":{"line":278,"column":null}},"58":{"start":{"line":280,"column":4},"end":{"line":303,"column":null}},"59":{"start":{"line":281,"column":18},"end":{"line":281,"column":null}},"60":{"start":{"line":282,"column":23},"end":{"line":282,"column":null}},"61":{"start":{"line":282,"column":51},"end":{"line":282,"column":74}},"62":{"start":{"line":283,"column":20},"end":{"line":283,"column":null}},"63":{"start":{"line":285,"column":6},"end":{"line":285,"column":null}},"64":{"start":{"line":287,"column":26},"end":{"line":293,"column":null}},"65":{"start":{"line":295,"column":6},"end":{"line":302,"column":null}},"66":{"start":{"line":305,"column":4},"end":{"line":309,"column":null}},"67":{"start":{"line":318,"column":4},"end":{"line":321,"column":null}},"68":{"start":{"line":322,"column":4},"end":{"line":322,"column":null}},"69":{"start":{"line":331,"column":4},"end":{"line":331,"column":null}},"70":{"start":{"line":343,"column":15},"end":{"line":343,"column":null}},"71":{"start":{"line":345,"column":4},"end":{"line":349,"column":null}},"72":{"start":{"line":347,"column":25},"end":{"line":347,"column":null}},"73":{"start":{"line":347,"column":51},"end":{"line":347,"column":58}},"74":{"start":{"line":348,"column":6},"end":{"line":348,"column":null}},"75":{"start":{"line":351,"column":4},"end":{"line":351,"column":null}}},"fnMap":{"0":{"name":"(anonymous_0)","decl":{"start":{"line":93,"column":2},"end":{"line":93,"column":14}},"loc":{"start":{"line":93,"column":64},"end":{"line":96,"column":null}},"line":93},"1":{"name":"(anonymous_1)","decl":{"start":{"line":106,"column":2},"end":{"line":106,"column":null}},"loc":{"start":{"line":110,"column":21},"end":{"line":152,"column":null}},"line":110},"2":{"name":"(anonymous_2)","decl":{"start":{"line":144,"column":16},"end":{"line":144,"column":17}},"loc":{"start":{"line":144,"column":26},"end":{"line":144,"column":43}},"line":144},"3":{"name":"(anonymous_3)","decl":{"start":{"line":162,"column":10},"end":{"line":162,"column":null}},"loc":{"start":{"line":166,"column":19},"end":{"line":196,"column":null}},"line":166},"4":{"name":"(anonymous_4)","decl":{"start":{"line":207,"column":10},"end":{"line":207,"column":null}},"loc":{"start":{"line":212,"column":12},"end":{"line":232,"column":null}},"line":212},"5":{"name":"(anonymous_5)","decl":{"start":{"line":217,"column":37},"end":{"line":217,"column":38}},"loc":{"start":{"line":217,"column":49},"end":{"line":217,"column":72}},"line":217},"6":{"name":"(anonymous_6)","decl":{"start":{"line":247,"column":10},"end":{"line":247,"column":23}},"loc":{"start":{"line":247,"column":69},"end":{"line":258,"column":null}},"line":247},"7":{"name":"(anonymous_7)","decl":{"start":{"line":268,"column":2},"end":{"line":268,"column":null}},"loc":{"start":{"line":272,"column":22},"end":{"line":310,"column":null}},"line":272},"8":{"name":"(anonymous_8)","decl":{"start":{"line":282,"column":39},"end":{"line":282,"column":40}},"loc":{"start":{"line":282,"column":51},"end":{"line":282,"column":74}},"line":282},"9":{"name":"(anonymous_9)","decl":{"start":{"line":317,"column":2},"end":{"line":317,"column":16}},"loc":{"start":{"line":317,"column":55},"end":{"line":323,"column":null}},"line":317},"10":{"name":"(anonymous_10)","decl":{"start":{"line":330,"column":2},"end":{"line":330,"column":34}},"loc":{"start":{"line":330,"column":34},"end":{"line":332,"column":null}},"line":330},"11":{"name":"(anonymous_11)","decl":{"start":{"line":340,"column":9},"end":{"line":340,"column":null}},"loc":{"start":{"line":342,"column":25},"end":{"line":352,"column":null}},"line":342},"12":{"name":"(anonymous_12)","decl":{"start":{"line":347,"column":46},"end":{"line":347,"column":51}},"loc":{"start":{"line":347,"column":51},"end":{"line":347,"column":58}},"line":347}},"branchMap":{"0":{"loc":{"start":{"line":93,"column":14},"end":{"line":93,"column":64}},"type":"default-arg","locations":[{"start":{"line":93,"column":39},"end":{"line":93,"column":64}}],"line":93},"1":{"loc":{"start":{"line":121,"column":6},"end":{"line":121,"column":null}},"type":"if","locations":[{"start":{"line":121,"column":6},"end":{"line":121,"column":null}},{"start":{},"end":{}}],"line":121},"2":{"loc":{"start":{"line":124,"column":8},"end":{"line":126,"column":null}},"type":"if","locations":[{"start":{"line":124,"column":8},"end":{"line":126,"column":null}},{"start":{},"end":{}}],"line":124},"3":{"loc":{"start":{"line":128,"column":8},"end":{"line":130,"column":null}},"type":"if","locations":[{"start":{"line":128,"column":8},"end":{"line":130,"column":null}},{"start":{},"end":{}}],"line":128},"4":{"loc":{"start":{"line":148,"column":16},"end":{"line":148,"column":null}},"type":"binary-expr","locations":[{"start":{"line":148,"column":16},"end":{"line":148,"column":36}},{"start":{"line":148,"column":36},"end":{"line":148,"column":null}}],"line":148},"5":{"loc":{"start":{"line":174,"column":22},"end":{"line":174,"column":null}},"type":"binary-expr","locations":[{"start":{"line":174,"column":22},"end":{"line":174,"column":53}},{"start":{"line":174,"column":53},"end":{"line":174,"column":null}}],"line":174},"6":{"loc":{"start":{"line":184,"column":36},"end":{"line":184,"column":null}},"type":"binary-expr","locations":[{"start":{"line":184,"column":36},"end":{"line":184,"column":73}},{"start":{"line":184,"column":73},"end":{"line":184,"column":null}}],"line":184},"7":{"loc":{"start":{"line":223,"column":22},"end":{"line":223,"column":null}},"type":"binary-expr","locations":[{"start":{"line":223,"column":22},"end":{"line":223,"column":53}},{"start":{"line":223,"column":53},"end":{"line":223,"column":null}}],"line":223},"8":{"loc":{"start":{"line":249,"column":15},"end":{"line":249,"column":null}},"type":"binary-expr","locations":[{"start":{"line":249,"column":15},"end":{"line":249,"column":52}},{"start":{"line":249,"column":52},"end":{"line":249,"column":null}}],"line":249},"9":{"loc":{"start":{"line":252,"column":4},"end":{"line":252,"column":null}},"type":"if","locations":[{"start":{"line":252,"column":4},"end":{"line":252,"column":null}},{"start":{},"end":{}}],"line":252},"10":{"loc":{"start":{"line":278,"column":22},"end":{"line":278,"column":null}},"type":"binary-expr","locations":[{"start":{"line":278,"column":22},"end":{"line":278,"column":53}},{"start":{"line":278,"column":53},"end":{"line":278,"column":null}}],"line":278}},"s":{"0":1,"1":1,"2":31,"3":31,"4":24,"5":24,"6":24,"7":27,"8":27,"9":2,"10":25,"11":32,"12":30,"13":32,"14":32,"15":32,"16":32,"17":24,"18":24,"19":30,"20":30,"21":24,"22":8,"23":24,"24":24,"25":30,"26":30,"27":30,"28":30,"29":30,"30":30,"31":30,"32":32,"33":32,"34":32,"35":32,"36":32,"37":32,"38":32,"39":30,"40":37,"41":37,"42":37,"43":37,"44":37,"45":37,"46":37,"47":37,"48":42,"49":42,"50":42,"51":1,"52":41,"53":41,"54":4,"55":4,"56":4,"57":4,"58":4,"59":5,"60":5,"61":5,"62":5,"63":5,"64":5,"65":5,"66":4,"67":3,"68":3,"69":5,"70":3,"71":3,"72":3,"73":8,"74":3,"75":3},"f":{"0":31,"1":24,"2":8,"3":30,"4":37,"5":37,"6":42,"7":4,"8":5,"9":3,"10":5,"11":1,"12":8},"b":{"0":[31],"1":[2,25],"2":[30,2],"3":[32,0],"4":[24,2],"5":[30,0],"6":[32,30],"7":[37,1],"8":[42,1],"9":[1,41],"10":[4,0]},"meta":{"lastBranch":11,"lastFunction":13,"lastStatement":76,"seen":{"s:34:6:34:Infinity":0,"s:77:55:80:Infinity":1,"f:93:2:93:14":0,"b:93:39:93:64":0,"s:94:4:94:Infinity":2,"s:95:4:95:Infinity":3,"f:106:2:106:Infinity":1,"s:111:4:114:Infinity":4,"s:117:24:117:Infinity":5,"s:119:4:133:Infinity":6,"s:120:23:120:Infinity":7,"b:121:6:121:Infinity:undefined:undefined:undefined:undefined":1,"s:121:6:121:Infinity":8,"s:121:21:121:Infinity":9,"s:123:6:132:Infinity":10,"b:124:8:126:Infinity:undefined:undefined:undefined:undefined":2,"s:124:8:126:Infinity":11,"s:125:10:125:Infinity":12,"s:127:25:127:Infinity":13,"b:128:8:130:Infinity:undefined:undefined:undefined:undefined":3,"s:128:8:130:Infinity":14,"s:129:10:129:Infinity":15,"s:131:8:131:Infinity":16,"s:136:36:136:Infinity":17,"s:138:4:141:Infinity":18,"s:139:20:139:Infinity":19,"s:140:6:140:Infinity":20,"s:144:4:144:Infinity":21,"f:144:16:144:17":2,"s:144:26:144:43":22,"s:146:4:149:Infinity":23,"b:148:16:148:36:148:36:148:Infinity":4,"s:151:4:151:Infinity":24,"f:162:10:162:Infinity":3,"s:167:21:167:Infinity":25,"s:168:23:168:Infinity":26,"s:169:24:169:Infinity":27,"s:172:30:172:Infinity":28,"s:173:25:173:Infinity":29,"s:174:22:174:Infinity":30,"b:174:22:174:53:174:53:174:Infinity":5,"s:176:4:188:Infinity":31,"s:177:24:177:Infinity":32,"s:178:6:178:Infinity":33,"s:179:6:179:Infinity":34,"s:182:6:187:Infinity":35,"s:183:8:186:Infinity":36,"s:184:36:184:Infinity":37,"b:184:36:184:73:184:73:184:Infinity":6,"s:185:10:185:Infinity":38,"s:190:4:195:Infinity":39,"f:207:10:207:Infinity":4,"s:214:16:214:Infinity":40,"s:217:21:217:Infinity":41,"f:217:37:217:38":5,"s:217:49:217:72":42,"s:220:22:220:Infinity":43,"s:223:22:223:Infinity":44,"b:223:22:223:53:223:53:223:Infinity":7,"s:225:6:227:Infinity":45,"s:229:18:229:Infinity":46,"s:231:4:231:Infinity":47,"f:247:10:247:23":6,"s:248:14:248:Infinity":48,"s:249:15:249:Infinity":49,"b:249:15:249:52:249:52:249:Infinity":8,"b:252:4:252:Infinity:undefined:undefined:undefined:undefined":9,"s:252:4:252:Infinity":50,"s:252:18:252:Infinity":51,"s:255:16:255:Infinity":52,"s:257:4:257:Infinity":53,"f:268:2:268:Infinity":7,"s:273:67:273:Infinity":54,"s:274:21:274:Infinity":55,"s:277:25:277:Infinity":56,"s:278:22:278:Infinity":57,"b:278:22:278:53:278:53:278:Infinity":10,"s:280:4:303:Infinity":58,"s:281:18:281:Infinity":59,"s:282:23:282:Infinity":60,"f:282:39:282:40":8,"s:282:51:282:74":61,"s:283:20:283:Infinity":62,"s:285:6:285:Infinity":63,"s:287:26:293:Infinity":64,"s:295:6:302:Infinity":65,"s:305:4:309:Infinity":66,"f:317:2:317:16":9,"s:318:4:321:Infinity":67,"s:322:4:322:Infinity":68,"f:330:2:330:34":10,"s:331:4:331:Infinity":69,"f:340:9:340:Infinity":11,"s:343:15:343:Infinity":70,"s:345:4:349:Infinity":71,"s:347:25:347:Infinity":72,"f:347:46:347:51":12,"s:347:51:347:58":73,"s:348:6:348:Infinity":74,"s:351:4:351:Infinity":75}}}
,"/Users/jsedwick/Projects/obsidian-mcp-server/src/services/search/index/CacheValidator.ts": {"path":"/Users/jsedwick/Projects/obsidian-mcp-server/src/services/search/index/CacheValidator.ts","statementMap":{"0":{"start":{"line":17,"column":6},"end":{"line":17,"column":null}},"1":{"start":{"line":22,"column":7},"end":{"line":22,"column":null}},"2":{"start":{"line":23,"column":2},"end":{"line":23,"column":null}},"3":{"start":{"line":24,"column":2},"end":{"line":24,"column":null}},"4":{"start":{"line":25,"column":2},"end":{"line":25,"column":null}},"5":{"start":{"line":26,"column":2},"end":{"line":26,"column":null}},"6":{"start":{"line":22,"column":12},"end":{"line":22,"column":null}},"7":{"start":{"line":104,"column":64},"end":{"line":108,"column":null}},"8":{"start":{"line":122,"column":4},"end":{"line":125,"column":null}},"9":{"start":{"line":127,"column":4},"end":{"line":130,"column":null}},"10":{"start":{"line":141,"column":4},"end":{"line":144,"column":null}},"11":{"start":{"line":146,"column":34},"end":{"line":146,"column":null}},"12":{"start":{"line":147,"column":25},"end":{"line":147,"column":null}},"13":{"start":{"line":150,"column":4},"end":{"line":157,"column":null}},"14":{"start":{"line":151,"column":6},"end":{"line":151,"column":null}},"15":{"start":{"line":152,"column":21},"end":{"line":152,"column":null}},"16":{"start":{"line":154,"column":6},"end":{"line":156,"column":null}},"17":{"start":{"line":155,"column":8},"end":{"line":155,"column":null}},"18":{"start":{"line":160,"column":27},"end":{"line":160,"column":null}},"19":{"start":{"line":161,"column":4},"end":{"line":172,"column":null}},"20":{"start":{"line":162,"column":6},"end":{"line":171,"column":null}},"21":{"start":{"line":163,"column":25},"end":{"line":163,"column":null}},"22":{"start":{"line":164,"column":8},"end":{"line":170,"column":null}},"23":{"start":{"line":175,"column":37},"end":{"line":184,"column":null}},"24":{"start":{"line":178,"column":33},"end":{"line":178,"column":66}},"25":{"start":{"line":179,"column":36},"end":{"line":179,"column":72}},"26":{"start":{"line":180,"column":35},"end":{"line":180,"column":70}},"27":{"start":{"line":181,"column":37},"end":{"line":181,"column":74}},"28":{"start":{"line":186,"column":4},"end":{"line":191,"column":null}},"29":{"start":{"line":193,"column":4},"end":{"line":193,"column":null}},"30":{"start":{"line":204,"column":19},"end":{"line":204,"column":null}},"31":{"start":{"line":207,"column":4},"end":{"line":215,"column":null}},"32":{"start":{"li
[...]
ll}},"20":{"start":{"line":77,"column":4},"end":{"line":80,"column":null}},"21":{"start":{"line":84,"column":17},"end":{"line":84,"column":null}},"22":{"start":{"line":86,"column":2},"end":{"line":95,"column":null}},"23":{"start":{"line":88,"column":4},"end":{"line":88,"column":null}},"24":{"start":{"line":90,"column":4},"end":{"line":92,"column":null}},"25":{"start":{"line":91,"column":6},"end":{"line":91,"column":null}},"26":{"start":{"line":94,"column":4},"end":{"line":94,"column":null}},"27":{"start":{"line":123,"column":2},"end":{"line":141,"column":null}},"28":{"start":{"line":124,"column":17},"end":{"line":124,"column":null}},"29":{"start":{"line":125,"column":4},"end":{"line":125,"column":null}},"30":{"start":{"line":127,"column":4},"end":{"line":129,"column":null}},"31":{"start":{"line":128,"column":6},"end":{"line":128,"column":null}},"32":{"start":{"line":131,"column":28},"end":{"line":139,"column":null}},"33":{"start":{"line":140,"column":4},"end":{"line":140,"column":null}},"34":{"start":{"line":161,"column":2},"end":{"line":166,"column":null}},"35":{"start":{"line":162,"column":4},"end":{"line":165,"column":null}},"36":{"start":{"line":168,"column":2},"end":{"line":168,"column":null}},"37":{"start":{"line":195,"column":2},"end":{"line":202,"column":null}},"38":{"start":{"line":196,"column":19},"end":{"line":196,"column":null}},"39":{"start":{"line":197,"column":4},"end":{"line":201,"column":null}},"40":{"start":{"line":198,"column":6},"end":{"line":198,"column":null}},"41":{"start":{"line":200,"column":6},"end":{"line":200,"column":null}},"42":{"start":{"line":223,"column":17},"end":{"line":223,"column":null}},"43":{"start":{"line":224,"column":2},"end":{"line":224,"column":null}}},"fnMap":{"0":{"name":"(anonymous_0)","decl":{"start":{"line":15,"column":2},"end":{"line":15,"column":null}},"loc":{"start":{"line":19,"column":4},"end":{"line":22,"column":null}},"line":19},"1":{"name":"(anonymous_1)","decl":{"start":{"line":27,"column":17},"end":{"line":27,"column":36}},"loc":{"start":{"line":27,"column":81},"end":{"line":34,"column":null}},"line":27},"2":{"name":"(anonymous_2)","decl":{"start":{"line":28,"column":36},"end":{"line":28,"column":45}},"loc":{"start":{"line":28,"column":45},"end":{"line":31,"column":5}},"line":28},"3":{"name":"(anonymous_3)","decl":{"start":{"line":39,"column":2},"end":{"line":39,"column":30}},"loc":{"start":{"line":39,"column":30},"end":{"line":51,"column":null}},"line":39},"4":{"name":"(anonymous_4)","decl":{"start":{"line":47,"column":39},"end":{"line":47,"column":40}},"loc":{"start":{"line":47,"column":55},"end":{"line":49,"column":5}},"line":47},"5":{"name":"validateToolArgs","decl":{"start":{"line":71,"column":16},"end":{"line":71,"column":null}},"loc":{"start":{"line":74,"column":40},"end":{"line":96,"column":null}},"line":74},"6":{"name":"safeValidateToolArgs","decl":{"start":{"line":117,"column":16},"end":{"line":117,"column":null}},"loc":{"start":{"line":122,"column":47},"end":{"line":142,"column":null}},"line":122},"7":{"name":"getValidationSchema","decl":{"start":{"line":158,"column":16},"end":{"line":158,"column":null}},"loc":{"start":{"line":160,"column":31},"end":{"line":169,"column":null}},"line":160},"8":{"name":"validateBatch","decl":{"start":{"line":189,"column":16},"end":{"line":189,"column":null}},"loc":{"start":{"line":194,"column":2},"end":{"line":203,"column":null}},"line":194},"9":{"name":"(anonymous_9)","decl":{"start":{"line":195,"column":19},"end":{"line":195,"column":20}},"loc":{"start":{"line":195,"column":43},"end":{"line":202,"column":3}},"line":195},"10":{"name":"isValid","decl":{"start":{"line":219,"column":16},"end":{"line":219,"column":null}},"loc":{"start":{"line":222,"column":11},"end":{"line":225,"column":null}},"line":222}},"branchMap":{"0":{"loc":{"start":{"line":29,"column":19},"end":{"line":29,"column":null}},"type":"cond-expr","locations":[{"start":{"line":29,"column":43},"end":{"line":29,"column":66}},{"start":{"line":29,"column":66},"end":{"line":29,"column":null}}],"line":29},"1":{"loc":{"start":{"line":48,"column":34},"end":{"line":48,"column":66}},"type":"binary-expr","locations":[{"start":{"line":48,"column":34},"end":{"line":48,"column":58}},{"start":{"line":48,"column":58},"end":{"line":48,"column":66}}],"line":48},"2":{"loc":{"start":{"line":76,"column":2},"end":{"line":81,"column":null}},"type":"if","locations":[{"start":{"line":76,"column":2},"end":{"line":81,"column":null}},{"start":{},"end":{}}],"line":76},"3":{"loc":{"start":{"line":90,"column":4},"end":{"line":92,"column":null}},"type":"if","locations":[{"start":{"line":90,"column":4},"end":{"line":92,"column":null}},{"start":{},"end":{}}],"line":90},"4":{"loc":{"start":{"line":127,"column":4},"end":{"line":129,"column":null}},"type":"if","locations":[{"start":{"line":127,"column":4},"end":{"line":129,"column":null}},{"start":{},"end":{}}],"line":127},"5":{"loc":{"start":{"line":136,"column":17},"end":{"line":136,"column":null}},"type":"cond-expr","locations":[{"start":{"line":136,"column":42},"end":{"line":136,"column":58}},{"start":{"line":136,"column":58},"end":{"line":136,"column":null}}],"line":136},"6":{"loc":{"start":{"line":161,"column":2},"end":{"line":166,"column":null}},"type":"if","locations":[{"start":{"line":161,"column":2},"end":{"line":166,"column":null}},{"start":{},"end":{}}],"line":161},"7":{"loc":{"start":{"line":197,"column":4},"end":{"line":201,"column":null}},"type":"if","locations":[{"start":{"line":197,"column":4},"end":{"line":201,"column":null}},{"start":{"line":199,"column":11},"end":{"line":201,"column":null}}],"line":197}},"s":{"0":61,"1":61,"2":61,"3":61,"4":61,"5":61,"6":68,"7":68,"8":61,"9":1,"10":1,"11":1,"12":1,"13":1,"14":1,"15":1,"16":1,"17":2,"18":1,"19":170,"20":0,"21":170,"22":170,"23":170,"24":61,"25":61,"26":0,"27":8,"28":8,"29":8,"30":3,"31":3,"32":0,"33":3,"34":2,"35":1,"36":1,"37":2,"38":4,"39":4,"40":3,"41":1,"42":2,"43":2},"f":{"0":61,"1":1,"2":68,"3":1,"4":2,"5":170,"6":8,"7":2,"8":2,"9":4,"10":2},"b":{"0":[62,6],"1":[2,0],"2":[0,170],"3":[61,0],"4":[3,0],"5":[0,0],"6":[1,1],"7":[3,1]},"meta":{"lastBranch":8,"lastFunction":11,"lastStatement":44,"seen":{"f:15:2:15:Infinity":0,"s:20:4:20:Infinity":0,"s:16:20:16:Infinity":1,"s:17:20:17:Infinity":2,"s:18:20:18:Infinity":3,"s:21:4:21:Infinity":4,"f:27:17:27:36":1,"s:28:19:31:Infinity":5,"f:28:36:28:45":2,"s:29:19:29:Infinity":6,"b:29:43:29:66:29:66:29:Infinity":0,"s:30:6:30:Infinity":7,"s:33:4:33:Infinity":8,"f:39:2:39:30":3,"s:40:17:40:Infinity":9,"s:41:4:41:Infinity":10,"s:42:4:42:Infinity":11,"s:43:4:43:Infinity":12,"s:44:4:44:Infinity":13,"s:45:4:45:Infinity":14,"s:46:4:46:Infinity":15,"s:47:4:49:Infinity":16,"f:47:39:47:40":4,"s:48:6:48:Infinity":17,"b:48:34:48:58:48:58:48:66":1,"s:50:4:50:Infinity":18,"f:71:16:71:Infinity":5,"b:76:2:81:Infinity:undefined:undefined:undefined:undefined":2,"s:76:2:81:Infinity":19,"s:77:4:80:Infinity":20,"s:84:17:84:Infinity":21,"s:86:2:95:Infinity":22,"s:88:4:88:Infinity":23,"b:90:4:92:Infinity:undefined:undefined:undefined:undefined":3,"s:90:4:92:Infinity":24,"s:91:6:91:Infinity":25,"s:94:4:94:Infinity":26,"f:117:16:117:Infinity":6,"s:123:2:141:Infinity":27,"s:124:17:124:Infinity":28,"s:125:4:125:Infinity":29,"b:127:4:129:Infinity:undefined:undefined:undefined:undefined":4,"s:127:4:129:Infinity":30,"s:128:6:128:Infinity":31,"s:131:28:139:Infinity":32,"b:136:42:136:58:136:58:136:Infinity":5,"s:140:4:140:Infinity":33,"f:158:16:158:Infinity":7,"b:161:2:166:Infinity:undefined:undefined:undefined:undefined":6,"s:161:2:166:Infinity":34,"s:162:4:165:Infinity":35,"s:168:2:168:Infinity":36,"f:189:16:189:Infinity":8,"s:195:2:202:Infinity":37,"f:195:19:195:20":9,"s:196:19:196:Infinity":38,"b:197:4:201:Infinity:199:11:201:Infinity":7,"s:197:4:201:Infinity":39,"s:198:6:198:Infinity":40,"s:200:6:200:Infinity":41,"f:219:16:219:Infinity":10,"s:223:17:223:Infinity":42,"s:224:2:224:Infinity":43}}}
,"/Users/jsedwick/Projects/obsidian-mcp-server/src/validation/schemas.ts": {"path":"/Users/jsedwick/Projects/obsidian-mcp-server/src/validation/schemas.ts","statementMap":{"0":{"start":{"line":23,"column":26},"end":{"line":25,"column":null}},"1":{"start":{"line":24,"column":19},"end":{"line":24,"column":null}},"2":{"start":{"line":28,"column":31},"end":{"line":30,"column":null}},"3":{"start":{"line":29,"column":19},"end":{"line":29,"column":null}},"4":{"start":{"line":33,"column":24},"end":{"line":38,"column":null}},"5":{"start":{"line":41,"column":23},"end":{"line":41,"column":null}},"6":{"start":{"line":44,"column":23},"end":{"line":44,"column":null}},"7":{"start":{"line":47,"column":21},"end":{"line":52,"column":null}},"8":{"start":{"line":50,"column":18},"end":{"line":50,"column":66}},"9":{"start":{"line":55,"column":19},"end":{"line":57,"column":null}},"10":{"start":{"line":64,"column":41},"end":{"line":67,"column":null}},"11":{"start":{"line":70,"column":43},"end":{"line":72,"column":null}},"12":{"start":{"line":75,"column":44},"end":{"line":82,"column":null}},"13":{"start":{"line":86,"column":26},"end":{"line":152,"column":null}},"14":{"start":{"line":154,"column":38},"end":{"line":207,"column":null}},"15":{"start":{"line":197,"column":6},"end":{"line":199,"column":null}},"16":{"start":{"line":198,"column":8},"end":{"line":198,"column":null}},"17":{"start":{"line":200,"column":6},"end":{"line":200,"column":null}},"18":{"start":{"line":210,"column":51},"end":{"line":218,"column":null}},"19":{"start":{"line":221,"column":44},"end":{"line":223,"column":null}},"20":{"start":{"line":230,"column":37},"end":{"line":255,"column":null}},"21":{"start":{"line":258,"column":42},"end":{"line":263,"column":null}},"22":{"start":{"line":270,"column":41},"end":{"line":289,"column":null}},"23":{"start":{"line":292,"column":38},"end":{"line":295,"column":null}},"24":{"start":{"line":298,"column":45},"end":{"line":302,"column":null}},"25":{"start":{"line":309,"column":41},"end":{"line":322,"column":null}},"26":{"start":{"line":325,"column":36},"end":{"line":360,"column":null}},"27":{"start":{"line":362,"column":44},"end":{"line":367,"column":null}},"28":{"start":{"line":374,"column":43},"end":{"line":376,"column":null}},"29":{"start":{"line":379,"column":38},"end":{"line":382,"column":null}},"30":{"start":{"line":385,"column":49},"end":{"line":387,"column":null}},"31":{"start":{"line":390,"column":44},"end":{"line":397,"column":null}},"32":{"start":{"line":400,"column":45},"end":{"line":408,"column":null}},"33":{"start":{"line":415,"column":40},"end":{"line":437,"column":null}},"34":{"start":{"line":444,"column":40},"end":{"line":451,"column":null}},"35":{"start":{"line":458,"column":41},"end":{"line":460,"column":null}},"36":{"start":{"line":467,"column":39},"end":{"line":467,"column":null}},"37":{"start":{"line":470,"column":45},"end":{"line":483,"column":null}},"38":{"start":{"line":490,"column":25},"end":{"line":492,"column":null}},"39":{"start":{"line":491,"column":19},"end":{"line":491,"column":null}},"40":{"start":{"line":495,"column":27},"end":{"line":497,"column":null}},"41":{"start":{"line":496,"column":19},"end":{"line":496,"column":null}},"42":{"start":{"line":500,"column":26},"end":{"line":502,"column":null}},"43":{"start":{"line":501,"column":19},"end":{"line":501,"column":null}},"44":{"start":{"line":505,"column":40},"end":{"line":511,"column":null}},"45":{"start":{"line":514,"column":33},"end":{"line":524,"column":null}},"46":{"start":{"line":527,"column":38},"end":{"line":530,"column":null}},"47":{"start":{"line":537,"column":29},"end":{"line":541,"column":null}},"48":{"start":{"line":538,"column":19},"end":{"line":540,"column":null}},"49":{"start":{"line":544,"column":40},"end":{"line":572,"column":null}},"50":{"start":{"line":570,"column":18},"end":{"line":570,"column":67}},"51":{"start":{"line":579,"column":32},"end":{"line":581,"column":null}},"52":{"start":{"line":580,"column":19},"end":{"line":580,"column":null}},"53":{"start":{"line":584,"column":34},"end":{"line":597,"column":null}},"54":{"start":{"line":595,"column":18},"end":{"line":595,"column":68}},"55":{"start":{"line":604,"column":24},"end":{"line":606,"column":null}},"56":{"start":{"line":605,"column":19},"end":{"line":605,"column":null}},"57":{"start":{"line":609,"column":36},"end":{"line":611,"column":null}},"58":{"start":{"line":614,"column":40},"end":{"line":614,"column":null}},"59":{"start":{"line":616,"column":34},"end":{"line":627,"column":null}},"60":{"start":{"line":634,"column":28},"end":{"line":636,"column":null}},"61":{"start":{"line":635,"column":19},"end":{"line":635,"column":null}},"62":{"start":{"line":639,"column":24},"end":{"line":641,"column":null}},"63":{"start":{"line":640,"column":19},"end":{"line":640,"column":null}},"64":{"start":{"line":644,"column":31},"end":{"line":657,"column":null}},"65":{"start":{"line":660,"column":45},"end":{"line":666,"column":null}},"66":{"start":{"line":669,"column":47},"end":{"line":674,"column":null}},"67":{"start":{"line":680,"column":33},"end":{"line":744,"column":null}},"68":{"start":{"line":756,"column":26},"end":{"line":756,"column":null}}},"fnMap":{"0":{"name":"(anonymous_0)","decl":{"start":{"line":24,"column":12},"end":{"line":24,"column":19}},"loc":{"start":{"line":24,"column":19},"end":{"line":24,"column":null}},"line":24},"1":{"name":"(anonymous_1)","decl":{"start":{"line":29,"column":12},"end":{"line":29,"column":19}},"loc":{"start":{"line":29,"column":19},"end":{"line":29,"column":null}},"line":29},"2":{"name":"(anonymous_2)","decl":{"start":{"line":50,"column":10},"end":{"line":50,"column":18}},"loc":{"start":{"line":50,"column":18},"end":{"line":50,"column":66}},"line":50},"3":{"name":"(anonymous_3)","decl":{"start":{"line":195,"column":4},"end":{"line":195,"column":12}},"loc":{"start":{"line":195,"column":12},"end":{"line":201,"column":null}},"line":195},"4":{"name":"(anonymous_4)","decl":{"start":{"line":491,"column":12},"end":{"line":491,"column":19}},"loc":{"start":{"line":491,"column":19},"end":{"line":491,"column":null}},"line":491},"5":{"name":"(anonymous_5)","decl":{"start":{"line":496,"column":12},"end":{"line":496,"column":19}},"loc":{"start":{"line":496,"column":19},"end":{"line":496,"column":null}},"line":496},"6":{"name":"(anonymous_6)","decl":{"start":{"line":501,"column":12},"end":{"line":501,"column":19}},"loc":{"start":{"line":501,"column":19},"end":{"line":501,"column":null}},"line":501},"7":{"name":"(anonymous_7)","decl":{"start":{"line":538,"column":12},"end":{"line":538,"column":19}},"loc":{"start":{"line":538,"column":19},"end":{"line":540,"column":null}},"line":538},"8":{"name":"(anonymous_8)","decl":{"start":{"line":570,"column":10},"end":{"line":570,"column":18}},"loc":{"start":{"line":570,"column":18},"end":{"line":570,"column":67}},"line":570},"9":{"name":"(anonymous_9)","decl":{"start":{"line":580,"column":12},"end":{"line":580,"column":19}},"loc":{"start":{"line":580,"column":19},"end":{"line":580,"column":null}},"line":580},"10":{"name":"(anonymous_10)","decl":{"start":{"line":595,"column":10},"end":{"line":595,"column":18}},"loc":{"start":{"line":595,"column":18},"end":{"line":595,"column":68}},"line":595},"11":{"name":"(anonymous_11)","decl":{"start":{"line":605,"column":12},"end":{"line":605,"column":19}},"loc":{"start":{"line":605,"column":19},"end":{"line":605,"column":null}},"line":605},"12":{"name":"(anonymous_12)","decl":{"start":{"line":635,"column":12},"end":{"line":635,"column":19}},"loc":{"start":{"line":635,"column":19},"end":{"line":635,"column":null}},"line":635},"13":{"name":"(anonymous_13)","decl":{"start":{"line":640,"column":12},"end":{"line":640,"column":19}},"loc":{"start":{"line":640,"column":19},"end":{"line":640,"column":null}},"line":640}},"branchMap":{"0":{"loc":{"start":{"line":50,"column":18},"end":{"line":50,"column":66}},"type":"binary-expr","locations":[{"start":{"line":50,"column":18},"end":{"line":50,"column":42}},{"start":{"line":50,"column":42},"end":{"line":50,"column":66}}],"line":50},"1":{"loc":{"start":{"line":197,"column":6},"end":{"line":199,"column":null}},"type":"if","locations":[{"start":{"line":197,"column":6},"end":{"line":199,"column":null}},{"start":{},"end":{}}],"line":197},"2":{"loc":{"start":{"line":198,"column":15},"end":{"line":198,"column":null}},"type":"binary-expr","locations":[{"start":{"line":198,"column":15},"end":{"line":198,"column":45}},{"start":{"line":198,"column":45},"end":{"line":198,"column":70}},{"start":{"line":198,"column":70},"end":{"line":198,"column":null}}],"line":198},"3":{"loc":{"start":{"line":570,"column":20},"end":{"line":570,"column":67}},"type":"binary-expr","locations":[{"start":{"line":570,"column":20},"end":{"line":570,"column":48}},{"start":{"line":570,"column":48},"end":{"line":570,"column":67}}],"line":570},"4":{"loc":{"start":{"line":595,"column":20},"end":{"line":595,"column":68}},"type":"binary-expr","locations":[{"start":{"line":595,"column":20},"end":{"line":595,"column":49}},{"start":{"line":595,"column":49},"end":{"line":595,"column":68}}],"line":595}},"s":{"0":1,"1":1,"2":1,"3":3,"4":1,"5":1,"6":1,"7":1,"8":45,"9":1,"10":1,"11":1,"12":1,"13":1,"14":1,"15":6,"16":2,"17":4,"18":1,"19":1,"20":1,"21":1,"22":1,"23":1,"24":1,"25":1,"26":1,"27":1,"28":1,"29":1,"30":1,"31":1,"32":1,"33":1,"34":1,"35":1,"36":1,"37":1,"38":1,"39":1,"40":1,"41":1,"42":1,"43":1,"44":1,"45":1,"46":1,"47":1,"48":0,"49":1,"50":10,"51":1,"52":1,"53":1,"54":6,"55":1,"56":2,"57":1,"58":1,"59":1,"60":1,"61":1,"62":1,"63":1,"64":1,"65":1,"66":1,"67":1,"68":1},"f":{"0":1,"1":3,"2":45,"3":6,"4":1,"5":1,"6":1,"7":0,"8":10,"9":1,"10":6,"11":2,"12":1,"13":1},"b":{"0":[45,9],"1":[2,4],"2":[2,1,1],"3":[10,4],"4":[6,4]},"meta":{"lastBranch":5,"lastFunction":14,"lastStatement":69,"seen":{"s:23:26:25:Infinity":0,"f:24:12:24:19":0,"s:24:19:24:Infinity":1,"s:28:31:30:Infinity":2,"f:29:12:29:19":1,"s:29:19:29:Infinity":3,"s:33:24:38:Infinity":4,"s:41:23:41:Infinity":5,"s:44:23:44:Infinity":6,"s:47:21:52:Infinity":7,"f:50:10:50:18":2,"s:50:18:50:66":8,"b:50:18:50:42:50:42:50:66":0,"s:55:19:57:Infinity":9,"s:64:41:67:Infinity":10,"s:70:43:72:Infinity":11,"s:75:44:82:Infinity":12,"s:86:26:152:Infinity":13,"s:154:38:207:Infinity":14,"f:195:4:195:12":3,"b:197:6:199:Infinity:undefined:undefined:undefined:undefined":1,"s:197:6:199:Infinity":15,"s:198:8:198:Infinity":16,"b:198:15:198:45:198:45:198:70:198:70:198:Infinity":2,"s:200:6:200:Infinity":17,"s:210:51:218:Infinity":18,"s:221:44:223:Infinity":19,"s:230:37:255:Infinity":20,"s:258:42:263:Infinity":21,"s:270:41:289:Infinity":22,"s:292:38:295:Infinity":23,"s:298:45:302:Infinity":24,"s:309:41:322:Infinity":25,"s:325:36:360:Infinity":26,"s:362:44:367:Infinity":27,"s:374:43:376:Infinity":28,"s:379:38:382:Infinity":29,"s:385:49:387:Infinity":30,"s:390:44:397:Infinity":31,"s:400:45:408:Infinity":32,"s:415:40:437:Infinity":33,"s:444:40:451:Infinity":34,"s:458:41:460:Infinity":35,"s:467:39:467:Infinity":36,"s:470:45:483:Infinity":37,"s:490:25:492:Infinity":38,"f:491:12:491:19":4,"s:491:19:491:Infinity":39,"s:495:27:497:Infinity":40,"f:496:12:496:19":5,"s:496:19:496:Infinity":41,"s:500:26:502:Infinity":42,"f:501:12:501:19":6,"s:501:19:501:Infinity":43,"s:505:40:511:Infinity":44,"s:514:33:524:Infinity":45,"s:527:38:530:Infinity":46,"s:537:29:541:Infinity":47,"f:538:12:538:19":7,"s:538:19:540:Infinity":48,"s:544:40:572:Infinity":49,"f:570:10:570:18":8,"s:570:18:570:67":50,"b:570:20:570:48:570:48:570:67":3,"s:579:32:581:Infinity":51,"f:580:12:580:19":9,"s:580:19:580:Infinity":52,"s:584:34:597:Infinity":53,"f:595:10:595:18":10,"s:595:18:595:68":54,"b:595:20:595:49:595:49:595:68":4,"s:604:24:606:Infinity":55,"f:605:12:605:19":11,"s:605:19:605:Infinity":56,"s:609:36:611:Infinity":57,"s:614:40:614:Infinity":58,"s:616:34:627:Infinity":59,"s:634:28:636:Infinity":60,"f:635:12:635:19":12,"s:635:19:635:Infinity":61,"s:639:24:641:Infinity":62,"f:640:12:640:19":13,"s:640:19:640:Infinity":63,"s:644:31:657:Infinity":64,"s:660:45:666:Infinity":65,"s:669:47:674:Infinity":66,"s:680:33:744:Infinity":67,"s:756:26:756:Infinity":68}}}
}
