{"/Users/jsedwick/Documents/Obsidian/Claude/Claude/obsidian-mcp-server/src/templates.ts": {"path":"/Users/jsedwick/Documents/Obsidian/Claude/Claude/obsidian-mcp-server/src/templates.ts","statementMap":{"0":{"start":{"line":102,"column":40},"end":{"line":115,"column":null}},"1":{"start":{"line":117,"column":2},"end":{"line":131,"column":null}},"2":{"start":{"line":152,"column":43},"end":{"line":157,"column":null}},"3":{"start":{"line":161,"column":25},"end":{"line":161,"column":null}},"4":{"start":{"line":163,"column":2},"end":{"line":215,"column":null}},"5":{"start":{"line":165,"column":4},"end":{"line":183,"column":null}},"6":{"start":{"line":188,"column":4},"end":{"line":212,"column":null}},"7":{"start":{"line":228,"column":42},"end":{"line":237,"column":null}},"8":{"start":{"line":239,"column":2},"end":{"line":263,"column":null}},"9":{"start":{"line":287,"column":41},"end":{"line":295,"column":null}},"10":{"start":{"line":297,"column":2},"end":{"line":334,"column":null}},"11":{"start":{"line":355,"column":42},"end":{"line":361,"column":null}},"12":{"start":{"line":363,"column":2},"end":{"line":399,"column":null}},"13":{"start":{"line":379,"column":62},"end":{"line":379,"column":93}},"14":{"start":{"line":383,"column":62},"end":{"line":383,"column":97}},"15":{"start":{"line":387,"column":68},"end":{"line":387,"column":106}},"16":{"start":{"line":391,"column":62},"end":{"line":391,"column":90}},"17":{"start":{"line":395,"column":68},"end":{"line":395,"column":96}},"18":{"start":{"line":399,"column":66},"end":{"line":399,"column":93}},"19":{"start":{"line":411,"column":2},"end":{"line":416,"column":null}},"20":{"start":{"line":421,"column":2},"end":{"line":427,"column":null}},"21":{"start":{"line":432,"column":2},"end":{"line":436,"column":null}},"22":{"start":{"line":441,"column":2},"end":{"line":449,"column":null}},"23":{"start":{"line":454,"column":2},"end":{"line":461,"column":null}}},"fnMap":{"0":{"name":"generateTopicTemplate","decl":{"start":{"line":101,"column":16},"end":{"line":101,"column":38}},"loc":{"start":{"line":101,"column":71},"end":{"line":140,"column":null}},"line":101},"1":{"name":"generateDecisionTemplate","decl":{"start":{"line":151,"column":16},"end":{"line":151,"column":41}},"loc":{"start":{"line":151,"column":77},"end":{"line":216,"column":null}},"line":151},"2":{"name":"generateProjectTemplate","decl":{"start":{"line":227,"column":16},"end":{"line":227,"column":40}},"loc":{"start":{"line":227,"column":75},"end":{"line":268,"column":null}},"line":227},"3":{"name":"generateCommitTemplate","decl":{"start":{"line":286,"column":16},"end":{"line":286,"column":39}},"loc":{"start":{"line":286,"column":73},"end":{"line":336,"column":null}},"line":286},"4":{"name":"generateSessionTemplate","decl":{"start":{"line":354,"column":16},"end":{"line":354,"column":40}},"loc":{"start":{"line":354,"column":75},"end":{"line":401,"column":null}},"line":354},"5":{"name":"(anonymous_5)","decl":{"start":{"line":379,"column":57},"end":{"line":379,"column":62}},"loc":{"start":{"line":379,"column":62},"end":{"line":379,"column":93}},"line":379},"6":{"name":"(anonymous_6)","decl":{"start":{"line":383,"column":57},"end":{"line":383,"column":62}},"loc":{"start":{"line":383,"column":62},"end":{"line":383,"column":97}},"line":383},"7":{"name":"(anonymous_7)","decl":{"start":{"line":387,"column":63},"end":{"line":387,"column":68}},"loc":{"start":{"line":387,"column":68},"end":{"line":387,"column":106}},"line":387},"8":{"name":"(anonymous_8)","decl":{"start":{"line":391,"column":57},"end":{"line":391,"column":62}},"loc":{"start":{"line":391,"column":62},"end":{"line":391,"column":90}},"line":391},"9":{"name":"(anonymous_9)","decl":{"start":{"line":395,"column":63},"end":{"line":395,"column":68}},"loc":{"start":{"line":395,"column":68},"end":{"line":395,"column":96}},"line":395},"10":{"name":"(anonymous_10)","decl":{"start":{"line":399,"column":61},"end":{"line":399,"column":66}},"loc":{"start":{"line":399,"column":66},"end":{"line":399,"column":93}},"line":399},"11":{"name":"validateSessionFrontmatter","decl":{"start":{"line":410,"column":16},"end":{"line":410,"column":43}},"loc":{"start":{"line":410,"column":78},"end":{"line":418,"column":null}},"line":410},"12":{"name":"validateTopicFrontmatter","decl":{"start":{"line":420,"column":16},"end":{"line":420,"column":41}},"loc":{"start":{"line":420,"column":74},"end":{"line":429,"column":null}},"line":420},"13":{"name":"validateDecisionFrontmatter","decl":{"start":{"line":431,"column":16},"end":{"line":431,"column":44}},"loc":{"start":{"line":431,"column":80},"end":{"line":438,"column":null}},"line":431},"14":{"name":"validateProjectFrontmatter","decl":{"start":{"line":440,"column":16},"end":{"line":440,"column":43}},"loc":{"start":{"line":440,"column":78},"end":{"line":451,"column":null}},"line":440},"15":{"name":"validateCommitFrontmatter","decl":{"start":{"line":453,"column":16},"end":{"line":453,"column":42}},"loc":{"start":{"line":453,"column":76},"end":{"line":463,"column":null}},"line":453}},"branchMap":{"0":{"loc":{"start":{"line":107,"column":10},"end":{"line":107,"column":null}},"type":"binary-expr","locations":[{"start":{"line":107,"column":10},"end":{"line":107,"column":23}},{"start":{"line":107,"column":23},"end":{"line":107,"column":null}}],"line":107},"1":{"loc":{"start":{"line":163,"column":2},"end":{"line":215,"column":null}},"type":"if","locations":[{"start":{"line":163,"column":2},"end":{"line":215,"column":null}},{"start":{"line":186,"column":9},"end":{"line":215,"column":null}}],"line":163},"2":{"loc":{"start":{"line":183,"column":2},"end":{"line":183,"column":63}},"type":"cond-expr","locations":[{"start":{"line":183,"column":26},"end":{"line":183,"column":61}},{"start":{"line":183,"column":61},"end":{"line":183,"column":63}}],"line":183},"3":{"loc":{"start":{"line":198,"column":2},"end":{"line":198,"column":53}},"type":"binary-expr","locations":[{"start":{"line":198,"column":2},"end":{"line":198,"column":18}},{"start":{"line":198,"column":18},"end":{"line":198,"column":53}}],"line":198},"4":{"loc":{"start":{"line":212,"column":2},"end":{"line":212,"column":63}},"type":"cond-expr","locations":[{"start":{"line":212,"column":26},"end":{"line":212,"column":61}},{"start":{"line":212,"column":61},"end":{"line":212,"column":63}}],"line":212},"5":{"loc":{"start":{"line":231,"column":14},"end":{"line":231,"column":null}},"type":"binary-expr","locations":[{"start":{"line":231,"column":14},"end":{"line":231,"column":30}},{"start":{"line":231,"column":30},"end":{"line":231,"column":null}}],"line":231},"6":{"loc":{"start":{"line":257,"column":24},"end":{"line":257,"column":48}},"type":"binary-expr","locations":[{"start":{"line":257,"column":24},"end":{"line":257,"column":39}},{"start":{"line":257,"column":39},"end":{"line":257,"column":48}}],"line":257},"7":{"loc":{"start":{"line":258,"column":16},"end":{"line":258,"column":37}},"type":"binary-expr","locations":[{"start":{"line":258,"column":16},"end":{"line":258,"column":32}},{"start":{"line":258,"column":32},"end":{"line":258,"column":37}}],"line":258},"8":{"loc":{"start":{"line":263,"column":2},"end":{"line":263,"column":63}},"type":"cond-expr","locations":[{"start":{"line":263,"column":26},"end":{"line":263,"column":61}},{"start":{"line":263,"column":61},"end":{"line":263,"column":63}}],"line":263},"9":{"loc":{"start":{"line":358,"column":12},"end":{"line":358,"column":null}},"type":"cond-expr","locations":[{"start":{"line":358,"column":25},"end":{"line":358,"column":60}},{"start":{"line":358,"column":60},"end":{"line":358,"column":null}}],"line":358},"10":{"loc":{"start":{"line":371,"column":13},"end":{"line":371,"column":41}},"type":"binary-expr","locations":[{"start":{"line":371,"column":13},"end":{"line":371,"column":27}},{"start":{"line":371,"column":27},"end":{"line":371,"column":41}}],"line":371},"11":{"loc":{"start":{"line":379,"column":2},"end":{"line":379,"column":128}},"type":"cond-expr","locations":[{"start":{"line":379,"column":34},"end":{"line":379,"column":108}},{"start":{"line":379,"column":108},"end":{"line":379,"column":128}}],"line":379},"12":{"loc":{"start":{"line":383,"column":2},"end":{"line":383,"column":133}},"type":"cond-expr","locations":[{"start":{"line":383,"column":34},"end":{"line":383,"column":112}},{"start":{"line":383,"column":112},"end":{"line":383,"column":133}}],"line":383},"13":{"loc":{"start":{"line":387,"column":2},"end":{"line":387,"column":142}},"type":"cond-expr","locations":[{"start":{"line":387,"column":37},"end":{"line":387,"column":121}},{"start":{"line":387,"column":121},"end":{"line":387,"column":142}}],"line":387},"14":{"loc":{"start":{"line":391,"column":2},"end":{"line":391,"column":119}},"type":"cond-expr","locations":[{"start":{"line":391,"column":34},"end":{"line":391,"column":105}},{"start":{"line":391,"column":105},"end":{"line":391,"column":119}}],"line":391},"15":{"loc":{"start":{"line":395,"column":2},"end":{"line":395,"column":125}},"type":"cond-expr","locations":[{"start":{"line":395,"column":37},"end":{"line":395,"column":111}},{"start":{"line":395,"column":111},"end":{"line":395,"column":125}}],"line":395},"16":{"loc":{"start":{"line":399,"column":2},"end":{"line":399,"column":122}},"type":"cond-expr","locations":[{"start":{"line":399,"column":36},"end":{"line":399,"column":108}},{"start":{"line":399,"column":108},"end":{"line":399,"column":122}}],"line":399},"17":{"loc":{"start":{"line":412,"column":4},"end":{"line":416,"column":null}},"type":"binary-expr","locations":[{"start":{"line":412,"column":4},"end":{"line":412,"column":null}},{"start":{"line":413,"column":4},"end":{"line":413,"column":null}},{"start":{"line":414,"column":4},"end":{"line":414,"column":null}},{"start":{"line":415,"column":4},"end":{"line":415,"column":null}},{"start":{"line":416,"column":5},"end":{"line":416,"column":32}},{"start":{"line":416,"column":32},"end":{"line":416,"column":null}}],"line":412},"18":{"loc":{"start":{"line":422,"column":4},"end":{"line":427,"column":null}},"type":"binary-expr","locations":[{"start":{"line":422,"column":4},"end":{"line":422,"column":null}},{"start":{"line":423,"column":4},"end":{"line":423,"column":null}},{"start":{"line":424,"column":4},"end":{"line":424,"column":null}},{"start":{"line":425,"column":4},"end":{"line":425,"column":null}},{"start":{"line":426,"column":4},"end":{"line":426,"column":null}},{"start":{"line":427,"column":4},"end":{"line":427,"column":null}}],"line":422},"19":{"loc":{"start":{"line":433,"column":4},"end":{"line":436,"column":null}},"type":"binary-expr","locations":[{"start":{"line":433,"column":4},"end":{"line":433,"column":null}},{"start":{"line":434,"column":4},"end":{"line":434,"column":null}},{"start":{"line":435,"column":4},"end":{"line":435,"column":null}},{"start":{"line":436,"column":4},"end":{"line":436,"column":null}}],"line":433},"20":{"loc":{"start":{"line":442,"column":4},"end":{"line":449,"column":null}},"type":"binary-expr","locations":[{"start":{"line":442,"column":4},"end":{"line":442,"column":null}},{"start":{"line":443,"column":4},"end":{"line":443,"column":null}},{"start":{"line":444,"column":4},"end":{"line":444,"column":null}},{"start":{"line":445,"column":4},"end":{"line":445,"column":null}},{"start":{"line":446,"column":4},"end":{"line":446,"column":null}},{"start":{"line":447,"column":4},"end":{"line":447,"column":null}},{"start":{"line":448,"column":4},"end":{"line":448,"column":null}},{"start":{"line":449,"column":4},"end":{"line":449,"column":null}}],"line":442},"21":{"loc":{"start":{"line":455,"column":4},"end":{"line":461,"column":null}},"type":"binary-expr","locations":[{"start":{"line":455,"column":4},"end":{"line":455,"column":null}},{"start":{"line":456,"column":4},"end":{"line":456,"column":null}},{"start":{"line":457,"column":4},"end":{"line":457,"column":null}},{"start":{"line":458,"column":4},"end":{"line":458,"column":null}},{"start":{"line":459,"column":4},"end":{"line":459,"column":null}},{"start":{"line":460,"column":4},"end":{"line":460,"column":null}},{"start":{"line":461,"column":4},"end":{"line":461,"column":null}}],"line":455}},"s":{"0":14,"1":14,"2":0,"3":0,"4":0,"5":0,"6":0,"7":0,"8":0,"9":0,"10":0,"11":13,"12":13,"13":3,"14":2,"15":1,"16":0,"17":0,"18":0,"19":0,"20":0,"21":0,"22":0,"23":0},"f":{"0":14,"1":0,"2":0,"3":0,"4":13,"5":3,"6":2,"7":1,"8":0,"9":0,"10":0,"11":0,"12":0,"13":0,"14":0,"15":0},"b":{"0":[14,14],"1":[0,0],"2":[0,0],"3":[0,0],"4":[0,0],"5":[0,0],"6":[0,0],"7":[0,0],"8":[0,0],"9":[1,12],"10":[13,12],"11":[2,11],"12":[2,11],"13":[1,12],"14":[0,13],"15":[0,13],"16":[0,13],"17":[0,0,0,0,0,0],"18":[0,0,0,0,0,0],"19":[0,0,0,0],"20":[0,0,0,0,0,0,0,0],"21":[0,0,0,0,0,0,0]},"meta":{"lastBranch":22,"lastFunction":16,"lastStatement":24,"seen":{"f:101:16:101:38":0,"s:102:40:115:Infinity":0,"b:107:10:107:23:107:23:107:Infinity":0,"s:117:2:131:Infinity":1,"f:151:16:151:41":1,"s:152:43:157:Infinity":2,"s:161:25:161:Infinity":3,"b:163:2:215:Infinity:186:9:215:Infinity":1,"s:163:2:215:Infinity":4,"s:165:4:183:Infinity":5,"b:183:26:183:61:183:61:183:63":2,"s:188:4:212:Infinity":6,"b:198:2:198:18:198:18:198:53":3,"b:212:26:212:61:212:61:212:63":4,"f:227:16:227:40":2,"s:228:42:237:Infinity":7,"b:231:14:231:30:231:30:231:Infinity":5,"s:239:2:263:Infinity":8,"b:257:24:257:39:257:39:257:48":6,"b:258:16:258:32:258:32:258:37":7,"b:263:26:263:61:263:61:263:63":8,"f:286:16:286:39":3,"s:287:41:295:Infinity":9,"s:297:2:334:Infinity":10,"f:354:16:354:40":4,"s:355:42:361:Infinity":11,"b:358:25:358:60:358:60:358:Infinity":9,"s:363:2:399:Infinity":12,"b:371:13:371:27:371:27:371:41":10,"b:379:34:379:108:379:108:379:128":11,"f:379:57:379:62":5,"s:379:62:379:93":13,"b:383:34:383:112:383:112:383:133":12,"f:383:57:383:62":6,"s:383:62:383:97":14,"b:387:37:387:121:387:121:387:142":13,"f:387:63:387:68":7,"s:387:68:387:106":15,"b:391:34:391:105:391:105:391:119":14,"f:391:57:391:62":8,"s:391:62:391:90":16,"b:395:37:395:111:395:111:395:125":15,"f:395:63:395:68":9,"s:395:68:395:96":17,"b:399:36:399:108:399:108:399:122":16,"f:399:61:399:66":10,"s:399:66:399:93":18,"f:410:16:410:43":11,"s:411:2:416:Infinity":19,"b:412:4:412:Infinity:413:4:413:Infinity:414:4:414:Infinity:415:4:415:Infinity:416:5:416:32:416:32:416:Infinity":17,"f:420:16:420:41":12,"s:421:2:427:Infinity":20,"b:422:4:422:Infinity:423:4:423:Infinity:424:4:424:Infinity:425:4:425:Infinity:426:4:426:Infinity:427:4:427:Infinity":18,"f:431:16:431:44":13,"s:432:2:436:Infinity":21,"b:433:4:433:Infinity:434:4:434:Infinity:435:4:435:Infinity:436:4:436:Infinity":19,"f:440:16:440:43":14,"s:441:2:449:Infinity":22,"b:442:4:442:Infinity:443:4:443:Infinity:444:4:444:Infinity:445:4:445:Infinity:446:4:446:Infinity:447:4:447:Infinity:448:4:448:Infinity:449:4:449:Infinity":20,"f:453:16:453:42":15,"s:454:2:461:Infinity":23,"b:455:4:455:Infinity:456:4:456:Infinity:457:4:457:Infinity:458:4:458:Infinity:459:4:459:Infinity:460:4:460:Infinity:461:4:461:Infinity":21}}}
,"/Users/jsedwick/Documents/Obsidian/Claude/Claude/obsidian-mcp-server/src/models/Search.ts": {"path":"/Users/jsedwick/Documents/Obsidian/Claude/Claude/obsidian-mcp-server/src/models/Search.ts","statementMap":{"0":{"start":{"line":13,"column":7},"end":{"line":13,"column":null}},"1":{"start":{"line":14,"column":2},"end":{"line":14,"column":null}},"2":{"start":{"line":15,"column":2},"end":{"line":15,"column":null}},"3":{"start":{"line":16,"column":2},"end":{"line":16,"column":null}},"4":{"start":{"line":17,"column":2},"end":{"line":17,"column":null}},"5":{"start":{"line":13,"column":12},"end":{"line":13,"column":null}},"6":{"start":{"line":24,"column":21},"end":{"line":24,"column":null}},"7":{"start":{"line":25,"column":2},"end":{"line":36,"column":null}},"8":{"start":{"line":27,"column":6},"end":{"line":27,"column":null}},"9":{"start":{"line":29,"column":6},"end":{"line":29,"column":null}},"10":{"start":{"line":31,"column":6},"end":{"line":31,"column":null}},"11":{"start":{"line":33,"column":6},"end":{"line":33,"column":null}},"12":{"start":{"line":35,"column":6},"end":{"line":35,"column":null}}},"fnMap":{"0":{"name":"(anonymous_0)","decl":{"start":{"line":13,"column":7},"end":{"line":13,"column":12}},"loc":{"start":{"line":13,"column":7},"end":{"line":13,"column":null}},"line":13},"1":{"name":"parseDetailLevel","decl":{"start":{"line":23,"column":16},"end":{"line":23,"column":33}},"loc":{"start":{"line":23,"column":65},"end":{"line":37,"column":null}},"line":23}},"branchMap":{"0":{"loc":{"start":{"line":13,"column":12},"end":{"line":13,"column":null}},"type":"binary-expr","locations":[{"start":{"line":13,"column":12},"end":{"line":13,"column":null}},{"start":{"line":13,"column":12},"end":{"line":13,"column":null}}],"line":13},"1":{"loc":{"start":{"line":25,"column":2},"end":{"line":36,"column":null}},"type":"switch","locations":[{"start":{"line":26,"column":4},"end":{"line":27,"column":null}},{"start":{"line":28,"column":4},"end":{"line":29,"column":null}},{"start":{"line":30,"column":4},"end":{"line":31,"column":null}},{"start":{"line":32,"column":4},"end":{"line":33,"column":null}},{"start":{"line":34,"column":4},"end":{"line":35,"column":null}}],"line":25}},"s":{"0":1,"1":1,"2":1,"3":1,"4":1,"5":1,"6":2,"7":2,"8":1,"9":0,"10":0,"11":1,"12":0},"f":{"0":1,"1":2},"b":{"0":[1,1],"1":[1,0,0,1,0]},"meta":{"lastBranch":2,"lastFunction":2,"lastStatement":13,"seen":{"s:13:7:13:Infinity":0,"f:13:7:13:12":0,"s:14:2:14:Infinity":1,"s:15:2:15:Infinity":2,"s:16:2:16:Infinity":3,"s:17:2:17:Infinity":4,"s:13:12:13:Infinity":5,"b:13:12:13:Infinity:13:12:13:Infinity":0,"f:23:16:23:33":1,"s:24:21:24:Infinity":6,"b:26:4:27:Infinity:28:4:29:Infinity:30:4:31:Infinity:32:4:33:Infinity:34:4:35:Infinity":1,"s:25:2:36:Infinity":7,"s:27:6:27:Infinity":8,"s:29:6:29:Infinity":9,"s:31:6:31:Infinity":10,"s:33:6:33:Infinity":11,"s:35:6:35:Infinity":12}}}
,"/Users/jsedwick/Documents/Obsidian/Claude/Claude/obsidian-mcp-server/src/services/git/GitService.ts": {"path":"/Users/jsedwick/Documents/Obsidian/Claude/Claude/obsidian-mcp-server/src/services/git/GitService.ts","statementMap":{"0":{"start":{"line":19,"column":6},"end":{"line":19,"column":null}},"1":{"start":{"line":20,"column":6},"end":{"line":20,"column":null}},"2":{"start":{"line":33,"column":4},"end":{"line":41,"column":null}},"3":{"start":{"line":34,"column":21},"end":{"line":34,"column":null}},"4":{"start":{"line":35,"column":6},"end":{"line":35,"column":null}},"5":{"start":{"line":36,"column":6},"end":{"line":36,"column":null}},"6":{"start":{"line":37,"column":6},"end":{"line":37,"column":null}},"7":{"start":{"line":39,"column":6},"end":{"line":39,"column":null}},"8":{"start":{"line":40,"column":6},"end":{"line":40,"column":null}},"9":{"start":{"line":51,"column":21},"end":{"line":51,"column":null}},"10":{"start":{"line":52,"column":20},"end":{"line":52,"column":null}},"11":{"start":{"line":54,"column":4},"end":{"line":60,"column":null}},"12":{"start":{"line":55,"column":6},"end":{"line":58,"column":null}},"13":{"start":{"line":56,"column":8},"end":{"line":56,"column":null}},"14":{"start":{"line":57,"column":8},"end":{"line":57,"column":null}},"15":{"start":{"line":59,"column":6},"end":{"line":59,"column":null}},"16":{"start":{"line":62,"column":4},"end":{"line":62,"column":null}},"17":{"start":{"line":63,"column":4},"end":{"line":63,"column":null}},"18":{"start":{"line":73,"column":4},"end":{"line":73,"column":null}},"19":{"start":{"line":75,"column":4},"end":{"line":86,"column":null}},"20":{"start":{"line":76,"column":25},"end":{"line":76,"column":null}},"21":{"start":{"line":77,"column":21},"end":{"line":77,"column":null}},"22":{"start":{"line":78,"column":6},"end":{"line":78,"column":null}},"23":{"start":{"line":79,"column":6},"end":{"line":79,"column":null}},"24":{"start":{"line":81,"column":6},"end":{"line":81,"column":null}},"25":{"start":{"line":82,"column":6},"end":{"line":85,"column":null}},"26":{"start":{"line":97,"column":4},"end":{"line":97,"column":null}},"27":{"start":{"line":99,"column":4},"end":{"line":109,"column":null}},"28":{"start":{"line":100,"column":25},"end":{"line":102,"column":null}},"29":{"start":{"line":103,"column":18},"end":{"line":103,"column":null}},"30":{"start":{"line":104,"column":6},"end":{"line":104,"column":null}},"31":{"start":{"line":105,"column":6},"end":{"line":105,"column":null}},"32":{"start":{"line":107,"column":6},"end":{"line":107,"column":null}},"33":{"start":{"line":108,"column":6},"end":{"line":108,"column":null}},"34":{"start":{"line":120,"column":4},"end":{"line":120,"column":null}},"35":{"start":{"line":122,"column":4},"end":{"line":150,"column":null}},"36":{"start":{"line":123,"column":25},"end":{"line":126,"column":null}},"37":{"start":{"line":128,"column":23},"end":{"line":131,"column":null}},"38":{"start":{"line":131,"column":21},"end":{"line":131,"column":33}},"39":{"start":{"line":133,"column":6},"end":{"line":137,"column":null}},"40":{"start":{"line":139,"column":6},"end":{"line":139,"column":null}},"41":{"start":{"line":141,"column":6},"end":{"line":144,"column":null}},"42":{"start":{"line":145,"column":6},"end":{"line":149,"column":null}},"43":{"start":{"line":161,"column":4},"end":{"line":161,"column":null}},"44":{"start":{"line":163,"column":4},"end":{"line":191,"column":null}},"45":{"start":{"line":164,"column":25},"end":{"line":167,"column":null}},"46":{"start":{"line":169,"column":20},"end":{"line":169,"column":null}},"47":{"start":{"line":170,"column":65},"end":{"line":170,"column":null}},"48":{"start":{"line":172,"column":40},"end":{"line":179,"column":null}},"49":{"start":{"line":181,"column":6},"end":{"line":181,"column":null}},"50":{"start":{"line":183,"column":6},"end":{"line":183,"column":null}},"51":{"start":{"line":185,"column":6},"end":{"line":185,"column":null}},"52":{"start":{"line":186,"column":6},"end":{"line":190,"column":null}},"53":{"start":{"line":202,"column":4},"end":{"line":202,"column":null}},"54":{"start":{"line":204,"column":4},"end":{"line":258,"column":null}},"55":{"start":{"line":205,"column":25},"end":{"line":207,"column":null}},"56":{"start":{"line":210,"column":20},"end":{"line":210,"column":null}},"57":{"start":{"line":211,"column":25},"end":{"line":211,"column":null}},"58":{"start":{"line":212,"column":23},"end":{"line":212,"column":null}},"59":{"start":{"line":213,"column":22},"end":{"line":213,"column":null}},"60":{"start":{"line":214,"column":84},"end":{"line":214,"column":null}},"61":{"start":{"line":216,"column":6},"end":{"line":235,"column":null}},"62":{"start":{"line":217,"column":8},"end":{"line":217,"column":null}},"63":{"start":{"line":217,"column":26},"end":{"line":217,"column":null}},"64":{"start":{"line":219,"column":22},"end":{"line":219,"column":null}},"65":{"start":{"line":220,"column":8},"end":{"line":234,"column":null}},"66":{"start":{"line":221,"column":22},"end":{"line":221,"column":null}},"67":{"start":{"line":222,"column":22},"end":{"line":222,"column":null}},"68":{"start":{"line":223,"column":27},"end":{"line":223,"column":null}},"69":{"start":{"line":225,"column":10},"end":{"line":225,"column":null}},"70":{"start":{"line":226,"column":10},"end":{"line":226,"column":null}},"71":{"start":{"line":227,"column":10},"end":{"line":227,"column":null}},"72":{"start":{"line":229,"column":10},"end":{"line":233,"column":null}},"73":{"start":{"line":237,"column":6},"end":{"line":243,"column":null}},"74":{"start":{"line":245,"column":6},"end":{"line":250,"column":null}},"75":{"start":{"line":252,"column":6},"end":{"line":252,"column":null}},"76":{"start":{"line":253,"column":6},"end":{"line":257,"column":null}},"77":{"start":{"line":270,"column":4},"end":{"line":270,"column":null}},"78":{"start":{"line":272,"column":4},"end":{"line":293,"column":null}},"79":{"start":{"line":273,"column":23},"end":{"line":273,"column":null}},"80":{"start":{"line":274,"column":25},"end":{"line":277,"column":null}},"81":{"start":{"line":279,"column":6},"end":{"line":283,"column":null}},"82":{"start":{"line":285,"column":6},"end":{"line":285,"column":null}},"83":{"start":{"line":287,"column":6},"end":{"line":287,"column":null}},"84":{"start":{"line":288,"column":6},"end":{"line":292,"column":null}},"85":{"start":{"line":304,"column":4},"end":{"line":304,"column":null}},"86":{"start":{"line":306,"column":4},"end":{"line":330,"column":null}},"87":{"start":{"line":307,"column":33},"end":{"line":307,"column":null}},"88":{"start":{"line":309,"column":6},"end":{"line":313,"column":null}},"89":{"start":{"line":315,"column":6},"end":{"line":319,"column":null}},"90":{"start":{"line":321,"column":24},"end":{"line":321,"column":null}},"91":{"start":{"line":323,"column":6},"end":{"line":323,"column":null}},"92":{"start":{"line":325,"column":6},"end":{"line":329,"column":null}},"93":{"start":{"line":340,"column":4},"end":{"line":340,"column":null}},"94":{"start":{"line":343,"column":22},"end":{"line":343,"column":null}},"95":{"start":{"line":344,"column":4},"end":{"line":352,"column":null}},"96":{"start":{"line":346,"column":20},"end":{"line":346,"column":null}},"97":{"start":{"line":347,"column":6},"end":{"line":351,"column":null}},"98":{"start":{"line":348,"column":21},"end":{"line":348,"column":null}},"99":{"start":{"line":349,"column":8},"end":{"line":349,"column":null}},"100":{"start":{"line":350,"column":8},"end":{"line":350,"column":null}},"101":{"start":{"line":355,"column":17},"end":{"line":355,"column":null}},"102":{"start":{"line":356,"column":4},"end":{"line":356,"column":null}},"103":{"start":{"line":357,"column":4},"end":{"line":357,"column":null}}},"fnMap":{"0":{"name":"(anonymous_0)","decl":{"start":{"line":32,"column":8},"end":{"line":32,"column":24}},"loc":{"start":{"line":32,"column":60},"end":{"line":42,"column":null}},"line":32},"1":{"name":"(anonymous_1)","decl":{"start":{"line":50,"column":8},"end":{"line":50,"column":20}},"loc":{"start":{"line":50,"column":62},"end":{"line":64,"column":null}},"line":50},"2":{"name":"(anonymous_2)","decl":{"start":{"line":72,"column":8},"end":{"line":72,"column":25}},"loc":{"start":{"line":72,"column":60},"end":{"line":87,"column":null}},"line":72},"3":{"name":"(anonymous_3)","decl":{"start":{"line":96,"column":8},"end":{"line":96,"column":21}},"loc":{"start":{"line":96,"column":94},"end":{"line":110,"column":null}},"line":96},"4":{"name":"(anonymous_4)","decl":{"start":{"line":119,"column":8},"end":{"line":119,"column":36}},"loc":{"start":{"line":119,"column":93},"end":{"line":151,"column":null}},"line":119},"5":{"name":"(anonymous_5)","decl":{"start":{"line":131,"column":16},"end":{"line":131,"column":21}},"loc":{"start":{"line":131,"column":21},"end":{"line":131,"column":33}},"line":131},"6":{"name":"(anonymous_6)","decl":{"start":{"line":160,"column":8},"end":{"line":160,"column":22}},"loc":{"start":{"line":160,"column":84},"end":{"line":192,"column":null}},"line":160},"7":{"name":"(anonymous_7)","decl":{"start":{"line":201,"column":8},"end":{"line":201,"column":21}},"loc":{"start":{"line":201,"column":82},"end":{"line":259,"column":null}},"line":201},"8":{"name":"(anonymous_8)","decl":{"start":{"line":269,"column":8},"end":{"line":269,"column":16}},"loc":{"start":{"line":269,"column":98},"end":{"line":294,"column":null}},"line":269},"9":{"name":"(anonymous_9)","decl":{"start":{"line":303,"column":8},"end":{"line":303,"column":23}},"loc":{"start":{"line":303,"column":80},"end":{"line":331,"column":null}},"line":303},"10":{"name":"(anonymous_10)","decl":{"start":{"line":339,"column":8},"end":{"line":339,"column":26}},"loc":{"start":{"line":339,"column":61},"end":{"line":358,"column":null}},"line":339}},"branchMap":{"0":{"loc":{"start":{"line":55,"column":6},"end":{"line":58,"column":null}},"type":"if","locations":[{"start":{"line":55,"column":6},"end":{"line":58,"column":null}},{"start":{},"end":{}}],"line":55},"1":{"loc":{"start":{"line":96,"column":39},"end":{"line":96,"column":94}},"type":"default-arg","locations":[{"start":{"line":96,"column":60},"end":{"line":96,"column":94}}],"line":96},"2":{"loc":{"start":{"line":217,"column":8},"end":{"line":217,"column":null}},"type":"if","locations":[{"start":{"line":217,"column":8},"end":{"line":217,"column":null}},{"start":{},"end":{}}],"line":217},"3":{"loc":{"start":{"line":220,"column":8},"end":{"line":234,"column":null}},"type":"if","locations":[{"start":{"line":220,"column":8},"end":{"line":234,"column":null}},{"start":{},"end":{}}],"line":220},"4":{"loc":{"start":{"line":221,"column":22},"end":{"line":221,"column":null}},"type":"binary-expr","locations":[{"start":{"line":221,"column":22},"end":{"line":221,"column":48}},{"start":{"line":221,"column":48},"end":{"line":221,"column":null}}],"line":221},"5":{"loc":{"start":{"line":222,"column":22},"end":{"line":222,"column":null}},"type":"binary-expr","locations":[{"start":{"line":222,"column":22},"end":{"line":222,"column":48}},{"start":{"line":222,"column":48},"end":{"line":222,"column":null}}],"line":222},"6":{"loc":{"start":{"line":269,"column":54},"end":{"line":269,"column":98}},"type":"default-arg","locations":[{"start":{"line":269,"column":74},"end":{"line":269,"column":98}}],"line":269},"7":{"loc":{"start":{"line":273,"column":23},"end":{"line":273,"column":null}},"type":"cond-expr","locations":[{"start":{"line":273,"column":34},"end":{"line":273,"column":45}},{"start":{"line":273,"column":45},"end":{"line":273,"column":null}}],"line":273},"8":{"loc":{"start":{"line":326,"column":16},"end":{"line":326,"column":null}},"type":"binary-expr","locations":[{"start":{"line":326,"column":16},"end":{"line":326,"column":36}},{"start":{"line":326,"column":36},"end":{"line":326,"column":null}}],"line":326},"9":{"loc":{"start":{"line":327,"column":16},"end":{"line":327,"column":null}},"type":"binary-expr","locations":[{"start":{"line":327,"column":16},"end":{"line":327,"column":36}},{"start":{"line":327,"column":36},"end":{"line":327,"column":null}}],"line":327},"10":{"loc":{"start":{"line":328,"column":18},"end":{"line":328,"column":null}},"type":"binary-expr","locations":[{"start":{"line":328,"column":18},"end":{"line":328,"column":36}},{"start":{"line":328,"column":36},"end":{"line":328,"column":null}}],"line":328},"11":{"loc":{"start":{"line":344,"column":4},"end":{"line":352,"column":null}},"type":"if","locations":[{"start":{"line":344,"column":4},"end":{"line":352,"column":null}},{"start":{},"end":{}}],"line":344},"12":{"loc":{"start":{"line":347,"column":6},"end":{"line":351,"column":null}},"type":"if","locations":[{"start":{"line":347,"column":6},"end":{"line":351,"column":null}},{"start":{},"end":{}}],"line":347}},"s":{"0":3,"1":3,"2":8,"3":8,"4":8,"5":3,"6":3,"7":5,"8":5,"9":3,"10":3,"11":3,"12":6,"13":2,"14":2,"15":4,"16":1,"17":1,"18":2,"19":2,"20":2,"21":1,"22":1,"23":1,"24":1,"25":1,"26":6,"27":6,"28":6,"29":4,"30":4,"31":4,"32":2,"33":2,"34":3,"35":3,"36":3,"37":2,"38":5,"39":2,"40":2,"41":1,"42":1,"43":2,"44":2,"45":2,"46":1,"47":1,"48":1,"49":1,"50":1,"51":1,"52":1,"53":3,"54":3,"55":3,"56":2,"57":2,"58":2,"59":2,"60":2,"61":2,"62":4,"63":0,"64":4,"65":4,"66":4,"67":4,"68":4,"69":4,"70":4,"71":4,"72":4,"73":2,"74":2,"75":1,"76":1,"77":3,"78":3,"79":3,"80":3,"81":2,"82":2,"83":1,"84":1,"85":2,"86":2,"87":2,"88":1,"89":1,"90":1,"91":1,"92":1,"93":3,"94":3,"95":3,"96":2,"97":2,"98":2,"99":2,"100":2,"101":1,"102":1,"103":1},"f":{"0":8,"1":3,"2":2,"3":6,"4":3,"5":5,"6":2,"7":3,"8":3,"9":2,"10":3},"b":{"0":[2,4],"1":[6],"2":[0,4],"3":[4,0],"4":[4,1],"5":[4,1],"6":[3],"7":[1,2],"8":[1,1],"9":[1,0],"10":[1,0],"11":[2,1],"12":[2,0]},"meta":{"lastBranch":13,"lastFunction":11,"lastStatement":104,"seen":{"s:19:6:19:Infinity":0,"s:20:6:20:Infinity":1,"f:32:8:32:24":0,"s:33:4:41:Infinity":2,"s:34:21:34:Infinity":3,"s:35:6:35:Infinity":4,"s:36:6:36:Infinity":5,"s:37:6:37:Infinity":6,"s:39:6:39:Infinity":7,"s:40:6:40:Infinity":8,"f:50:8:50:20":1,"s:51:21:51:Infinity":9,"s:52:20:52:Infinity":10,"s:54:4:60:Infinity":11,"b:55:6:58:Infinity:undefined:undefined:undefined:undefined":0,"s:55:6:58:Infinity":12,"s:56:8:56:Infinity":13,"s:57:8:57:Infinity":14,"s:59:6:59:Infinity":15,"s:62:4:62:Infinity":16,"s:63:4:63:Infinity":17,"f:72:8:72:25":2,"s:73:4:73:Infinity":18,"s:75:4:86:Infinity":19,"s:76:25:76:Infinity":20,"s:77:21:77:Infinity":21,"s:78:6:78:Infinity":22,"s:79:6:79:Infinity":23,"s:81:6:81:Infinity":24,"s:82:6:85:Infinity":25,"f:96:8:96:21":3,"b:96:60:96:94":1,"s:97:4:97:Infinity":26,"s:99:4:109:Infinity":27,"s:100:25:102:Infinity":28,"s:103:18:103:Infinity":29,"s:104:6:104:Infinity":30,"s:105:6:105:Infinity":31,"s:107:6:107:Infinity":32,"s:108:6:108:Infinity":33,"f:119:8:119:36":4,"s:120:4:120:Infinity":34,"s:122:4:150:Infinity":35,"s:123:25:126:Infinity":36,"s:128:23:131:Infinity":37,"f:131:16:131:21":5,"s:131:21:131:33":38,"s:133:6:137:Infinity":39,"s:139:6:139:Infinity":40,"s:141:6:144:Infinity":41,"s:145:6:149:Infinity":42,"f:160:8:160:22":6,"s:161:4:161:Infinity":43,"s:163:4:191:Infinity":44,"s:164:25:167:Infinity":45,"s:169:20:169:Infinity":46,"s:170:65:170:Infinity":47,"s:172:40:179:Infinity":48,"s:181:6:181:Infinity":49,"s:183:6:183:Infinity":50,"s:185:6:185:Infinity":51,"s:186:6:190:Infinity":52,"f:201:8:201:21":7,"s:202:4:202:Infinity":53,"s:204:4:258:Infinity":54,"s:205:25:207:Infinity":55,"s:210:20:210:Infinity":56,"s:211:25:211:Infinity":57,"s:212:23:212:Infinity":58,"s:213:22:213:Infinity":59,"s:214:84:214:Infinity":60,"s:216:6:235:Infinity":61,"b:217:8:217:Infinity:undefined:undefined:undefined:undefined":2,"s:217:8:217:Infinity":62,"s:217:26:217:Infinity":63,"s:219:22:219:Infinity":64,"b:220:8:234:Infinity:undefined:undefined:undefined:undefined":3,"s:220:8:234:Infinity":65,"s:221:22:221:Infinity":66,"b:221:22:221:48:221:48:221:Infinity":4,"s:222:22:222:Infinity":67,"b:222:22:222:48:222:48:222:Infinity":5,"s:223:27:223:Infinity":68,"s:225:10:225:Infinity":69,"s:226:10:226:Infinity":70,"s:227:10:227:Infinity":71,"s:229:10:233:Infinity":72,"s:237:6:243:Infinity":73,"s:245:6:250:Infinity":74,"s:252:6:252:Infinity":75,"s:253:6:257:Infinity":76,"f:269:8:269:16":8,"b:269:74:269:98":6,"s:270:4:270:Infinity":77,"s:272:4:293:Infinity":78,"s:273:23:273:Infinity":79,"b:273:34:273:45:273:45:273:Infinity":7,"s:274:25:277:Infinity":80,"s:279:6:283:Infinity":81,"s:285:6:285:Infinity":82,"s:287:6:287:Infinity":83,"s:288:6:292:Infinity":84,"f:303:8:303:23":9,"s:304:4:304:Infinity":85,"s:306:4:330:Infinity":86,"s:307:33:307:Infinity":87,"s:309:6:313:Infinity":88,"s:315:6:319:Infinity":89,"s:321:24:321:Infinity":90,"s:323:6:323:Infinity":91,"s:325:6:329:Infinity":92,"b:326:16:326:36:326:36:326:Infinity":8,"b:327:16:327:36:327:36:327:Infinity":9,"b:328:18:328:36:328:36:328:Infinity":10,"f:339:8:339:26":10,"s:340:4:340:Infinity":93,"s:343:22:343:Infinity":94,"b:344:4:352:Infinity:undefined:undefined:undefined:undefined":11,"s:344:4:352:Infinity":95,"s:346:20:346:Infinity":96,"b:347:6:351:Infinity:undefined:undefined:undefined:undefined":12,"s:347:6:351:Infinity":97,"s:348:21:348:Infinity":98,"s:349:8:349:Infinity":99,"s:350:8:350:Infinity":100,"s:355:17:355:Infinity":101,"s:356:4:356:Infinity":102,"s:357:4:357:Infinity":103}}}
,"/Users/jsedwick/Documents/Obsidian/Claude/Claude/obsidian-mcp-server/src/services/git/RepositoryDetector.ts": {"path":"/Users/jsedwick/Documents/Obsidian/Claude/Claude/obsidian-mcp-server/src/services/git/RepositoryDetector.ts","statementMap":{"0":{"start":{"line":18,"column":6},"end":{"line":18,"column":null}},"1":{"start":{"line":23,"column":16},"end":{"line":30,"column":null}},"2":{"start":{"line":39,"column":4},"end":{"line":39,"column":null}},"3":{"start":{"line":40,"column":4},"end":{"line":40,"column":null}},"4":{"start":{"line":53,"column":4},"end":{"line":53,"column":null}},"5":{"start":{"line":55,"column":28},"end":{"line":55,"column":null}},"6":{"start":{"line":58,"column":22},"end":{"line":82,"column":null}},"7":{"start":{"line":59,"column":6},"end":{"line":59,"column":null}},"8":{"start":{"line":59,"column":28},"end":{"line":59,"column":null}},"9":{"start":{"line":61,"column":6},"end":{"line":81,"column":null}},"10":{"start":{"line":63,"column":8},"end":{"line":66,"column":null}},"11":{"start":{"line":64,"column":10},"end":{"line":64,"column":null}},"12":{"start":{"line":65,"column":10},"end":{"line":65,"column":null}},"13":{"start":{"line":69,"column":24},"end":{"line":69,"column":null}},"14":{"start":{"line":70,"column":8},"end":{"line":74,"column":null}},"15":{"start":{"line":71,"column":10},"end":{"line":73,"column":null}},"16":{"start":{"line":72,"column":12},"end":{"line":72,"column":null}},"17":{"start":{"line":77,"column":8},"end":{"line":80,"column":null}},"18":{"start":{"line":84,"column":4},"end":{"line":84,"column":null}},"19":{"start":{"line":87,"column":22},"end":{"line":87,"column":null}},"20":{"start":{"line":88,"column":4},"end":{"line":100,"column":null}},"21":{"start":{"line":88,"column":17},"end":{"line":88,"column":20}},"22":{"start":{"line":89,"column":25},"end":{"line":89,"column":null}},"23":{"start":{"line":90,"column":6},"end":{"line":90,"column":null}},"24":{"start":{"line":90,"column":38},"end":{"line":90,"column":null}},"25":{"start":{"line":92,"column":6},"end":{"line":97,"column":null}},"26":{"start":{"line":93,"column":8},"end":{"line":96,"column":null}},"27":{"start":{"line":94,"column":10},"end":{"line":94,"column":null}},"28":{"start":{"line":95,"column":10},"end":{"line":95,"column":null}},"29":{"start":{"line":99,"column":6},"end":{"line":99,"column":null}},"30":{"start":{"line":102,"column":4},"end":{"line":105,"column":null}},"31":{"start":{"line":107,"column":4},"end":{"line":107,"column":null}},"32":{"start":{"line":130,"column":8},"end":{"line":130,"column":null}},"33":{"start":{"line":132,"column":4},"end":{"line":136,"column":null}},"34":{"start":{"line":139,"column":22},"end":{"line":139,"column":null}},"35":{"start":{"line":141,"column":4},"end":{"line":144,"column":null}},"36":{"start":{"line":142,"column":6},"end":{"line":142,"column":null}},"37":{"start":{"line":143,"column":6},"end":{"line":143,"column":null}},"38":{"start":{"line":147,"column":40},"end":{"line":147,"column":null}},"39":{"start":{"line":149,"column":4},"end":{"line":162,"column":null}},"40":{"start":{"line":150,"column":24},"end":{"line":156,"column":null}},"41":{"start":{"line":159,"column":6},"end":{"line":161,"column":null}},"42":{"start":{"line":160,"column":8},"end":{"line":160,"column":null}},"43":{"start":{"line":165,"column":4},"end":{"line":165,"column":null}},"44":{"start":{"line":165,"column":30},"end":{"line":165,"column":47}},"45":{"start":{"line":168,"column":30},"end":{"line":168,"column":null}},"46":{"start":{"line":170,"column":4},"end":{"line":173,"column":null}},"47":{"start":{"line":175,"column":4},"end":{"line":175,"column":null}},"48":{"start":{"line":195,"column":16},"end":{"line":195,"column":null}},"49":{"start":{"line":196,"column":30},"end":{"line":196,"column":null}},"50":{"start":{"line":198,"column":4},"end":{"line":198,"column":null}},"51":{"start":{"line":201,"column":24},"end":{"line":201,"column":null}},"52":{"start":{"line":201,"column":50},"end":{"line":201,"column":77}},"53":{"start":{"line":202,"column":24},"end":{"line":202,"column":null}},"54":{"start":{"line":202,"column":48},"end":{"line":202,"column":92}},"55":{"start":{"line":203,"column":22},"end":{"line":203,"column":null}},"56":{"start":{"line":203,"column":46},"end":{"line":203,"column":65}},"57":{"start":{"line":205,"column":4},"end":{"line":210,"column":null}},"58":{"start":{"line":206,"column":21},"end":{"line":206,"column":null}},"59":{"start":{"line":207,"column":6},"end":{"line":207,"column":null}},"60":{"start":{"line":208,"column":6},"end":{"line":208,"column":null}},"61":{"start":{"line":209,"column":6},"end":{"line":209,"column":null}},"62":{"start":{"line":212,"column":4},"end":{"line":217,"column":null}},"63":{"start":{"line":213,"column":21},"end":{"line":213,"column":null}},"64":{"start":{"line":214,"column":6},"end":{"line":214,"column":null}},"65":{"start":{"line":215,"column":6},"end":{"line":215,"column":null}},"66":{"start":{"line":216,"column":6},"end":{"line":216,"column":null}},"67":{"start":{"line":220,"column":4},"end":{"line":227,"column":null}},"68":{"start":{"line":221,"column":23},"end":{"line":221,"column":null}},"69":{"start":{"line":222,"column":6},"end":{"line":226,"column":null}},"70":{"start":{"line":223,"column":8},"end":{"line":223,"column":null}},"71":{"start":{"line":224,"column":8},"end":{"line":224,"column":null}},"72":{"start":{"line":225,"column":8},"end":{"line":225,"column":null}},"73":{"start":{"line":230,"column":4},"end":{"line":242,"column":null}},"74":{"start":{"line":231,"column":6},"end":{"line":231,"column":null}},"75":{"start":{"line":232,"column":6},"end":{"line":232,"column":null}},"76":{"start":{"line":233,"column":6},"end":{"line":233,"column":null}},"77":{"start":{"line":234,"column":4},"end":{"line":242,"column":null}},"78":{"start":{"line":235,"column":6},"end":{"line":235,"column":null}},"79":{"start":{"line":236,"column":6},"end":{"line":236,"column":null}},"80":{"start":{"line":237,"column":6},"end":{"line":237,"column":null}},"81":{"start":{"line":238,"column":4},"end":{"line":242,"column":null}},"82":{"start":{"line":239,"column":6},"end":{"line":239,"column":null}},"83":{"start":{"line":240,"column":6},"end":{"line":240,"column":null}},"84":{"start":{"line":241,"column":6},"end":{"line":241,"column":null}},"85":{"start":{"line":249,"column":4},"end":{"line":255,"column":null}},"86":{"start":{"line":250,"column":6},"end":{"line":250,"column":null}},"87":{"start":{"line":251,"column":6},"end":{"line":251,"column":null}},"88":{"start":{"line":251,"column":76},"end":{"line":251,"column":85}},"89":{"start":{"line":252,"column":6},"end":{"line":252,"column":null}},"90":{"start":{"line":252,"column":72},"end":{"line":252,"column":81}},"91":{"start":{"line":254,"column":6},"end":{"line":254,"column":null}},"92":{"start":{"line":257,"column":4},"end":{"line":257,"column":null}},"93":{"start":{"line":259,"column":4},"end":{"line":266,"column":null}},"94":{"start":{"line":285,"column":23},"end":{"line":288,"column":null}},"95":{"start":{"line":290,"column":4},"end":{"line":290,"column":null}},"96":{"start":{"line":304,"column":4},"end":{"line":304,"column":null}},"97":{"start":{"line":304,"column":33},"end":{"line":304,"column":null}},"98":{"start":{"line":305,"column":4},"end":{"line":305,"column":null}},"99":{"start":{"line":305,"column":33},"end":{"line":305,"column":null}},"100":{"start":{"line":307,"column":21},"end":{"line":307,"column":null}},"101":{"start":{"line":308,"column":24},"end":{"line":308,"column":null}},"102":{"start":{"line":310,"column":4},"end":{"line":310,"column":null}}},"fnMap":{"0":{"name":"(anonymous_0)","decl":{"start":{"line":38,"column":2},"end":{"line":38,"column":14}},"loc":{"start":{"line":38,"column":38},"end":{"line":41,"column":null}},"line":38},"1":{"name":"(anonymous_1)","decl":{"start":{"line":52,"column":8},"end":{"line":52,"column":25}},"loc":{"start":{"line":52,"column":85},"end":{"line":108,"column":null}},"line":52},"2":{"name":"(anonymous_2)","decl":{"start":{"line":58,"column":22},"end":{"line":58,"column":29}},"loc":{"start":{"line":58,"column":79},"end":{"line":82,"column":null}},"line":58},"3":{"name":"(anonymous_3)","decl":{"start":{"line":117,"column":8},"end":{"line":117,"column":null}},"loc":{"start":{"line":123,"column":30},"end":{"line":176,"column":null}},"line":123},"4":{"name":"(anonymous_4)","decl":{"start":{"line":165,"column":20},"end":{"line":165,"column":21}},"loc":{"start":{"line":165,"column":30},"end":{"line":165,"column":47}},"line":165},"5":{"name":"(anonymous_5)","decl":{"start":{"line":188,"column":16},"end":{"line":188,"column":null}},"loc":{"start":{"line":194,"column":28},"end":{"line":267,"column":null}},"line":194},"6":{"name":"(anonymous_6)","decl":{"start":{"line":201,"column":45},"end":{"line":201,"column":50}},"loc":{"start":{"line":201,"column":50},"end":{"line":201,"column":77}},"line":201},"7":{"name":"(anonymous_7)","decl":{"start":{"line":202,"column":43},"end":{"line":202,"column":48}},"loc":{"start":{"line":202,"column":48},"end":{"line":202,"column":92}},"line":202},"8":{"name":"(anonymous_8)","decl":{"start":{"line":203,"column":41},"end":{"line":203,"column":46}},"loc":{"start":{"line":203,"column":46},"end":{"line":203,"column":65}},"line":203},"9":{"name":"(anonymous_9)","decl":{"start":{"line":251,"column":70},"end":{"line":251,"column":76}},"loc":{"start":{"line":251,"column":76},"end":{"line":251,"column":85}},"line":251},"10":{"name":"(anonymous_10)","decl":{"start":{"line":252,"column":66},"end":{"line":252,"column":72}},"loc":{"start":{"line":252,"column":72},"end":{"line":252,"column":81}},"line":252},"11":{"name":"(anonymous_11)","decl":{"start":{"line":278,"column":8},"end":{"line":278,"column":null}},"loc":{"start":{"line":284,"column":35},"end":{"line":291,"column":null}},"line":284},"12":{"name":"(anonymous_12)","decl":{"start":{"line":303,"column":2},"end":{"line":303,"column":16}},"loc":{"start":{"line":303,"column":54},"end":{"line":311,"column":null}},"line":303}},"branchMap":{"0":{"loc":{"start":{"line":52,"column":44},"end":{"line":52,"column":85}},"type":"default-arg","locations":[{"start":{"line":52,"column":63},"end":{"line":52,"column":85}}],"line":52},"1":{"loc":{"start":{"line":59,"column":6},"end":{"line":59,"column":null}},"type":"if","locations":[{"start":{"line":59,"column":6},"end":{"line":59,"column":null}},{"start":{},"end":{}}],"line":59},"2":{"loc":{"start":{"line":63,"column":8},"end":{"line":66,"column":null}},"type":"if","locations":[{"start":{"line":63,"column":8},"end":{"line":66,"column":null}},{"start":{},"end":{}}],"line":63},"3":{"loc":{"start":{"line":71,"column":10},"end":{"line":73,"column":null}},"type":"if","locations":[{"start":{"line":71,"column":10},"end":{"line":73,"column":null}},{"start":{},"end":{}}],"line":71},"4":{"loc":{"start":{"line":71,"column":14},"end":{"line":71,"column":93}},"type":"binary-expr","locations":[{"start":{"line":71,"column":14},"end":{"line":71,"column":37}},{"start":{"line":71,"column":37},"end":{"line":71,"column":70}},{"start":{"line":71,"column":70},"end":{"line":71,"column":93}}],"line":71},"5":{"loc":{"start":{"line":90,"column":6},"end":{"line":90,"column":null}},"type":"if","locations":[{"start":{"line":90,"column":6},"end":{"line":90,"column":null}},{"start":{},"end":{}}],"line":90},"6":{"loc":{"start":{"line":92,"column":6},"end":{"line":97,"column":null}},"type":"if","locations":[{"start":{"line":92,"column":6},"end":{"line":97,"column":null}},{"start":{},"end":{}}],"line":92},"7":{"loc":{"start":{"line":93,"column":8},"end":{"line":96,"column":null}},"type":"if","locations":[{"start":{"line":93,"column":8},"end":{"line":96,"column":null}},{"start":{},"end":{}}],"line":93},"8":{"loc":{"start":{"line":119,"column":4},"end":{"line":122,"column":null}},"type":"default-arg","locations":[{"start":{"line":122,"column":8},"end":{"line":122,"column":null}}],"line":119},"9":{"loc":{"start":{"line":125,"column":6},"end":{"line":125,"column":null}},"type":"default-arg","locations":[{"start":{"line":125,"column":17},"end":{"line":125,"column":null}}],"line":125},"10":{"loc":{"start":{"line":126,"column":6},"end":{"line":126,"column":null}},"type":"default-arg","locations":[{"start":{"line":126,"column":22},"end":{"line":126,"column":null}}],"line":126},"11":{"loc":{"start":{"line":127,"column":6},"end":{"line":127,"column":null}},"type":"default-arg","locations":[{"start":{"line":127,"column":24},"end":{"line":127,"column":null}}],"line":127},"12":{"loc":{"start":{"line":128,"column":6},"end":{"line":128,"column":null}},"type":"default-arg","locations":[{"start":{"line":128,"column":12},"end":{"line":128,"column":null}}],"line":128},"13":{"loc":{"start":{"line":128,"column":12},"end":{"line":128,"column":null}},"type":"binary-expr","locations":[{"start":{"line":128,"column":12},"end":{"line":128,"column":31}},{"start":{"line":128,"column":31},"end":{"line":128,"column":null}}],"line":128},"14":{"loc":{"start":{"line":141,"column":4},"end":{"line":144,"column":null}},"type":"if","locations":[{"start":{"line":141,"column":4},"end":{"line":144,"column":null}},{"start":{},"end":{}}],"line":141},"15":{"loc":{"start":{"line":159,"column":6},"end":{"line":161,"column":null}},"type":"if","locations":[{"start":{"line":159,"column":6},"end":{"line":161,"column":null}},{"start":{},"end":{}}],"line":159},"16":{"loc":{"start":{"line":159,"column":10},"end":{"line":159,"column":65}},"type":"binary-expr","locations":[{"start":{"line":159,"column":10},"end":{"line":159,"column":41}},{"start":{"line":159,"column":41},"end":{"line":159,"column":65}}],"line":159},"17":{"loc":{"start":{"line":193,"column":4},"end":{"line":193,"column":null}},"type":"default-arg","locations":[{"start":{"line":193,"column":31},"end":{"line":193,"column":null}}],"line":193},"18":{"loc":{"start":{"line":202,"column":48},"end":{"line":202,"column":92}},"type":"binary-expr","locations":[{"start":{"line":202,"column":48},"end":{"line":202,"column":71}},{"start":{"line":202,"column":71},"end":{"line":202,"column":92}}],"line":202},"19":{"loc":{"start":{"line":205,"column":4},"end":{"line":210,"column":null}},"type":"if","locations":[{"start":{"line":205,"column":4},"end":{"line":210,"column":null}},{"start":{},"end":{}}],"line":205},"20":{"loc":{"start":{"line":212,"column":4},"end":{"line":217,"column":null}},"type":"if","locations":[{"start":{"line":212,"column":4},"end":{"line":217,"column":null}},{"start":{},"end":{}}],"line":212},"21":{"loc":{"start":{"line":220,"column":4},"end":{"line":227,"column":null}},"type":"if","locations":[{"start":{"line":220,"column":4},"end":{"line":227,"column":null}},{"start":{},"end":{}}],"line":220},"22":{"loc":{"start":{"line":222,"column":6},"end":{"line":226,"column":null}},"type":"if","locations":[{"start":{"line":222,"column":6},"end":{"line":226,"column":null}},{"start":{},"end":{}}],"line":222},"23":{"loc":{"start":{"line":230,"column":4},"end":{"line":242,"column":null}},"type":"if","locations":[{"start":{"line":230,"column":4},"end":{"line":242,"column":null}},{"start":{"line":234,"column":4},"end":{"line":242,"column":null}}],"line":230},"24":{"loc":{"start":{"line":234,"column":4},"end":{"line":242,"column":null}},"type":"if","locations":[{"start":{"line":234,"column":4},"end":{"line":242,"column":null}},{"start":{"line":238,"column":4},"end":{"line":242,"column":null}}],"line":234},"25":{"loc":{"start":{"line":238,"column":4},"end":{"line":242,"column":null}},"type":"if","locations":[{"start":{"line":238,"column":4},"end":{"line":242,"column":null}},{"start":{},"end":{}}],"line":238},"26":{"loc":{"start":{"line":249,"column":4},"end":{"line":255,"column":null}},"type":"if","locations":[{"start":{"line":249,"column":4},"end":{"line":255,"column":null}},{"start":{"line":253,"column":11},"end":{"line":255,"column":null}}],"line":249},"27":{"loc":{"start":{"line":280,"column":4},"end":{"line":283,"column":null}},"type":"default-arg","locations":[{"start":{"line":283,"column":8},"end":{"line":283,"column":null}}],"line":280},"28":{"loc":{"start":{"line":290,"column":11},"end":{"line":290,"column":null}},"type":"binary-expr","locations":[{"start":{"line":290,"column":11},"end":{"line":290,"column":28}},{"start":{"line":290,"column":28},"end":{"line":290,"column":null}}],"line":290},"29":{"loc":{"start":{"line":304,"column":4},"end":{"line":304,"column":null}},"type":"if","locations":[{"start":{"line":304,"column":4},"end":{"line":304,"column":null}},{"start":{},"end":{}}],"line":304},"30":{"loc":{"start":{"line":305,"column":4},"end":{"line":305,"column":null}},"type":"if","locations":[{"start":{"line":305,"column":4},"end":{"line":305,"column":null}},{"start":{},"end":{}}],"line":305}},"s":{"0":2,"1":2,"2":44,"3":44,"4":5,"5":5,"6":5,"7":13,"8":2,"9":11,"10":11,"11":2,"12":2,"13":11,"14":10,"15":15,"16":8,"17":1,"18":5,"19":5,"20":5,"21":5,"22":11,"23":11,"24":4,"25":7,"26":1,"27":1,"28":1,"29":7,"30":5,"31":5,"32":11,"33":11,"34":11,"35":11,"36":1,"37":1,"38":10,"39":10,"40":15,"41":15,"42":13,"43":10,"44":4,"45":10,"46":10,"47":11,"48":15,"49":15,"50":15,"51":15,"52":26,"53":15,"54":13,"55":15,"56":13,"57":15,"58":7,"59":7,"60":7,"61":7,"62":15,"63":4,"64":4,"65":4,"66":4,"67":15,"68":1,"69":1,"70":1,"71":1,"72":1,"73":15,"74":1,"75":1,"76":1,"77":14,"78":1,"79":1,"80":1,"81":13,"82":0,"83":0,"84":0,"85":15,"86":14,"87":14,"88":0,"89":14,"90":0,"91":1,"92":15,"93":15,"94":2,"95":2,"96":4,"97":1,"98":3,"99":1,"100":2,"101":2,"102":2},"f":{"0":44,"1":5,"2":13,"3":11,"4":4,"5":15,"6":26,"7":13,"8":13,"9":0,"10":0,"11":2,"12":4},"b":{"0":[5],"1":[2,11],"2":[2,9],"3":[8,7],"4":[15,14,11],"5":[4,7],"6":[1,6],"7":[1,0],"8":[11],"9":[11],"10":[11],"11":[11],"12":[11],"13":[11,0],"14":[1,10],"15":[13,2],"16":[15,2],"17":[15],"18":[13,4],"19":[7,8],"20":[4,11],"21":[1,14],"22":[1,0],"23":[1,14],"24":[1,13],"25":[0,13],"26":[14,1],"27":[2],"28":[2,1],"29":[1,3],"30":[1,2]},"meta":{"lastBranch":31,"lastFunction":13,"lastStatement":103,"seen":{"s:18:6:18:Infinity":0,"s:23:16:30:Infinity":1,"f:38:2:38:14":0,"s:39:4:39:Infinity":2,"s:40:4:40:Infinity":3,"f:52:8:52:25":1,"b:52:63:52:85":0,"s:53:4:53:Infinity":4,"s:55:28:55:Infinity":5,"s:58:22:82:Infinity":6,"f:58:22:58:29":2,"b:59:6:59:Infinity:undefined:undefined:undefined:undefined":1,"s:59:6:59:Infinity":7,"s:59:28:59:Infinity":8,"s:61:6:81:Infinity":9,"b:63:8:66:Infinity:undefined:undefined:undefined:undefined":2,"s:63:8:66:Infinity":10,"s:64:10:64:Infinity":11,"s:65:10:65:Infinity":12,"s:69:24:69:Infinity":13,"s:70:8:74:Infinity":14,"b:71:10:73:Infinity:undefined:undefined:undefined:undefined":3,"s:71:10:73:Infinity":15,"b:71:14:71:37:71:37:71:70:71:70:71:93":4,"s:72:12:72:Infinity":16,"s:77:8:80:Infinity":17,"s:84:4:84:Infinity":18,"s:87:22:87:Infinity":19,"s:88:4:100:Infinity":20,"s:88:17:88:20":21,"s:89:25:89:Infinity":22,"b:90:6:90:Infinity:undefined:undefined:undefined:undefined":5,"s:90:6:90:Infinity":23,"s:90:38:90:Infinity":24,"b:92:6:97:Infinity:undefined:undefined:undefined:undefined":6,"s:92:6:97:Infinity":25,"b:93:8:96:Infinity:undefined:undefined:undefined:undefined":7,"s:93:8:96:Infinity":26,"s:94:10:94:Infinity":27,"s:95:10:95:Infinity":28,"s:99:6:99:Infinity":29,"s:102:4:105:Infinity":30,"s:107:4:107:Infinity":31,"f:117:8:117:Infinity":3,"b:122:8:122:Infinity":8,"s:130:8:130:Infinity":32,"b:125:17:125:Infinity":9,"b:126:22:126:Infinity":10,"b:127:24:127:Infinity":11,"b:128:12:128:Infinity":12,"b:128:12:128:31:128:31:128:Infinity":13,"s:132:4:136:Infinity":33,"s:139:22:139:Infinity":34,"b:141:4:144:Infinity:undefined:undefined:undefined:undefined":14,"s:141:4:144:Infinity":35,"s:142:6:142:Infinity":36,"s:143:6:143:Infinity":37,"s:147:40:147:Infinity":38,"s:149:4:162:Infinity":39,"s:150:24:156:Infinity":40,"b:159:6:161:Infinity:undefined:undefined:undefined:undefined":15,"s:159:6:161:Infinity":41,"b:159:10:159:41:159:41:159:65":16,"s:160:8:160:Infinity":42,"s:165:4:165:Infinity":43,"f:165:20:165:21":4,"s:165:30:165:47":44,"s:168:30:168:Infinity":45,"s:170:4:173:Infinity":46,"s:175:4:175:Infinity":47,"f:188:16:188:Infinity":5,"b:193:31:193:Infinity":17,"s:195:16:195:Infinity":48,"s:196:30:196:Infinity":49,"s:198:4:198:Infinity":50,"s:201:24:201:Infinity":51,"f:201:45:201:50":6,"s:201:50:201:77":52,"s:202:24:202:Infinity":53,"f:202:43:202:48":7,"s:202:48:202:92":54,"b:202:48:202:71:202:71:202:92":18,"s:203:22:203:Infinity":55,"f:203:41:203:46":8,"s:203:46:203:65":56,"b:205:4:210:Infinity:undefined:undefined:undefined:undefined":19,"s:205:4:210:Infinity":57,"s:206:21:206:Infinity":58,"s:207:6:207:Infinity":59,"s:208:6:208:Infinity":60,"s:209:6:209:Infinity":61,"b:212:4:217:Infinity:undefined:undefined:undefined:undefined":20,"s:212:4:217:Infinity":62,"s:213:21:213:Infinity":63,"s:214:6:214:Infinity":64,"s:215:6:215:Infinity":65,"s:216:6:216:Infinity":66,"b:220:4:227:Infinity:undefined:undefined:undefined:undefined":21,"s:220:4:227:Infinity":67,"s:221:23:221:Infinity":68,"b:222:6:226:Infinity:undefined:undefined:undefined:undefined":22,"s:222:6:226:Infinity":69,"s:223:8:223:Infinity":70,"s:224:8:224:Infinity":71,"s:225:8:225:Infinity":72,"b:230:4:242:Infinity:234:4:242:Infinity":23,"s:230:4:242:Infinity":73,"s:231:6:231:Infinity":74,"s:232:6:232:Infinity":75,"s:233:6:233:Infinity":76,"b:234:4:242:Infinity:238:4:242:Infinity":24,"s:234:4:242:Infinity":77,"s:235:6:235:Infinity":78,"s:236:6:236:Infinity":79,"s:237:6:237:Infinity":80,"b:238:4:242:Infinity:undefined:undefined:undefined:undefined":25,"s:238:4:242:Infinity":81,"s:239:6:239:Infinity":82,"s:240:6:240:Infinity":83,"s:241:6:241:Infinity":84,"b:249:4:255:Infinity:253:11:255:Infinity":26,"s:249:4:255:Infinity":85,"s:250:6:250:Infinity":86,"s:251:6:251:Infinity":87,"f:251:70:251:76":9,"s:251:76:251:85":88,"s:252:6:252:Infinity":89,"f:252:66:252:72":10,"s:252:72:252:81":90,"s:254:6:254:Infinity":91,"s:257:4:257:Infinity":92,"s:259:4:266:Infinity":93,"f:278:8:278:Infinity":11,"b:283:8:283:Infinity":27,"s:285:23:288:Infinity":94,"s:290:4:290:Infinity":95,"b:290:11:290:28:290:28:290:Infinity":28,"f:303:2:303:16":12,"b:304:4:304:Infinity:undefined:undefined:undefined:undefined":29,"s:304:4:304:Infinity":96,"s:304:33:304:Infinity":97,"b:305:4:305:Infinity:undefined:undefined:undefined:undefined":30,"s:305:4:305:Infinity":98,"s:305:33:305:Infinity":99,"s:307:21:307:Infinity":100,"s:308:24:308:Infinity":101,"s:310:4:310:Infinity":102}}}
,"/Users/jsedwick/Documents/Obsidian/Claude/Claude/obsidian-mcp-server/src/services/session/SessionManager.ts": {"path":"/Users/jsedwick/Documents/Obsidian/Claude/Claude/obsidian-mcp-server/src/services/session/SessionManager.ts","statementMap":{"0":{"start":{"line":26,"column":6},"end":{"line":26,"column":null}},"1":{"start":{"line":35,"column":44},"end":{"line":35,"column":null}},"2":{"start":{"line":36,"column":46},"end":{"line":36,"column":null}},"3":{"start":{"line":43,"column":4},"end":{"line":43,"column":null}},"4":{"start":{"line":44,"column":4},"end":{"line":44,"column":null}},"5":{"start":{"line":45,"column":4},"end":{"line":45,"column":null}},"6":{"start":{"line":46,"column":4},"end":{"line":46,"column":null}},"7":{"start":{"line":53,"column":4},"end":{"line":53,"column":null}},"8":{"start":{"line":60,"column":4},"end":{"line":60,"column":null}},"9":{"start":{"line":67,"column":4},"end":{"line":67,"column":null}},"10":{"start":{"line":85,"column":4},"end":{"line":85,"column":null}},"11":{"start":{"line":88,"column":22},"end":{"line":88,"column":null}},"12":{"start":{"line":91,"column":24},"end":{"line":91,"column":null}},"13":{"start":{"line":95,"column":4},"end":{"line":97,"column":null}},"14":{"start":{"line":96,"column":6},"end":{"line":96,"column":null}},"15":{"start":{"line":100,"column":26},"end":{"line":100,"column":null}},"16":{"start":{"line":100,"column":68},"end":{"line":100,"column":75}},"17":{"start":{"line":101,"column":29},"end":{"line":101,"column":null}},"18":{"start":{"line":101,"column":74},"end":{"line":101,"column":81}},"19":{"start":{"line":104,"column":39},"end":{"line":112,"column":null}},"20":{"start":{"line":115,"column":4},"end":{"line":115,"column":null}},"21":{"start":{"line":116,"column":4},"end":{"line":116,"column":null}},"22":{"start":{"line":118,"column":4},"end":{"line":122,"column":null}},"23":{"start":{"line":124,"column":4},"end":{"line":124,"column":null}},"24":{"start":{"line":136,"column":16},"end":{"line":136,"column":null}},"25":{"start":{"line":137,"column":20},"end":{"line":137,"column":null}},"26":{"start":{"line":138,"column":20},"end":{"line":138,"column":null}},"27":{"start":{"line":139,"column":22},"end":{"line":139,"column":null}},"28":{"start":{"line":140,"column":22},"end":{"line":140,"column":null}},"29":{"start":{"line":142,"column":4},"end":{"line":142,"column":null}},"30":{"start":{"line":144,"column":4},"end":{"line":144,"column":null}},"31":{"start":{"line":159,"column":20},"end":{"line":159,"column":null}},"32":{"start":{"line":160,"column":21},"end":{"line":160,"column":null}},"33":{"start":{"line":161,"column":21},"end":{"line":161,"column":null}},"34":{"start":{"line":164,"column":4},"end":{"line":164,"column":null}},"35":{"start":{"line":166,"column":24},"end":{"line":166,"column":null}},"36":{"start":{"line":169,"column":38},"end":{"line":175,"column":null}},"37":{"start":{"line":178,"column":26},"end":{"line":178,"column":null}},"38":{"start":{"line":179,"column":4},"end":{"line":181,"column":null}},"39":{"start":{"line":180,"column":6},"end":{"line":180,"column":null}},"40":{"start":{"line":184,"column":20},"end":{"line":184,"column":null}},"41":{"start":{"line":187,"column":4},"end":{"line":187,"column":null}},"42":{"start":{"line":189,"column":4},"end":{"line":189,"column":null}},"43":{"start":{"line":191,"column":4},"end":{"line":191,"column":null}},"44":{"start":{"line":202,"column":18},"end":{"line":202,"column":null}},"45":{"start":{"line":205,"column":4},"end":{"line":205,"column":null}},"46":{"start":{"line":206,"column":4},"end":{"line":206,"column":null}},"47":{"start":{"line":207,"column":4},"end":{"line":207,"column":null}},"48":{"start":{"line":210,"column":4},"end":{"line":210,"column":null}},"49":{"start":{"line":211,"column":4},"end":{"line":211,"column":null}},"50":{"start":{"line":214,"column":4},"end":{"line":221,"column":null}},"51":{"start":{"line":215,"column":6},"end":{"line":215,"column":null}},"52":{"start":{"line":216,"column":6},"end":{"line":220,"column":null}},"53":{"start":{"line":217,"column":8},"end":{"line":217,"column":null}},"54":{"start":{"line":218,"column":8},"end":{"line":218,"column":null}},"55":{"start":{"line":219,"column":8},"end":{"line":219,"column":null}},"56":{"start":{"line":223,"column":4},"end":{"line":223,"column":null}},"57":{"start":{"line":226,"column":18},"end":{"line":226,"column":null}},"58":{"start":{"line":227,"column":4},"end":{"line":227,"column":null}},"59":{"start":{"line":230,"column":4},"end":{"line":230,"column":null}},"60":{"start":{"line":233,"column":4},"end":{"line":233,"column":null}},"61":{"start":{"line":234,"column":4},"end":{"line":234,"column":null}},"62":{"start":{"line":235,"column":4},"end":{"line":235,"column":null}},"63":{"start":{"line":236,"column":4},"end":{"line":236,"column":null}},"64":{"start":{"line":237,"column":4},"end":{"line":237,"column":null}},"65":{"start":{"line":239,"column":4},"end":{"line":239,"column":null}},"66":{"start":{"line":249,"column":26},"end":{"line":249,"column":null}},"67":{"start":{"line":251,"column":4},"end":{"line":254,"column":null}},"68":{"start":{"line":252,"column":6},"end":{"line":252,"column":null}},"69":{"start":{"line":253,"column":6},"end":{"line":253,"column":null}},"70":{"start":{"line":256,"column":4},"end":{"line":297,"column":null}},"71":{"start":{"line":257,"column":24},"end":{"line":260,"column":null}},"72":{"start":{"line":262,"column":6},"end":{"line":265,"column":null}},"73":{"start":{"line":263,"column":8},"end":{"line":263,"column":null}},"74":{"start":{"line":264,"column":8},"end":{"line":264,"column":null}},"75":{"start":{"line":268,"column":28},"end":{"line":271,"column":null}},"76":{"start":{"line":273,"column":6},"end":{"line":278,"column":null}},"77":{"start":{"line":274,"column":8},"end":{"line":276,"column":null}},"78":{"start":{"line":277,"column":8},"end":{"line":277,"column":null}},"79":{"start":{"line":281,"column":39},"end":{"line":285,"column":null}},"80":{"start":{"line":287,"column":6},"end":{"line":291,"column":null}},"81":{"start":{"line":293,"column":6},"end":{"line":293,"column":null}},"82":{"start":{"line":295,"column":6},"end":{"line":295,"column":null}},"83":{"start":{"line":296,"column":6},"end":{"line":296,"column":null}},"84":{"start":{"line":307,"column":4},"end":{"line":311,"column":null}},"85":{"start":{"line":308,"column":6},"end":{"line":310,"column":null}},"86":{"start":{"line":313,"column":4},"end":{"line":316,"column":null}},"87":{"start":{"line":319,"column":20},"end":{"line":319,"column":null}},"88":{"start":{"line":322,"column":29},"end":{"line":322,"column":null}},"89":{"start":{"line":323,"column":4},"end":{"line":327,"column":null}},"90":{"start":{"line":324,"column":6},"end":{"line":326,"column":null}},"91":{"start":{"line":329,"column":22},"end":{"line":329,"column":null}},"92":{"start":{"line":330,"column":24},"end":{"line":330,"column":null}},"93":{"start":{"line":333,"column":21},"end":{"line":333,"column":null}},"94":{"start":{"line":336,"column":21},"end":{"line":336,"column":null}},"95":{"start":{"line":338,"column":4},"end":{"line":344,"column":null}},"96":{"start":{"line":340,"column":6},"end":{"line":340,"column":null}},"97":{"start":{"line":343,"column":6},"end":{"line":343,"column":null}},"98":{"start":{"line":347,"column":23},"end":{"line":347,"column":null}},"99":{"start":{"line":348,"column":4},"end":{"line":348,"column":null}},"100":{"start":{"line":350,"column":4},"end":{"line":353,"column":null}},"101":{"start":{"line":365,"column":4},"end":{"line":375,"column":null}},"102":{"start":{"line":367,"column":6},"end":{"line":367,"column":null}},"103":{"start":{"line":368,"column":4},"end":{"line":375,"column":null}},"104":{"start":{"line":370,"column":6},"end":{"line":370,"column":null}},"105":{"start":{"line":372,"column":6},"end":{"line":374,"column":null}},"106":{"start":{"line":377,"column":4},"end":{"line":377,"column":null}},"107":{"start":{"line":380,"column":20},"end":{"line":380,"column":null}},"108":{"start":{"line":383,"column":29},"end":{"line":383,"column":null}},"109":{"start":{"line":384,"column":4},"end":{"line":388,"column":null}},"110":{"start":{"line":385,"column":6},"end":{"line":387,"column":null}},"111":{"start":{"line":390,"column":28},"end":{"line":390,"column":null}},"112":{"start":{"line":391,"column":24},"end":{"line":391,"column":null}},"113":{"start":{"line":394,"column":21},"end":{"line":394,"column":null}},"114":{"start":{"line":396,"column":4},"end":{"line":400,"column":null}},"115":{"start":{"line":411,"column":4},"end":{"line":413,"column":null}},"116":{"start":{"line":412,"column":6},"end":{"line":412,"column":null}},"117":{"start":{"line":416,"column":22},"end":{"line":416,"column":null}},"118":{"start":{"line":417,"column":4},"end":{"line":421,"column":null}},"119":{"start":{"line":418,"column":6},"end":{"line":420,"column":null}},"120":{"start":{"line":423,"column":21},"end":{"line":423,"column":null}},"121":{"start":{"line":424,"column":21},"end":{"line":424,"column":null}},"122":{"start":{"line":425,"column":24},"end":{"line":425,"column":null}},"123":{"start":{"line":428,"column":4},"end":{"line":435,"column":null}},"124":{"start":{"line":429,"column":6},"end":{"line":429,"column":null}},"125":{"start":{"line":431,"column":6},"end":{"line":434,"column":null}},"126":{"start":{"line":437,"column":4},"end":{"line":437,"column":null}},"127":{"start":{"line":449,"column":56},"end":{"line":449,"column":null}},"128":{"start":{"line":451,"column":18},"end":{"line":451,"column":null}},"129":{"start":{"line":453,"column":4},"end":{"line":467,"column":null}},"130":{"start":{"line":455,"column":20},"end":{"line":455,"column":null}},"131":{"start":{"line":456,"column":6},"end":{"line":466,"column":null}},"132":{"start":{"line":457,"column":31},"end":{"line":457,"column":null}},"133":{"start":{"line":459,"column":8},"end":{"line":465,"column":null}},"134":{"start":{"line":460,"column":10},"end":{"line":460,"column":null}},"135":{"start":{"line":461,"column":8},"end":{"line":465,"column":null}},"136":{"start":{"line":462,"column":10},"end":{"line":462,"column":null}},"137":{"start":{"line":463,"column":8},"end":{"line":465,"column":null}},"138":{"start":{"line":464,"column":10},"end":{"line":464,"column":null}},"139":{"start":{"line":469,"column":4},"end":{"line":469,"column":null}},"140":{"start":{"line":476,"column":4},"end":{"line":476,"column":null}},"141":{"start":{"line":478,"column":4},"end":{"line":478,"column":null}},"142":{"start":{"line":488,"column":4},"end":{"line":493,"column":null}}},"fnMap":{"0":{"name":"(anonymous_0)","decl":{"start":{"line":38,"column":2},"end":{"line":38,"column":null}},"loc":{"start":{"line":42,"column":4},"end":{"line":47,"column":null}},"line":42},"1":{"name":"(anonymous_1)","decl":{"start":{"line":52,"column":2},"end":{"line":52,"column":39}},"loc":{"start":{"line":52,"column":39},"end":{"line":54,"column":null}},"line":52},"2":{"name":"(anonymous_2)","decl":{"start":{"line":59,"column":2},"end":{"line":59,"column":41}},"loc":{"start":{"line":59,"column":41},"end":{"line":61,"column":null}},"line":59},"3":{"name":"(anonymous_3)","decl":{"start":{"line":66,"column":2},"end":{"line":66,"column":30}},"loc":{"start":{"line":66,"column":30},"end":{"line":68,"column":null}},"line":66},"4":{"name":"(anonymous_4)","decl":{"start":{"line":77,"column":8},"end":{"line":77,"column":null}},"loc":{"start":{"line":84,"column":33},"end":{"line":125,"column":null}},"line":84},"5":{"name":"(anonymous_5)","decl":{"start":{"line":100,"column":63},"end":{"line":100,"column":68}},"loc":{"start":{"line":100,"column":68},"end":{"line":100,"column":75}},"line":100},"6":{"name":"(anonymous_6)","decl":{"start":{"line":101,"column":69},"end":{"line":101,"column":74}},"loc":{"start":{"line":101,"column":74},"end":{"line":101,"column":81}},"line":101},"7":{"name":"(anonymous_7)","decl":{"start":{"line":135,"column":10},"end":{"line":135,"column":28}},"loc":{"start":{"line":135,"column":52},"end":{"line":145,"column":null}},"line":135},"8":{"name":"(anonymous_8)","decl":{"start":{"line":154,"column":16},"end":{"line":154,"column":null}},"loc":{"start":{"line":157,"column":21},"end":{"line":192,"column":null}},"line":157},"9":{"name":"(anonymous_9)","decl":{"start":{"line":201,"column":10},"end":{"line":201,"column":30}},"loc":{"start":{"line":201,"column":95},"end":{"line":240,"column":null}},"line":201},"10":{"name":"(anonymous_10)","decl":{"start":{"line":248,"column":16},"end":{"line":248,"column":40}},"loc":{"start":{"line":248,"column":96},"end":{"line":298,"column":null}},"line":248},"11":{"name":"(anonymous_11)","decl":{"start":{"line":306,"column":8},"end":{"line":306,"column":23}},"loc":{"start":{"line":306,"column":56},"end":{"line":354,"column":null}},"line":306},"12":{"name":"(anonymous_12)","decl":{"start":{"line":362,"column":8},"end":{"line":362,"column":26}},"loc":{"start":{"line":362,"column":71},"end":{"line":401,"column":null}},"line":362},"13":{"name":"(anonymous_13)","decl":{"start":{"line":409,"column":16},"end":{"line":409,"column":32}},"loc":{"start":{"line":409,"column":68},"end":{"line":438,"column":null}},"line":409},"14":{"name":"(anonymous_14)","decl":{"start":{"line":448,"column":10},"end":{"line":448,"column":27}},"loc":{"start":{"line":448,"column":69},"end":{"line":470,"column":null}},"line":448},"15":{"name":"(anonymous_15)","decl":{"start":{"line":475,"column":2},"end":{"line":475,"column":21}},"loc":{"start":{"line":475,"column":21},"end":{"line":479,"column":null}},"line":475},"16":{"name":"(anonymous_16)","decl":{"start":{"line":487,"column":10},"end":{"line":487,"column":18}},"loc":{"start":{"line":487,"column":40},"end":{"line":494,"column":null}},"line":487}},"branchMap":{"0":{"loc":{"start":{"line":67,"column":11},"end":{"line":67,"column":null}},"type":"binary-expr","locations":[{"start":{"line":67,"column":11},"end":{"line":67,"column":45}},{"start":{"line":67,"column":45},"end":{"line":67,"column":null}}],"line":67},"1":{"loc":{"start":{"line":79,"column":4},"end":{"line":83,"column":null}},"type":"default-arg","locations":[{"start":{"line":83,"column":8},"end":{"line":83,"column":null}}],"line":79},"2":{"loc":{"start":{"line":95,"column":4},"end":{"line":97,"column":null}},"type":"if","locations":[{"start":{"line":95,"column":4},"end":{"line":97,"column":null}},{"start":{},"end":{}}],"line":95},"3":{"loc":{"start":{"line":100,"column":26},"end":{"line":100,"column":null}},"type":"binary-expr","locations":[{"start":{"line":100,"column":26},"end":{"line":100,"column":80}},{"start":{"line":100,"column":80},"end":{"line":100,"column":null}}],"line":100},"4":{"loc":{"start":{"line":101,"column":29},"end":{"line":101,"column":null}},"type":"binary-expr","locations":[{"start":{"line":101,"column":29},"end":{"line":101,"column":86}},{"start":{"line":101,"column":86},"end":{"line":101,"column":null}}],"line":101},"5":{"loc":{"start":{"line":107,"column":28},"end":{"line":107,"column":null}},"type":"cond-expr","locations":[{"start":{"line":107,"column":49},"end":{"line":107,"column":53}},{"start":{"line":107,"column":53},"end":{"line":107,"column":null}}],"line":107},"6":{"loc":{"start":{"line":108,"column":20},"end":{"line":108,"column":null}},"type":"cond-expr","locations":[{"start":{"line":108,"column":41},"end":{"line":108,"column":64}},{"start":{"line":108,"column":64},"end":{"line":108,"column":null}}],"line":108},"7":{"loc":{"start":{"line":139,"column":22},"end":{"line":139,"column":null}},"type":"cond-expr","locations":[{"start":{"line":139,"column":30},"end":{"line":139,"column":58}},{"start":{"line":139,"column":58},"end":{"line":139,"column":null}}],"line":139},"8":{"loc":{"start":{"line":179,"column":4},"end":{"line":181,"column":null}},"type":"if","locations":[{"start":{"line":179,"column":4},"end":{"line":181,"column":null}},{"start":{},"end":{}}],"line":179},"9":{"loc":{"start":{"line":214,"column":4},"end":{"line":221,"column":null}},"type":"if","locations":[{"start":{"line":214,"column":4},"end":{"line":221,"column":null}},{"start":{},"end":{}}],"line":214},"10":{"loc":{"start":{"line":214,"column":8},"end":{"line":214,"column":71}},"type":"binary-expr","locations":[{"start":{"line":214,"column":8},"end":{"line":214,"column":35}},{"start":{"line":214,"column":35},"end":{"line":214,"column":71}}],"line":214},"11":{"loc":{"start":{"line":226,"column":18},"end":{"line":226,"column":null}},"type":"binary-expr","locations":[{"start":{"line":226,"column":18},"end":{"line":226,"column":35}},{"start":{"line":226,"column":35},"end":{"line":226,"column":null}}],"line":226},"12":{"loc":{"start":{"line":251,"column":4},"end":{"line":254,"column":null}},"type":"if","locations":[{"start":{"line":251,"column":4},"end":{"line":254,"column":null}},{"start":{},"end":{}}],"line":251},"13":{"loc":{"start":{"line":262,"column":6},"end":{"line":265,"column":null}},"type":"if","locations":[{"start":{"line":262,"column":6},"end":{"line":265,"column":null}},{"start":{},"end":{}}],"line":262},"14":{"loc":{"start":{"line":273,"column":6},"end":{"line":278,"column":null}},"type":"if","locations":[{"start":{"line":273,"column":6},"end":{"line":278,"column":null}},{"start":{},"end":{}}],"line":273},"15":{"loc":{"start":{"line":307,"column":4},"end":{"line":311,"column":null}},"type":"if","locations":[{"start":{"line":307,"column":4},"end":{"line":311,"column":null}},{"start":{},"end":{}}],"line":307},"16":{"loc":{"start":{"line":323,"column":4},"end":{"line":327,"column":null}},"type":"if","locations":[{"start":{"line":323,"column":4},"end":{"line":327,"column":null}},{"start":{},"end":{}}],"line":323},"17":{"loc":{"start":{"line":338,"column":4},"end":{"line":344,"column":null}},"type":"if","locations":[{"start":{"line":338,"column":4},"end":{"line":344,"column":null}},{"start":{"line":341,"column":11},"end":{"line":344,"column":null}}],"line":338},"18":{"loc":{"start":{"line":365,"column":4},"end":{"line":375,"column":null}},"type":"if","locations":[{"start":{"line":365,"column":4},"end":{"line":375,"column":null}},{"start":{"line":368,"column":4},"end":{"line":375,"column":null}}],"line":365},"19":{"loc":{"start":{"line":365,"column":8},"end":{"line":365,"column":47}},"type":"binary-expr","locations":[{"start":{"line":365,"column":8},"end":{"line":365,"column":22}},{"start":{"line":365,"column":22},"end":{"line":365,"column":47}}],"line":365},"20":{"loc":{"start":{"line":368,"column":4},"end":{"line":375,"column":null}},"type":"if","locations":[{"start":{"line":368,"column":4},"end":{"line":375,"column":null}},{"start":{"line":371,"column":11},"end":{"line":375,"column":null}}],"line":368},"21":{"loc":{"start":{"line":384,"column":4},"end":{"line":388,"column":null}},"type":"if","locations":[{"start":{"line":384,"column":4},"end":{"line":388,"column":null}},{"start":{},"end":{}}],"line":384},"22":{"loc":{"start":{"line":411,"column":4},"end":{"line":413,"column":null}},"type":"if","locations":[{"start":{"line":411,"column":4},"end":{"line":413,"column":null}},{"start":{},"end":{}}],"line":411},"23":{"loc":{"start":{"line":411,"column":8},"end":{"line":411,"column":62}},"type":"binary-expr","locations":[{"start":{"line":411,"column":8},"end":{"line":411,"column":35}},{"start":{"line":411,"column":35},"end":{"line":411,"column":62}}],"line":411},"24":{"loc":{"start":{"line":417,"column":4},"end":{"line":421,"column":null}},"type":"if","locations":[{"start":{"line":417,"column":4},"end":{"line":421,"column":null}},{"start":{},"end":{}}],"line":417},"25":{"loc":{"start":{"line":456,"column":6},"end":{"line":466,"column":null}},"type":"if","locations":[{"start":{"line":456,"column":6},"end":{"line":466,"column":null}},{"start":{},"end":{}}],"line":456},"26":{"loc":{"start":{"line":459,"column":8},"end":{"line":465,"column":null}},"type":"if","locations":[{"start":{"line":459,"column":8},"end":{"line":465,"column":null}},{"start":{"line":461,"column":8},"end":{"line":465,"column":null}}],"line":459},"27":{"loc":{"start":{"line":461,"column":8},"end":{"line":465,"column":null}},"type":"if","locations":[{"start":{"line":461,"column":8},"end":{"line":465,"column":null}},{"start":{"line":463,"column":8},"end":{"line":465,"column":null}}],"line":461},"28":{"loc":{"start":{"line":461,"column":19},"end":{"line":461,"column":65}},"type":"binary-expr","locations":[{"start":{"line":461,"column":19},"end":{"line":461,"column":44}},{"start":{"line":461,"column":44},"end":{"line":461,"column":65}}],"line":461},"29":{"loc":{"start":{"line":463,"column":8},"end":{"line":465,"column":null}},"type":"if","locations":[{"start":{"line":463,"column":8},"end":{"line":465,"column":null}},{"start":{},"end":{}}],"line":463}},"s":{"0":1,"1":22,"2":22,"3":22,"4":22,"5":22,"6":22,"7":3,"8":4,"9":2,"10":12,"11":12,"12":12,"13":12,"14":9,"15":12,"16":2,"17":12,"18":1,"19":12,"20":12,"21":12,"22":12,"23":12,"24":12,"25":12,"26":12,"27":12,"28":12,"29":12,"30":12,"31":12,"32":12,"33":12,"34":12,"35":12,"36":12,"37":12,"38":12,"39":2,"40":12,"41":12,"42":12,"43":12,"44":12,"45":12,"46":12,"47":12,"48":12,"49":12,"50":12,"51":2,"52":2,"53":3,"54":3,"55":3,"56":12,"57":12,"58":12,"59":12,"60":12,"61":12,"62":12,"63":12,"64":12,"65":12,"66":9,"67":9,"68":7,"69":7,"70":2,"71":2,"72":2,"73":1,"74":1,"75":1,"76":1,"77":0,"78":0,"79":1,"80":1,"81":1,"82":0,"83":0,"84":4,"85":2,"86":2,"87":2,"88":2,"89":2,"90":0,"91":2,"92":2,"93":2,"94":2,"95":2,"96":1,"97":1,"98":2,"99":2,"100":2,"101":7,"102":1,"103":6,"104":5,"105":1,"106":5,"107":5,"108":5,"109":5,"110":2,"111":3,"112":3,"113":3,"114":3,"115":5,"116":0,"117":5,"118":5,"119":0,"120":5,"121":5,"122":5,"123":5,"124":5,"125":1,"126":4,"127":3,"128":3,"129":3,"130":15,"131":15,"132":15,"133":15,"134":6,"135":9,"136":9,"137":0,"138":0,"139":3,"140":2,"141":2,"142":1},"f":{"0":22,"1":3,"2":4,"3":2,"4":12,"5":2,"6":1,"7":12,"8":12,"9":12,"10":9,"11":4,"12":7,"13":5,"14":3,"15":2,"16":1},"b":{"0":[2,1],"1":[12],"2":[9,3],"3":[12,11],"4":[12,11],"5":[1,11],"6":[1,11],"7":[1,11],"8":[2,10],"9":[2,10],"10":[12,2],"11":[12,11],"12":[7,2],"13":[1,1],"14":[0,1],"15":[2,2],"16":[0,2],"17":[1,1],"18":[1,6],"19":[7,2],"20":[5,1],"21":[2,3],"22":[0,5],"23":[5,5],"24":[0,5],"25":[15,0],"26":[6,9],"27":[9,0],"28":[9,9],"29":[0,0]},"meta":{"lastBranch":30,"lastFunction":17,"lastStatement":143,"seen":{"s:26:6:26:Infinity":0,"s:35:44:35:Infinity":1,"s:36:46:36:Infinity":2,"f:38:2:38:Infinity":0,"s:43:4:43:Infinity":3,"s:44:4:44:Infinity":4,"s:45:4:45:Infinity":5,"s:46:4:46:Infinity":6,"f:52:2:52:39":1,"s:53:4:53:Infinity":7,"f:59:2:59:41":2,"s:60:4:60:
[...]
e":44},"4":{"name":"(anonymous_4)","decl":{"start":{"line":48,"column":2},"end":{"line":48,"column":7}},"loc":{"start":{"line":48,"column":62},"end":{"line":50,"column":null}},"line":48},"5":{"name":"(anonymous_5)","decl":{"start":{"line":52,"column":2},"end":{"line":52,"column":8}},"loc":{"start":{"line":52,"column":78},"end":{"line":54,"column":null}},"line":52},"6":{"name":"(anonymous_6)","decl":{"start":{"line":56,"column":10},"end":{"line":56,"column":14}},"loc":{"start":{"line":56,"column":86},"end":{"line":77,"column":null}},"line":56},"7":{"name":"(anonymous_7)","decl":{"start":{"line":79,"column":10},"end":{"line":79,"column":17}},"loc":{"start":{"line":79,"column":42},"end":{"line":84,"column":null}},"line":79},"8":{"name":"(anonymous_8)","decl":{"start":{"line":96,"column":2},"end":{"line":96,"column":8}},"loc":{"start":{"line":96,"column":43},"end":{"line":98,"column":null}},"line":96},"9":{"name":"createLogger","decl":{"start":{"line":110,"column":16},"end":{"line":110,"column":29}},"loc":{"start":{"line":110,"column":54},"end":{"line":116,"column":null}},"line":110}},"branchMap":{"0":{"loc":{"start":{"line":8,"column":12},"end":{"line":8,"column":null}},"type":"binary-expr","locations":[{"start":{"line":8,"column":12},"end":{"line":8,"column":null}},{"start":{"line":8,"column":12},"end":{"line":8,"column":null}}],"line":8},"1":{"loc":{"start":{"line":37,"column":12},"end":{"line":37,"column":null}},"type":"default-arg","locations":[{"start":{"line":37,"column":33},"end":{"line":37,"column":null}}],"line":37},"2":{"loc":{"start":{"line":57,"column":4},"end":{"line":57,"column":null}},"type":"if","locations":[{"start":{"line":57,"column":4},"end":{"line":57,"column":null}},{"start":{},"end":{}}],"line":57},"3":{"loc":{"start":{"line":70,"column":4},"end":{"line":76,"column":null}},"type":"if","locations":[{"start":{"line":70,"column":4},"end":{"line":76,"column":null}},{"start":{"line":72,"column":4},"end":{"line":76,"column":null}}],"line":70},"4":{"loc":{"start":{"line":72,"column":4},"end":{"line":76,"column":null}},"type":"if","locations":[{"start":{"line":72,"column":4},"end":{"line":76,"column":null}},{"start":{"line":74,"column":11},"end":{"line":76,"column":null}}],"line":72},"5":{"loc":{"start":{"line":82,"column":6},"end":{"line":82,"column":null}},"type":"cond-expr","locations":[{"start":{"line":82,"column":57},"end":{"line":82,"column":92}},{"start":{"line":82,"column":92},"end":{"line":82,"column":null}}],"line":82},"6":{"loc":{"start":{"line":82,"column":6},"end":{"line":82,"column":57}},"type":"binary-expr","locations":[{"start":{"line":82,"column":6},"end":{"line":82,"column":20}},{"start":{"line":82,"column":20},"end":{"line":82,"column":57}}],"line":82},"7":{"loc":{"start":{"line":111,"column":16},"end":{"line":113,"column":null}},"type":"cond-expr","locations":[{"start":{"line":112,"column":7},"end":{"line":112,"column":null}},{"start":{"line":113,"column":6},"end":{"line":113,"column":null}}],"line":111},"8":{"loc":{"start":{"line":112,"column":7},"end":{"line":112,"column":null}},"type":"binary-expr","locations":[{"start":{"line":112,"column":7},"end":{"line":112,"column":67}},{"start":{"line":112,"column":67},"end":{"line":112,"column":null}}],"line":112}},"s":{"0":5,"1":5,"2":5,"3":5,"4":5,"5":5,"6":9,"7":9,"8":261,"9":178,"10":0,"11":11,"12":450,"13":261,"14":189,"15":189,"16":189,"17":11,"18":178,"19":0,"20":178,"21":189,"22":189,"23":189,"24":0,"25":9,"26":9},"f":{"0":5,"1":9,"2":261,"3":178,"4":0,"5":11,"6":450,"7":189,"8":0,"9":9},"b":{"0":[5,5],"1":[9],"2":[261,189],"3":[11,178],"4":[0,178],"5":[87,102],"6":[189,87],"7":[0,9],"8":[0,0]},"meta":{"lastBranch":9,"lastFunction":10,"lastStatement":27,"seen":{"s:8:7:8:Infinity":0,"f:8:7:8:12":0,"s:9:2:9:10":1,"s:10:2:10:9":2,"s:11:2:11:9":3,"s:12:2:12:10":4,"s:8:12:8:Infinity":5,"b:8:12:8:Infinity:8:12:8:Infinity":0,"f:35:2:35:Infinity":1,"b:37:33:37:Infinity":1,"s:36:12:36:Infinity":6,"s:37:12:37:33":7,"f:40:2:40:8":2,"s:41:4:41:Infinity":8,"f:44:2:44:7":3,"s:45:4:45:Infinity":9,"f:48:2:48:7":4,"s:49:4:49:Infinity":10,"f:52:2:52:8":5,"s:53:4:53:Infinity":11,"f:56:10:56:14":6,"b:57:4:57:Infinity:undefined:undefined:undefined:undefined":2,"s:57:4:57:Infinity":12,"s:57:31:57:Infinity":13,"s:59:28:65:Infinity":14,"s:68:22:68:Infinity":15,"b:70:4:76:Infinity:72:4:76:Infinity":3,"s:70:4:76:Infinity":16,"s:71:6:71:Infinity":17,"b:72:4:76:Infinity:74:11:76:Infinity":4,"s:72:4:76:Infinity":18,"s:73:6:73:Infinity":19,"s:75:6:75:Infinity":20,"f:79:10:79:17":7,"s:80:21:80:Infinity":21,"s:82:6:82:Infinity":22,"b:82:57:82:92:82:92:82:Infinity":5,"b:82:6:82:20:82:20:82:57":6,"s:83:4:83:Infinity":23,"f:96:2:96:8":8,"s:97:4:97:Infinity":24,"f:110:16:110:29":9,"s:111:16:113:Infinity":25,"b:112:7:112:Infinity:113:6:113:Infinity":7,"b:112:7:112:67:112:67:112:Infinity":8,"s:115:2:115:Infinity":26}}}
,"/Users/jsedwick/Documents/Obsidian/Claude/Claude/obsidian-mcp-server/src/validation/index.ts": {"path":"/Users/jsedwick/Documents/Obsidian/Claude/Claude/obsidian-mcp-server/src/validation/index.ts","statementMap":{"0":{"start":{"line":20,"column":4},"end":{"line":20,"column":null}},"1":{"start":{"line":16,"column":20},"end":{"line":16,"column":null}},"2":{"start":{"line":17,"column":20},"end":{"line":17,"column":null}},"3":{"start":{"line":18,"column":20},"end":{"line":18,"column":null}},"4":{"start":{"line":21,"column":4},"end":{"line":21,"column":null}},"5":{"start":{"line":28,"column":19},"end":{"line":31,"column":null}},"6":{"start":{"line":29,"column":19},"end":{"line":29,"column":null}},"7":{"start":{"line":30,"column":6},"end":{"line":30,"column":null}},"8":{"start":{"line":33,"column":4},"end":{"line":33,"column":null}},"9":{"start":{"line":40,"column":17},"end":{"line":40,"column":null}},"10":{"start":{"line":41,"column":4},"end":{"line":41,"column":null}},"11":{"start":{"line":42,"column":4},"end":{"line":42,"column":null}},"12":{"start":{"line":43,"column":4},"end":{"line":43,"column":null}},"13":{"start":{"line":44,"column":4},"end":{"line":44,"column":null}},"14":{"start":{"line":45,"column":4},"end":{"line":45,"column":null}},"15":{"start":{"line":46,"column":4},"end":{"line":46,"column":null}},"16":{"start":{"line":47,"column":4},"end":{"line":49,"column":null}},"17":{"start":{"line":48,"column":6},"end":{"line":48,"column":null}},"18":{"start":{"line":50,"column":4},"end":{"line":50,"column":null}},"19":{"start":{"line":76,"column":2},"end":{"line":81,"column":null}},"20":{"start":{"line":77,"column":4},"end":{"line":80,"column":null}},"21":{"start":{"line":84,"column":17},"end":{"line":84,"column":null}},"22":{"start":{"line":86,"column":2},"end":{"line":95,"column":null}},"23":{"start":{"line":88,"column":4},"end":{"line":88,"column":null}},"24":{"start":{"line":90,"column":4},"end":{"line":92,"column":null}},"25":{"start":{"line":91,"column":6},"end":{"line":91,"column":null}},"26":{"start":{"line":94,"column":4},"end":{"line":94,"column":null}},"27":{"start":{"line":123,"column":2},"end":{"line":141,"column":null}},"28":{"start":{"line":124,"column":17},"end":{"line":124,"column":null}},"29":{"start":{"line":125,"column":4},"end":{"line":125,"column":null}},"30":{"start":{"line":127,"column":4},"end":{"line":129,"column":null}},"31":{"start":{"line":128,"column":6},"end":{"line":128,"column":null}},"32":{"start":{"line":131,"column":28},"end":{"line":139,"column":null}},"33":{"start":{"line":140,"column":4},"end":{"line":140,"column":null}},"34":{"start":{"line":161,"column":2},"end":{"line":166,"column":null}},"35":{"start":{"line":162,"column":4},"end":{"line":165,"column":null}},"36":{"start":{"line":168,"column":2},"end":{"line":168,"column":null}},"37":{"start":{"line":195,"column":2},"end":{"line":202,"column":null}},"38":{"start":{"line":196,"column":19},"end":{"line":196,"column":null}},"39":{"start":{"line":197,"column":4},"end":{"line":201,"column":null}},"40":{"start":{"line":198,"column":6},"end":{"line":198,"column":null}},"41":{"start":{"line":200,"column":6},"end":{"line":200,"column":null}},"42":{"start":{"line":223,"column":17},"end":{"line":223,"column":null}},"43":{"start":{"line":224,"column":2},"end":{"line":224,"column":null}}},"fnMap":{"0":{"name":"(anonymous_0)","decl":{"start":{"line":15,"column":2},"end":{"line":15,"column":null}},"loc":{"start":{"line":19,"column":4},"end":{"line":22,"column":null}},"line":19},"1":{"name":"(anonymous_1)","decl":{"start":{"line":27,"column":17},"end":{"line":27,"column":36}},"loc":{"start":{"line":27,"column":81},"end":{"line":34,"column":null}},"line":27},"2":{"name":"(anonymous_2)","decl":{"start":{"line":28,"column":36},"end":{"line":28,"column":45}},"loc":{"start":{"line":28,"column":45},"end":{"line":31,"column":5}},"line":28},"3":{"name":"(anonymous_3)","decl":{"start":{"line":39,"column":2},"end":{"line":39,"column":30}},"loc":{"start":{"line":39,"column":30},"end":{"line":51,"column":null}},"line":39},"4":{"name":"(anonymous_4)","decl":{"start":{"line":47,"column":39},"end":{"line":47,"column":40}},"loc":{"start":{"line":47,"column":55},"end":{"line":49,"column":5}},"line":47},"5":{"name":"validateToolArgs","decl":{"start":{"line":71,"column":16},"end":{"line":71,"column":null}},"loc":{"start":{"line":74,"column":40},"end":{"line":96,"column":null}},"line":74},"6":{"name":"safeValidateToolArgs","decl":{"start":{"line":117,"column":16},"end":{"line":117,"column":null}},"loc":{"start":{"line":122,"column":47},"end":{"line":142,"column":null}},"line":122},"7":{"name":"getValidationSchema","decl":{"start":{"line":158,"column":16},"end":{"line":158,"column":null}},"loc":{"start":{"line":160,"column":31},"end":{"line":169,"column":null}},"line":160},"8":{"name":"validateBatch","decl":{"start":{"line":189,"column":16},"end":{"line":189,"column":null}},"loc":{"start":{"line":194,"column":2},"end":{"line":203,"column":null}},"line":194},"9":{"name":"(anonymous_9)","decl":{"start":{"line":195,"column":19},"end":{"line":195,"column":20}},"loc":{"start":{"line":195,"column":43},"end":{"line":202,"column":3}},"line":195},"10":{"name":"isValid","decl":{"start":{"line":219,"column":16},"end":{"line":219,"column":null}},"loc":{"start":{"line":222,"column":11},"end":{"line":225,"column":null}},"line":222}},"branchMap":{"0":{"loc":{"start":{"line":29,"column":19},"end":{"line":29,"column":null}},"type":"cond-expr","locations":[{"start":{"line":29,"column":43},"end":{"line":29,"column":66}},{"start":{"line":29,"column":66},"end":{"line":29,"column":null}}],"line":29},"1":{"loc":{"start":{"line":48,"column":34},"end":{"line":48,"column":66}},"type":"binary-expr","locations":[{"start":{"line":48,"column":34},"end":{"line":48,"column":58}},{"start":{"line":48,"column":58},"end":{"line":48,"column":66}}],"line":48},"2":{"loc":{"start":{"line":76,"column":2},"end":{"line":81,"column":null}},"type":"if","locations":[{"start":{"line":76,"column":2},"end":{"line":81,"column":null}},{"start":{},"end":{}}],"line":76},"3":{"loc":{"start":{"line":90,"column":4},"end":{"line":92,"column":null}},"type":"if","locations":[{"start":{"line":90,"column":4},"end":{"line":92,"column":null}},{"start":{},"end":{}}],"line":90},"4":{"loc":{"start":{"line":127,"column":4},"end":{"line":129,"column":null}},"type":"if","locations":[{"start":{"line":127,"column":4},"end":{"line":129,"column":null}},{"start":{},"end":{}}],"line":127},"5":{"loc":{"start":{"line":136,"column":17},"end":{"line":136,"column":null}},"type":"cond-expr","locations":[{"start":{"line":136,"column":42},"end":{"line":136,"column":58}},{"start":{"line":136,"column":58},"end":{"line":136,"column":null}}],"line":136},"6":{"loc":{"start":{"line":161,"column":2},"end":{"line":166,"column":null}},"type":"if","locations":[{"start":{"line":161,"column":2},"end":{"line":166,"column":null}},{"start":{},"end":{}}],"line":161},"7":{"loc":{"start":{"line":197,"column":4},"end":{"line":201,"column":null}},"type":"if","locations":[{"start":{"line":197,"column":4},"end":{"line":201,"column":null}},{"start":{"line":199,"column":11},"end":{"line":201,"column":null}}],"line":197}},"s":{"0":30,"1":30,"2":30,"3":30,"4":30,"5":30,"6":31,"7":31,"8":30,"9":1,"10":1,"11":1,"12":1,"13":1,"14":1,"15":1,"16":1,"17":2,"18":1,"19":89,"20":0,"21":89,"22":89,"23":89,"24":30,"25":30,"26":0,"27":8,"28":8,"29":8,"30":3,"31":3,"32":0,"33":3,"34":2,"35":1,"36":1,"37":2,"38":4,"39":4,"40":3,"41":1,"42":2,"43":2},"f":{"0":30,"1":1,"2":31,"3":1,"4":2,"5":89,"6":8,"7":2,"8":2,"9":4,"10":2},"b":{"0":[29,2],"1":[2,0],"2":[0,89],"3":[30,0],"4":[3,0],"5":[0,0],"6":[1,1],"7":[3,1]},"meta":{"lastBranch":8,"lastFunction":11,"lastStatement":44,"seen":{"f:15:2:15:Infinity":0,"s:20:4:20:Infinity":0,"s:16:20:16:Infinity":1,"s:17:20:17:Infinity":2,"s:18:20:18:Infinity":3,"s:21:4:21:Infinity":4,"f:27:17:27:36":1,"s:28:19:31:Infinity":5,"f:28:36:28:45":2,"s:29:19:29:Infinity":6,"b:29:43:29:66:29:66:29:Infinity":0,"s:30:6:30:Infinity":7,"s:33:4:33:Infinity":8,"f:39:2:39:30":3,"s:40:17:40:Infinity":9,"s:41:4:41:Infinity":10,"s:42:4:42:Infinity":11,"s:43:4:43:Infinity":12,"s:44:4:44:Infinity":13,"s:45:4:45:Infinity":14,"s:46:4:46:Infinity":15,"s:47:4:49:Infinity":16,"f:47:39:47:40":4,"s:48:6:48:Infinity":17,"b:48:34:48:58:48:58:48:66":1,"s:50:4:50:Infinity":18,"f:71:16:71:Infinity":5,"b:76:2:81:Infinity:undefined:undefined:undefined:undefined":2,"s:76:2:81:Infinity":19,"s:77:4:80:Infinity":20,"s:84:17:84:Infinity":21,"s:86:2:95:Infinity":22,"s:88:4:88:Infinity":23,"b:90:4:92:Infinity:undefined:undefined:undefined:undefined":3,"s:90:4:92:Infinity":24,"s:91:6:91:Infinity":25,"s:94:4:94:Infinity":26,"f:117:16:117:Infinity":6,"s:123:2:141:Infinity":27,"s:124:17:124:Infinity":28,"s:125:4:125:Infinity":29,"b:127:4:129:Infinity:undefined:undefined:undefined:undefined":4,"s:127:4:129:Infinity":30,"s:128:6:128:Infinity":31,"s:131:28:139:Infinity":32,"b:136:42:136:58:136:58:136:Infinity":5,"s:140:4:140:Infinity":33,"f:158:16:158:Infinity":7,"b:161:2:166:Infinity:undefined:undefined:undefined:undefined":6,"s:161:2:166:Infinity":34,"s:162:4:165:Infinity":35,"s:168:2:168:Infinity":36,"f:189:16:189:Infinity":8,"s:195:2:202:Infinity":37,"f:195:19:195:20":9,"s:196:19:196:Infinity":38,"b:197:4:201:Infinity:199:11:201:Infinity":7,"s:197:4:201:Infinity":39,"s:198:6:198:Infinity":40,"s:200:6:200:Infinity":41,"f:219:16:219:Infinity":10,"s:223:17:223:Infinity":42,"s:224:2:224:Infinity":43}}}
,"/Users/jsedwick/Documents/Obsidian/Claude/Claude/obsidian-mcp-server/src/validation/schemas.ts": {"path":"/Users/jsedwick/Documents/Obsidian/Claude/Claude/obsidian-mcp-server/src/validation/schemas.ts","statementMap":{"0":{"start":{"line":23,"column":26},"end":{"line":25,"column":null}},"1":{"start":{"line":24,"column":19},"end":{"line":24,"column":null}},"2":{"start":{"line":28,"column":31},"end":{"line":30,"column":null}},"3":{"start":{"line":29,"column":19},"end":{"line":29,"column":null}},"4":{"start":{"line":33,"column":27},"end":{"line":35,"column":null}},"5":{"start":{"line":34,"column":19},"end":{"line":34,"column":null}},"6":{"start":{"line":38,"column":24},"end":{"line":41,"column":null}},"7":{"start":{"line":44,"column":23},"end":{"line":44,"column":null}},"8":{"start":{"line":47,"column":23},"end":{"line":47,"column":null}},"9":{"start":{"line":50,"column":21},"end":{"line":53,"column":null}},"10":{"start":{"line":51,"column":12},"end":{"line":51,"column":null}},"11":{"start":{"line":56,"column":19},"end":{"line":58,"column":null}},"12":{"start":{"line":65,"column":41},"end":{"line":68,"column":null}},"13":{"start":{"line":71,"column":43},"end":{"line":73,"column":null}},"14":{"start":{"line":76,"column":44},"end":{"line":80,"column":null}},"15":{"start":{"line":83,"column":38},"end":{"line":87,"column":null}},"16":{"start":{"line":90,"column":51},"end":{"line":90,"column":null}},"17":{"start":{"line":97,"column":37},"end":{"line":104,"column":null}},"18":{"start":{"line":107,"column":40},"end":{"line":112,"column":null}},"19":{"start":{"line":115,"column":37},"end":{"line":117,"column":null}},"20":{"start":{"line":120,"column":42},"end":{"line":122,"column":null}},"21":{"start":{"line":129,"column":41},"end":{"line":136,"column":null}},"22":{"start":{"line":139,"column":41},"end":{"line":143,"column":null}},"23":{"start":{"line":146,"column":38},"end":{"line":149,"column":null}},"24":{"start":{"line":152,"column":45},"end":{"line":156,"column":null}},"25":{"start":{"line":163,"column":41},"end":{"line":166,"column":null}},"26":{"start":{"line":169,"column":37},"end":{"line":172,"column":null}},"27":{"start":{"line":175,"column":44},"end":{"line":179,"column":null}},"28":{"start":{"line":186,"column":43},"end":{"line":188,"column":null}},"29":{"start":{"line":191,"column":38},"end":{"line":194,"column":null}},"30":{"start":{"line":197,"column":49},"end":{"line":199,"column":null}},"31":{"start":{"line":202,"column":44},"end":{"line":206,"column":null}},"32":{"start":{"line":209,"column":47},"end":{"line":212,"column":null}},"33":{"start":{"line":215,"column":45},"end":{"line":219,"column":null}},"34":{"start":{"line":226,"column":40},"end":{"line":232,"column":null}},"35":{"start":{"line":235,"column":53},"end":{"line":238,"column":null}},"36":{"start":{"line":245,"column":40},"end":{"line":247,"column":null}},"37":{"start":{"line":254,"column":41},"end":{"line":256,"column":null}},"38":{"start":{"line":262,"column":33},"end":{"line":304,"column":null}},"39":{"start":{"line":314,"column":26},"end":{"line":314,"column":null}}},"fnMap":{"0":{"name":"(anonymous_0)","decl":{"start":{"line":24,"column":12},"end":{"line":24,"column":19}},"loc":{"start":{"line":24,"column":19},"end":{"line":24,"column":null}},"line":24},"1":{"name":"(anonymous_1)","decl":{"start":{"line":29,"column":12},"end":{"line":29,"column":19}},"loc":{"start":{"line":29,"column":19},"end":{"line":29,"column":null}},"line":29},"2":{"name":"(anonymous_2)","decl":{"start":{"line":34,"column":12},"end":{"line":34,"column":19}},"loc":{"start":{"line":34,"column":19},"end":{"line":34,"column":null}},"line":34},"3":{"name":"(anonymous_3)","decl":{"start":{"line":51,"column":2},"end":{"line":51,"column":3}},"loc":{"start":{"line":51,"column":12},"end":{"line":51,"column":null}},"line":51}},"branchMap":{"0":{"loc":{"start":{"line":51,"column":12},"end":{"line":51,"column":null}},"type":"binary-expr","locations":[{"start":{"line":51,"column":12},"end":{"line":51,"column":36}},{"start":{"line":51,"column":36},"end":{"line":51,"column":null}}],"line":51}},"s":{"0":1,"1":1,"2":1,"3":3,"4":1,"5":1,"6":1,"7":1,"8":1,"9":1,"10":16,"11":1,"12":1,"13":1,"14":1,"15":1,"16":1,"17":1,"18":1,"19":1,"20":1,"21":1,"22":1,"23":1,"24":1,"25":1,"26":1,"27":1,"28":1,"29":1,"30":1,"31":1,"32":1,"33":1,"34":1,"35":1,"36":1,"37":1,"38":1,"39":1},"f":{"0":1,"1":3,"2":1,"3":16},"b":{"0":[16,3]},"meta":{"lastBranch":1,"lastFunction":4,"lastStatement":40,"seen":{"s:23:26:25:Infinity":0,"f:24:12:24:19":0,"s:24:19:24:Infinity":1,"s:28:31:30:Infinity":2,"f:29:12:29:19":1,"s:29:19:29:Infinity":3,"s:33:27:35:Infinity":4,"f:34:12:34:19":2,"s:34:19:34:Infinity":5,"s:38:24:41:Infinity":6,"s:44:23:44:Infinity":7,"s:47:23:47:Infinity":8,"s:50:21:53:Infinity":9,"f:51:2:51:3":3,"s:51:12:51:Infinity":10,"b:51:12:51:36:51:36:51:Infinity":0,"s:56:19:58:Infinity":11,"s:65:41:68:Infinity":12,"s:71:43:73:Infinity":13,"s:76:44:80:Infinity":14,"s:83:38:87:Infinity":15,"s:90:51:90:Infinity":16,"s:97:37:104:Infinity":17,"s:107:40:112:Infinity":18,"s:115:37:117:Infinity":19,"s:120:42:122:Infinity":20,"s:129:41:136:Infinity":21,"s:139:41:143:Infinity":22,"s:146:38:149:Infinity":23,"s:152:45:156:Infinity":24,"s:163:41:166:Infinity":25,"s:169:37:172:Infinity":26,"s:175:44:179:Infinity":27,"s:186:43:188:Infinity":28,"s:191:38:194:Infinity":29,"s:197:49:199:Infinity":30,"s:202:44:206:Infinity":31,"s:209:47:212:Infinity":32,"s:215:45:219:Infinity":33,"s:226:40:232:Infinity":34,"s:235:53:238:Infinity":35,"s:245:40:247:Infinity":36,"s:254:41:256:Infinity":37,"s:262:33:304:Infinity":38,"s:314:26:314:Infinity":39}}}
}
